/home/planck/anaconda3/envs/bikash/lib/python3.10/site-packages/gradio/components.py:4425: UserWarning: The 'grid' parameter will be deprecated. Please use 'columns' instead.
  warnings.warn(
/home/planck/anaconda3/envs/bikash/lib/python3.10/site-packages/gradio/deprecation.py:43: UserWarning: You have unused kwarg parameters in Number, please remove them: {'minimum': 0, 'maximum': 1000000, 'step': 1}
  warnings.warn(
You have disabled the safety checker for <class 'diffusers.pipelines.stable_diffusion.pipeline_stable_diffusion_img2img.StableDiffusionImg2ImgPipeline'> by passing `safety_checker=None`. Ensure that you abide to the conditions of the Stable Diffusion license and do not expose unfiltered results in services or applications open to the public. Both the diffusers team and Hugging Face strongly recommend to keep the safety filter enabled in all public facing circumstances, disabling it only for use-cases that involve analyzing network behavior or auditing its results. For more information, please have a look at https://github.com/huggingface/diffusers/pull/254 .
Running on local URL:  http://0.0.0.0:8001

To create a public link, set `share=True` in `launch()`.
  0%|          | 0/80 [00:00<?, ?it/s]  1%|▏         | 1/80 [00:00<00:09,  8.62it/s]  5%|▌         | 4/80 [00:00<00:03, 19.55it/s]  9%|▉         | 7/80 [00:00<00:03, 23.33it/s] 12%|█▎        | 10/80 [00:00<00:02, 25.71it/s] 16%|█▋        | 13/80 [00:00<00:02, 27.13it/s] 20%|██        | 16/80 [00:00<00:02, 28.00it/s] 24%|██▍       | 19/80 [00:00<00:02, 28.58it/s] 28%|██▊       | 22/80 [00:00<00:02, 28.94it/s] 31%|███▏      | 25/80 [00:00<00:01, 29.18it/s] 35%|███▌      | 28/80 [00:01<00:01, 29.35it/s] 39%|███▉      | 31/80 [00:01<00:01, 29.48it/s] 42%|████▎     | 34/80 [00:01<00:01, 29.52it/s] 46%|████▋     | 37/80 [00:01<00:01, 29.56it/s] 50%|█████     | 40/80 [00:01<00:01, 29.58it/s] 54%|█████▍    | 43/80 [00:01<00:01, 29.59it/s] 57%|█████▊    | 46/80 [00:01<00:01, 29.61it/s] 61%|██████▏   | 49/80 [00:01<00:01, 29.67it/s] 65%|██████▌   | 52/80 [00:01<00:00, 29.67it/s] 69%|██████▉   | 55/80 [00:01<00:00, 29.66it/s] 72%|███████▎  | 58/80 [00:02<00:00, 29.65it/s] 76%|███████▋  | 61/80 [00:02<00:00, 29.69it/s] 80%|████████  | 64/80 [00:02<00:00, 29.69it/s] 84%|████████▍ | 67/80 [00:02<00:00, 29.69it/s] 88%|████████▊ | 70/80 [00:02<00:00, 29.69it/s] 91%|█████████▏| 73/80 [00:02<00:00, 29.67it/s] 95%|█████████▌| 76/80 [00:02<00:00, 29.67it/s] 99%|█████████▉| 79/80 [00:02<00:00, 29.66it/s]100%|██████████| 80/80 [00:02<00:00, 28.67it/s]
  0%|          | 0/80 [00:00<?, ?it/s]  1%|▏         | 1/80 [00:00<00:09,  8.76it/s]  5%|▌         | 4/80 [00:00<00:04, 18.24it/s]  9%|▉         | 7/80 [00:00<00:03, 21.35it/s] 12%|█▎        | 10/80 [00:00<00:03, 23.27it/s] 16%|█▋        | 13/80 [00:00<00:02, 24.39it/s] 20%|██        | 16/80 [00:00<00:02, 25.01it/s] 24%|██▍       | 19/80 [00:00<00:02, 25.42it/s] 28%|██▊       | 22/80 [00:00<00:02, 25.70it/s] 31%|███▏      | 25/80 [00:01<00:02, 25.86it/s] 35%|███▌      | 28/80 [00:01<00:02, 25.99it/s] 39%|███▉      | 31/80 [00:01<00:01, 26.04it/s] 42%|████▎     | 34/80 [00:01<00:01, 26.10it/s] 46%|████▋     | 37/80 [00:01<00:01, 26.13it/s] 50%|█████     | 40/80 [00:01<00:01, 26.12it/s] 54%|█████▍    | 43/80 [00:01<00:01, 26.14it/s] 57%|█████▊    | 46/80 [00:01<00:01, 26.15it/s] 61%|██████▏   | 49/80 [00:01<00:01, 26.17it/s] 65%|██████▌   | 52/80 [00:02<00:01, 26.18it/s] 69%|██████▉   | 55/80 [00:02<00:00, 26.18it/s] 72%|███████▎  | 58/80 [00:02<00:00, 26.19it/s] 76%|███████▋  | 61/80 [00:02<00:00, 26.18it/s] 80%|████████  | 64/80 [00:02<00:00, 26.16it/s] 84%|████████▍ | 67/80 [00:02<00:00, 26.18it/s] 88%|████████▊ | 70/80 [00:02<00:00, 26.16it/s] 91%|█████████▏| 73/80 [00:02<00:00, 26.17it/s] 95%|█████████▌| 76/80 [00:02<00:00, 26.16it/s] 99%|█████████▉| 79/80 [00:03<00:00, 25.91it/s]100%|██████████| 80/80 [00:03<00:00, 25.43it/s]
  0%|          | 0/80 [00:00<?, ?it/s]  4%|▍         | 3/80 [00:00<00:03, 23.86it/s]  8%|▊         | 6/80 [00:00<00:03, 24.46it/s] 11%|█▏        | 9/80 [00:00<00:02, 25.14it/s] 15%|█▌        | 12/80 [00:00<00:02, 25.58it/s] 19%|█▉        | 15/80 [00:00<00:02, 25.82it/s] 22%|██▎       | 18/80 [00:00<00:02, 25.96it/s] 26%|██▋       | 21/80 [00:00<00:02, 26.06it/s] 30%|███       | 24/80 [00:00<00:02, 26.13it/s] 34%|███▍      | 27/80 [00:01<00:02, 26.18it/s] 38%|███▊      | 30/80 [00:01<00:01, 26.13it/s] 41%|████▏     | 33/80 [00:01<00:01, 26.11it/s] 45%|████▌     | 36/80 [00:01<00:01, 26.10it/s] 49%|████▉     | 39/80 [00:01<00:01, 26.13it/s] 52%|█████▎    | 42/80 [00:01<00:01, 26.14it/s] 56%|█████▋    | 45/80 [00:01<00:01, 26.17it/s] 60%|██████    | 48/80 [00:01<00:01, 26.18it/s] 64%|██████▍   | 51/80 [00:01<00:01, 26.18it/s] 68%|██████▊   | 54/80 [00:02<00:00, 26.18it/s] 71%|███████▏  | 57/80 [00:02<00:00, 26.18it/s] 75%|███████▌  | 60/80 [00:02<00:00, 26.16it/s] 79%|███████▉  | 63/80 [00:02<00:00, 26.14it/s] 82%|████████▎ | 66/80 [00:02<00:00, 26.15it/s] 86%|████████▋ | 69/80 [00:02<00:00, 26.18it/s] 90%|█████████ | 72/80 [00:02<00:00, 26.18it/s] 94%|█████████▍| 75/80 [00:02<00:00, 26.18it/s] 98%|█████████▊| 78/80 [00:02<00:00, 26.16it/s]100%|██████████| 80/80 [00:03<00:00, 26.03it/s]
  0%|          | 0/80 [00:00<?, ?it/s]  4%|▍         | 3/80 [00:00<00:03, 24.34it/s]  8%|▊         | 6/80 [00:00<00:02, 24.96it/s] 11%|█▏        | 9/80 [00:00<00:02, 25.51it/s] 15%|█▌        | 12/80 [00:00<00:02, 25.79it/s] 19%|█▉        | 15/80 [00:00<00:02, 25.96it/s] 22%|██▎       | 18/80 [00:00<00:02, 26.07it/s] 26%|██▋       | 21/80 [00:00<00:02, 26.12it/s] 30%|███       | 24/80 [00:00<00:02, 26.16it/s] 34%|███▍      | 27/80 [00:01<00:02, 26.18it/s] 38%|███▊      | 30/80 [00:01<00:01, 26.07it/s] 41%|████▏     | 33/80 [00:01<00:01, 26.06it/s] 45%|████▌     | 36/80 [00:01<00:01, 26.08it/s] 49%|████▉     | 39/80 [00:01<00:01, 26.12it/s] 52%|█████▎    | 42/80 [00:01<00:01, 26.12it/s] 56%|█████▋    | 45/80 [00:01<00:01, 26.14it/s] 60%|██████    | 48/80 [00:01<00:01, 26.15it/s] 64%|██████▍   | 51/80 [00:01<00:01, 26.16it/s] 68%|██████▊   | 54/80 [00:02<00:00, 26.16it/s] 71%|███████▏  | 57/80 [00:02<00:00, 26.15it/s] 75%|███████▌  | 60/80 [00:02<00:00, 26.14it/s] 79%|███████▉  | 63/80 [00:02<00:00, 26.12it/s] 82%|████████▎ | 66/80 [00:02<00:00, 26.14it/s] 86%|████████▋ | 69/80 [00:02<00:00, 26.15it/s] 90%|█████████ | 72/80 [00:02<00:00, 26.15it/s] 94%|█████████▍| 75/80 [00:02<00:00, 26.14it/s] 98%|█████████▊| 78/80 [00:02<00:00, 26.13it/s]100%|██████████| 80/80 [00:03<00:00, 26.05it/s]
  0%|          | 0/80 [00:00<?, ?it/s]  4%|▍         | 3/80 [00:00<00:03, 24.72it/s]  8%|▊         | 6/80 [00:00<00:02, 25.60it/s] 11%|█▏        | 9/80 [00:00<00:02, 25.86it/s] 15%|█▌        | 12/80 [00:00<00:02, 25.98it/s] 19%|█▉        | 15/80 [00:00<00:02, 26.05it/s] 22%|██▎       | 18/80 [00:00<00:02, 26.08it/s] 26%|██▋       | 21/80 [00:00<00:02, 26.10it/s] 30%|███       | 24/80 [00:00<00:02, 26.12it/s] 34%|███▍      | 27/80 [00:01<00:02, 26.09it/s] 38%|███▊      | 30/80 [00:01<00:01, 26.07it/s] 41%|████▏     | 33/80 [00:01<00:01, 26.07it/s] 45%|████▌     | 36/80 [00:01<00:01, 26.05it/s] 49%|████▉     | 39/80 [00:01<00:01, 25.87it/s] 52%|█████▎    | 42/80 [00:01<00:01, 25.92it/s] 56%|█████▋    | 45/80 [00:01<00:01, 25.95it/s] 60%|██████    | 48/80 [00:01<00:01, 25.98it/s] 64%|██████▍   | 51/80 [00:01<00:01, 26.01it/s] 68%|██████▊   | 54/80 [00:02<00:01, 25.99it/s] 71%|███████▏  | 57/80 [00:02<00:00, 25.99it/s] 75%|███████▌  | 60/80 [00:02<00:00, 25.99it/s] 79%|███████▉  | 63/80 [00:02<00:00, 26.02it/s] 82%|████████▎ | 66/80 [00:02<00:00, 26.02it/s] 86%|████████▋ | 69/80 [00:02<00:00, 26.02it/s] 90%|█████████ | 72/80 [00:02<00:00, 26.01it/s] 94%|█████████▍| 75/80 [00:02<00:00, 26.03it/s] 98%|█████████▊| 78/80 [00:03<00:00, 26.03it/s]100%|██████████| 80/80 [00:03<00:00, 25.99it/s]
  0%|          | 0/80 [00:00<?, ?it/s]  4%|▍         | 3/80 [00:00<00:03, 24.54it/s]  8%|▊         | 6/80 [00:00<00:02, 25.49it/s] 11%|█▏        | 9/80 [00:00<00:02, 25.77it/s] 15%|█▌        | 12/80 [00:00<00:02, 25.89it/s] 19%|█▉        | 15/80 [00:00<00:02, 25.99it/s] 22%|██▎       | 18/80 [00:00<00:02, 26.04it/s] 26%|██▋       | 21/80 [00:00<00:02, 26.08it/s] 30%|███       | 24/80 [00:00<00:02, 26.09it/s] 34%|███▍      | 27/80 [00:01<00:02, 26.08it/s] 38%|███▊      | 30/80 [00:01<00:01, 26.06it/s] 41%|████▏     | 33/80 [00:01<00:01, 26.05it/s] 45%|████▌     | 36/80 [00:01<00:01, 26.03it/s] 49%|████▉     | 39/80 [00:01<00:01, 26.05it/s] 52%|█████▎    | 42/80 [00:01<00:01, 26.05it/s] 56%|█████▋    | 45/80 [00:01<00:01, 26.06it/s] 60%|██████    | 48/80 [00:01<00:01, 26.07it/s] 64%|██████▍   | 51/80 [00:01<00:01, 26.08it/s] 68%|██████▊   | 54/80 [00:02<00:00, 26.07it/s] 71%|███████▏  | 57/80 [00:02<00:00, 26.06it/s] 75%|███████▌  | 60/80 [00:02<00:00, 26.03it/s] 79%|███████▉  | 63/80 [00:02<00:00, 26.05it/s] 82%|████████▎ | 66/80 [00:02<00:00, 26.04it/s] 86%|████████▋ | 69/80 [00:02<00:00, 26.04it/s] 90%|█████████ | 72/80 [00:02<00:00, 26.05it/s] 94%|█████████▍| 75/80 [00:02<00:00, 26.06it/s] 98%|█████████▊| 78/80 [00:02<00:00, 26.06it/s]100%|██████████| 80/80 [00:03<00:00, 26.01it/s]
  0%|          | 0/80 [00:00<?, ?it/s]  4%|▍         | 3/80 [00:00<00:03, 24.28it/s]  8%|▊         | 6/80 [00:00<00:02, 24.76it/s] 11%|█▏        | 9/80 [00:00<00:02, 25.38it/s] 15%|█▌        | 12/80 [00:00<00:02, 25.66it/s] 19%|█▉        | 15/80 [00:00<00:02, 25.81it/s] 22%|██▎       | 18/80 [00:00<00:02, 25.90it/s] 26%|██▋       | 21/80 [00:00<00:02, 25.93it/s] 30%|███       | 24/80 [00:00<00:02, 25.97it/s] 34%|███▍      | 27/80 [00:01<00:02, 25.99it/s] 38%|███▊      | 30/80 [00:01<00:01, 25.99it/s] 41%|████▏     | 33/80 [00:01<00:01, 26.01it/s] 45%|████▌     | 36/80 [00:01<00:01, 26.02it/s] 49%|████▉     | 39/80 [00:01<00:01, 26.02it/s] 52%|█████▎    | 42/80 [00:01<00:01, 26.02it/s] 56%|█████▋    | 45/80 [00:01<00:01, 26.01it/s] 60%|██████    | 48/80 [00:01<00:01, 26.00it/s] 64%|██████▍   | 51/80 [00:01<00:01, 25.99it/s] 68%|██████▊   | 54/80 [00:02<00:01, 25.99it/s] 71%|███████▏  | 57/80 [00:02<00:00, 25.99it/s] 75%|███████▌  | 60/80 [00:02<00:00, 25.99it/s] 79%|███████▉  | 63/80 [00:02<00:00, 25.99it/s] 82%|████████▎ | 66/80 [00:02<00:00, 25.98it/s] 86%|████████▋ | 69/80 [00:02<00:00, 25.98it/s] 90%|█████████ | 72/80 [00:02<00:00, 26.01it/s] 94%|█████████▍| 75/80 [00:02<00:00, 26.00it/s] 98%|█████████▊| 78/80 [00:03<00:00, 25.98it/s]100%|██████████| 80/80 [00:03<00:00, 25.91it/s]
  0%|          | 0/80 [00:00<?, ?it/s]  4%|▍         | 3/80 [00:00<00:02, 27.79it/s]  8%|▊         | 6/80 [00:00<00:02, 28.55it/s] 12%|█▎        | 10/80 [00:00<00:02, 29.29it/s] 16%|█▋        | 13/80 [00:00<00:02, 29.54it/s] 20%|██        | 16/80 [00:00<00:02, 29.69it/s] 24%|██▍       | 19/80 [00:00<00:02, 29.77it/s] 28%|██▊       | 22/80 [00:00<00:01, 29.79it/s] 31%|███▏      | 25/80 [00:00<00:01, 29.84it/s] 35%|███▌      | 28/80 [00:00<00:01, 29.88it/s] 39%|███▉      | 31/80 [00:01<00:01, 29.90it/s] 42%|████▎     | 34/80 [00:01<00:01, 29.88it/s] 46%|████▋     | 37/80 [00:01<00:01, 29.78it/s] 50%|█████     | 40/80 [00:01<00:01, 29.83it/s] 54%|█████▍    | 43/80 [00:01<00:01, 29.85it/s] 57%|█████▊    | 46/80 [00:01<00:01, 29.86it/s] 61%|██████▏   | 49/80 [00:01<00:01, 29.84it/s] 65%|██████▌   | 52/80 [00:01<00:00, 29.77it/s] 69%|██████▉   | 55/80 [00:01<00:00, 29.68it/s] 72%|███████▎  | 58/80 [00:01<00:00, 29.64it/s] 76%|███████▋  | 61/80 [00:02<00:00, 29.70it/s] 80%|████████  | 64/80 [00:02<00:00, 29.74it/s] 84%|████████▍ | 67/80 [00:02<00:00, 29.74it/s] 88%|████████▊ | 70/80 [00:02<00:00, 29.77it/s] 91%|█████████▏| 73/80 [00:02<00:00, 29.80it/s] 95%|█████████▌| 76/80 [00:02<00:00, 29.82it/s] 99%|█████████▉| 79/80 [00:02<00:00, 29.82it/s]100%|██████████| 80/80 [00:02<00:00, 29.72it/s]
  0%|          | 0/80 [00:00<?, ?it/s]  4%|▍         | 3/80 [00:00<00:02, 28.11it/s]  8%|▊         | 6/80 [00:00<00:02, 28.55it/s] 11%|█▏        | 9/80 [00:00<00:02, 28.92it/s] 15%|█▌        | 12/80 [00:00<00:02, 29.33it/s] 19%|█▉        | 15/80 [00:00<00:02, 29.55it/s] 22%|██▎       | 18/80 [00:00<00:02, 29.69it/s] 26%|██▋       | 21/80 [00:00<00:01, 29.73it/s] 30%|███       | 24/80 [00:00<00:01, 29.77it/s] 34%|███▍      | 27/80 [00:00<00:01, 29.80it/s] 38%|███▊      | 30/80 [00:01<00:01, 29.82it/s] 41%|████▏     | 33/80 [00:01<00:01, 29.84it/s] 45%|████▌     | 36/80 [00:01<00:01, 29.74it/s] 49%|████▉     | 39/80 [00:01<00:01, 29.72it/s] 52%|█████▎    | 42/80 [00:01<00:01, 29.76it/s] 56%|█████▋    | 45/80 [00:01<00:01, 29.79it/s] 60%|██████    | 48/80 [00:01<00:01, 29.81it/s] 64%|██████▍   | 51/80 [00:01<00:00, 29.83it/s] 68%|██████▊   | 54/80 [00:01<00:00, 29.84it/s] 71%|███████▏  | 57/80 [00:01<00:00, 29.84it/s] 75%|███████▌  | 60/80 [00:02<00:00, 29.83it/s] 79%|███████▉  | 63/80 [00:02<00:00, 29.79it/s] 82%|████████▎ | 66/80 [00:02<00:00, 29.74it/s] 86%|████████▋ | 69/80 [00:02<00:00, 29.72it/s] 90%|█████████ | 72/80 [00:02<00:00, 29.76it/s] 94%|█████████▍| 75/80 [00:02<00:00, 29.79it/s] 98%|█████████▊| 78/80 [00:02<00:00, 29.81it/s]100%|██████████| 80/80 [00:02<00:00, 29.70it/s]
  0%|          | 0/80 [00:00<?, ?it/s]  4%|▍         | 3/80 [00:00<00:02, 27.77it/s]  8%|▊         | 6/80 [00:00<00:02, 27.90it/s] 11%|█▏        | 9/80 [00:00<00:02, 28.69it/s] 15%|█▌        | 12/80 [00:00<00:02, 29.12it/s] 19%|█▉        | 15/80 [00:00<00:02, 29.37it/s] 22%|██▎       | 18/80 [00:00<00:02, 29.50it/s] 26%|██▋       | 21/80 [00:00<00:02, 29.18it/s] 30%|███       | 24/80 [00:00<00:01, 29.36it/s] 34%|███▍      | 27/80 [00:00<00:01, 29.50it/s] 38%|███▊      | 30/80 [00:01<00:01, 29.59it/s] 41%|████▏     | 33/80 [00:01<00:01, 29.65it/s] 45%|████▌     | 36/80 [00:01<00:01, 29.70it/s] 49%|████▉     | 39/80 [00:01<00:01, 29.70it/s] 52%|█████▎    | 42/80 [00:01<00:01, 29.72it/s] 56%|█████▋    | 45/80 [00:01<00:01, 29.72it/s] 60%|██████    | 48/80 [00:01<00:01, 29.72it/s] 64%|██████▍   | 51/80 [00:01<00:00, 29.73it/s] 68%|██████▊   | 54/80 [00:01<00:00, 29.74it/s] 71%|███████▏  | 57/80 [00:01<00:00, 29.76it/s] 75%|███████▌  | 60/80 [00:02<00:00, 29.78it/s] 79%|███████▉  | 63/80 [00:02<00:00, 29.78it/s] 82%|████████▎ | 66/80 [00:02<00:00, 29.75it/s] 86%|████████▋ | 69/80 [00:02<00:00, 29.75it/s] 90%|█████████ | 72/80 [00:02<00:00, 29.75it/s] 94%|█████████▍| 75/80 [00:02<00:00, 29.74it/s] 98%|█████████▊| 78/80 [00:02<00:00, 29.76it/s]100%|██████████| 80/80 [00:02<00:00, 29.57it/s]
  0%|          | 0/80 [00:00<?, ?it/s]  4%|▍         | 3/80 [00:00<00:02, 27.94it/s]  8%|▊         | 6/80 [00:00<00:02, 29.04it/s] 11%|█▏        | 9/80 [00:00<00:02, 29.44it/s] 15%|█▌        | 12/80 [00:00<00:02, 29.64it/s] 19%|█▉        | 15/80 [00:00<00:02, 29.76it/s] 22%|██▎       | 18/80 [00:00<00:02, 29.82it/s] 26%|██▋       | 21/80 [00:00<00:01, 29.87it/s] 30%|███       | 24/80 [00:00<00:01, 29.90it/s] 34%|███▍      | 27/80 [00:00<00:01, 29.87it/s] 38%|███▊      | 30/80 [00:01<00:01, 29.84it/s] 41%|████▏     | 33/80 [00:01<00:01, 29.77it/s] 45%|████▌     | 36/80 [00:01<00:01, 29.75it/s] 49%|████▉     | 39/80 [00:01<00:01, 29.77it/s] 52%|█████▎    | 42/80 [00:01<00:01, 29.80it/s] 56%|█████▋    | 45/80 [00:01<00:01, 29.80it/s] 60%|██████    | 48/80 [00:01<00:01, 29.81it/s] 64%|██████▍   | 51/80 [00:01<00:00, 29.84it/s] 68%|██████▊   | 54/80 [00:01<00:00, 29.84it/s] 71%|███████▏  | 57/80 [00:01<00:00, 29.84it/s] 75%|███████▌  | 60/80 [00:02<00:00, 29.81it/s] 79%|███████▉  | 63/80 [00:02<00:00, 29.77it/s] 82%|████████▎ | 66/80 [00:02<00:00, 29.77it/s] 86%|████████▋ | 69/80 [00:02<00:00, 29.78it/s] 90%|█████████ | 72/80 [00:02<00:00, 29.80it/s] 94%|█████████▍| 75/80 [00:02<00:00, 29.81it/s] 98%|█████████▊| 78/80 [00:02<00:00, 29.81it/s]100%|██████████| 80/80 [00:02<00:00, 29.76it/s]
  0%|          | 0/80 [00:00<?, ?it/s]  4%|▍         | 3/80 [00:00<00:02, 27.86it/s]  8%|▊         | 6/80 [00:00<00:02, 28.48it/s] 11%|█▏        | 9/80 [00:00<00:02, 29.13it/s] 15%|█▌        | 12/80 [00:00<00:02, 29.45it/s] 19%|█▉        | 15/80 [00:00<00:02, 29.63it/s] 22%|██▎       | 18/80 [00:00<00:02, 29.70it/s] 26%|██▋       | 21/80 [00:00<00:01, 29.74it/s] 30%|███       | 24/80 [00:00<00:01, 29.79it/s] 34%|███▍      | 27/80 [00:00<00:01, 29.82it/s] 38%|███▊      | 30/80 [00:01<00:01, 29.84it/s] 41%|████▏     | 33/80 [00:01<00:01, 29.77it/s] 45%|████▌     | 36/80 [00:01<00:01, 29.74it/s] 49%|████▉     | 39/80 [00:01<00:01, 29.77it/s] 52%|█████▎    | 42/80 [00:01<00:01, 29.80it/s] 56%|█████▋    | 45/80 [00:01<00:01, 29.81it/s] 60%|██████    | 48/80 [00:01<00:01, 29.78it/s] 64%|██████▍   | 51/80 [00:01<00:00, 29.80it/s] 68%|██████▊   | 54/80 [00:01<00:00, 29.81it/s] 71%|███████▏  | 57/80 [00:01<00:00, 29.81it/s] 75%|███████▌  | 60/80 [00:02<00:00, 29.81it/s] 79%|███████▉  | 63/80 [00:02<00:00, 29.79it/s] 82%|████████▎ | 66/80 [00:02<00:00, 29.80it/s] 86%|████████▋ | 69/80 [00:02<00:00, 29.83it/s] 90%|█████████ | 72/80 [00:02<00:00, 29.84it/s] 94%|█████████▍| 75/80 [00:02<00:00, 29.82it/s] 98%|█████████▊| 78/80 [00:02<00:00, 29.78it/s]100%|██████████| 80/80 [00:02<00:00, 29.71it/s]
  0%|          | 0/80 [00:00<?, ?it/s]  4%|▍         | 3/80 [00:00<00:02, 27.88it/s]  8%|▊         | 6/80 [00:00<00:02, 28.04it/s] 11%|█▏        | 9/80 [00:00<00:02, 28.78it/s] 15%|█▌        | 12/80 [00:00<00:02, 29.20it/s] 19%|█▉        | 15/80 [00:00<00:02, 29.42it/s] 22%|██▎       | 18/80 [00:00<00:02, 29.55it/s] 26%|██▋       | 21/80 [00:00<00:01, 29.67it/s] 30%|███       | 24/80 [00:00<00:01, 29.72it/s] 34%|███▍      | 27/80 [00:00<00:01, 29.76it/s] 38%|███▊      | 30/80 [00:01<00:01, 29.79it/s] 41%|████▏     | 33/80 [00:01<00:01, 29.77it/s] 45%|████▌     | 36/80 [00:01<00:01, 29.74it/s] 49%|████▉     | 39/80 [00:01<00:01, 29.74it/s] 52%|█████▎    | 42/80 [00:01<00:01, 29.78it/s] 56%|█████▋    | 45/80 [00:01<00:01, 29.75it/s] 60%|██████    | 48/80 [00:01<00:01, 29.77it/s] 64%|██████▍   | 51/80 [00:01<00:00, 29.80it/s] 68%|██████▊   | 54/80 [00:01<00:00, 29.79it/s] 71%|███████▏  | 57/80 [00:01<00:00, 29.78it/s] 75%|███████▌  | 60/80 [00:02<00:00, 29.80it/s] 79%|███████▉  | 63/80 [00:02<00:00, 29.78it/s] 82%|████████▎ | 66/80 [00:02<00:00, 29.78it/s] 86%|████████▋ | 69/80 [00:02<00:00, 29.79it/s] 90%|█████████ | 72/80 [00:02<00:00, 29.76it/s] 94%|█████████▍| 75/80 [00:02<00:00, 29.75it/s] 98%|█████████▊| 78/80 [00:02<00:00, 29.74it/s]100%|██████████| 80/80 [00:02<00:00, 29.65it/s]
You have disabled the safety checker for <class 'diffusers.pipelines.stable_diffusion.pipeline_stable_diffusion.StableDiffusionPipeline'> by passing `safety_checker=None`. Ensure that you abide to the conditions of the Stable Diffusion license and do not expose unfiltered results in services or applications open to the public. Both the diffusers team and Hugging Face strongly recommend to keep the safety filter enabled in all public facing circumstances, disabling it only for use-cases that involve analyzing network behavior or auditing its results. For more information, please have a look at https://github.com/huggingface/diffusers/pull/254 .
  0%|          | 0/50 [00:00<?, ?it/s]  2%|▏         | 1/50 [00:00<00:05,  8.57it/s]  6%|▌         | 3/50 [00:00<00:03, 14.61it/s] 10%|█         | 5/50 [00:00<00:02, 16.76it/s] 16%|█▌        | 8/50 [00:00<00:02, 18.68it/s] 22%|██▏       | 11/50 [00:00<00:01, 19.59it/s] 28%|██▊       | 14/50 [00:00<00:01, 20.09it/s] 34%|███▍      | 17/50 [00:00<00:01, 20.38it/s] 40%|████      | 20/50 [00:01<00:01, 20.56it/s] 46%|████▌     | 23/50 [00:01<00:01, 20.67it/s] 52%|█████▏    | 26/50 [00:01<00:01, 20.64it/s] 58%|█████▊    | 29/50 [00:01<00:01, 20.69it/s] 64%|██████▍   | 32/50 [00:01<00:00, 20.73it/s] 70%|███████   | 35/50 [00:01<00:00, 20.77it/s] 76%|███████▌  | 38/50 [00:01<00:00, 20.81it/s] 82%|████████▏ | 41/50 [00:02<00:00, 20.84it/s] 88%|████████▊ | 44/50 [00:02<00:00, 20.83it/s] 94%|█████████▍| 47/50 [00:02<00:00, 20.76it/s]100%|██████████| 50/50 [00:02<00:00, 20.78it/s]100%|██████████| 50/50 [00:02<00:00, 20.14it/s]
  0%|          | 0/50 [00:00<?, ?it/s]  4%|▍         | 2/50 [00:00<00:02, 19.43it/s]  8%|▊         | 4/50 [00:00<00:02, 19.45it/s] 12%|█▏        | 6/50 [00:00<00:02, 19.68it/s] 18%|█▊        | 9/50 [00:00<00:02, 20.30it/s] 24%|██▍       | 12/50 [00:00<00:01, 20.56it/s] 30%|███       | 15/50 [00:00<00:01, 20.69it/s] 36%|███▌      | 18/50 [00:00<00:01, 20.74it/s] 42%|████▏     | 21/50 [00:01<00:01, 20.79it/s] 48%|████▊     | 24/50 [00:01<00:01, 20.74it/s] 54%|█████▍    | 27/50 [00:01<00:01, 20.71it/s] 60%|██████    | 30/50 [00:01<00:00, 20.73it/s] 66%|██████▌   | 33/50 [00:01<00:00, 20.76it/s] 72%|███████▏  | 36/50 [00:01<00:00, 20.77it/s] 78%|███████▊  | 39/50 [00:01<00:00, 20.79it/s] 84%|████████▍ | 42/50 [00:02<00:00, 20.80it/s] 90%|█████████ | 45/50 [00:02<00:00, 20.75it/s] 96%|█████████▌| 48/50 [00:02<00:00, 20.73it/s]100%|██████████| 50/50 [00:02<00:00, 20.65it/s]
  0%|          | 0/50 [00:00<?, ?it/s]  4%|▍         | 2/50 [00:00<00:02, 19.38it/s]  8%|▊         | 4/50 [00:00<00:02, 19.41it/s] 14%|█▍        | 7/50 [00:00<00:02, 20.09it/s] 20%|██        | 10/50 [00:00<00:01, 20.41it/s] 26%|██▌       | 13/50 [00:00<00:01, 20.56it/s] 32%|███▏      | 16/50 [00:00<00:01, 20.66it/s] 38%|███▊      | 19/50 [00:00<00:01, 20.69it/s] 44%|████▍     | 22/50 [00:01<00:01, 20.72it/s] 50%|█████     | 25/50 [00:01<00:01, 20.66it/s] 56%|█████▌    | 28/50 [00:01<00:01, 20.66it/s] 62%|██████▏   | 31/50 [00:01<00:00, 20.69it/s] 68%|██████▊   | 34/50 [00:01<00:00, 20.72it/s] 74%|███████▍  | 37/50 [00:01<00:00, 20.73it/s] 80%|████████  | 40/50 [00:01<00:00, 20.75it/s] 86%|████████▌ | 43/50 [00:02<00:00, 20.73it/s] 92%|█████████▏| 46/50 [00:02<00:00, 20.69it/s] 98%|█████████▊| 49/50 [00:02<00:00, 20.66it/s]100%|██████████| 50/50 [00:02<00:00, 20.61it/s]
  0%|          | 0/100 [00:00<?, ?it/s]  2%|▏         | 2/100 [00:00<00:05, 19.40it/s]  5%|▌         | 5/100 [00:00<00:04, 20.31it/s]  8%|▊         | 8/100 [00:00<00:04, 20.55it/s] 11%|█         | 11/100 [00:00<00:04, 20.64it/s] 14%|█▍        | 14/100 [00:00<00:04, 20.69it/s] 17%|█▋        | 17/100 [00:00<00:04, 20.70it/s] 20%|██        | 20/100 [00:00<00:03, 20.71it/s] 23%|██▎       | 23/100 [00:01<00:03, 20.63it/s] 26%|██▌       | 26/100 [00:01<00:03, 20.64it/s] 29%|██▉       | 29/100 [00:01<00:03, 20.68it/s] 32%|███▏      | 32/100 [00:01<00:03, 20.69it/s] 35%|███▌      | 35/100 [00:01<00:03, 20.69it/s] 38%|███▊      | 38/100 [00:01<00:02, 20.71it/s] 41%|████      | 41/100 [00:01<00:02, 20.68it/s] 44%|████▍     | 44/100 [00:02<00:02, 20.65it/s] 47%|████▋     | 47/100 [00:02<00:02, 20.65it/s] 50%|█████     | 50/100 [00:02<00:02, 20.66it/s] 53%|█████▎    | 53/100 [00:02<00:02, 20.70it/s] 56%|█████▌    | 56/100 [00:02<00:02, 20.68it/s] 59%|█████▉    | 59/100 [00:02<00:01, 20.69it/s] 62%|██████▏   | 62/100 [00:03<00:01, 20.65it/s] 65%|██████▌   | 65/100 [00:03<00:01, 20.66it/s] 68%|██████▊   | 68/100 [00:03<00:01, 20.65it/s] 71%|███████   | 71/100 [00:03<00:01, 20.66it/s] 74%|███████▍  | 74/100 [00:03<00:01, 20.66it/s] 77%|███████▋  | 77/100 [00:03<00:01, 20.68it/s] 80%|████████  | 80/100 [00:03<00:00, 20.67it/s] 83%|████████▎ | 83/100 [00:04<00:00, 20.64it/s] 86%|████████▌ | 86/100 [00:04<00:00, 20.61it/s] 89%|████████▉ | 89/100 [00:04<00:00, 20.63it/s] 92%|█████████▏| 92/100 [00:04<00:00, 20.62it/s] 95%|█████████▌| 95/100 [00:04<00:00, 20.63it/s] 98%|█████████▊| 98/100 [00:04<00:00, 20.64it/s]100%|██████████| 100/100 [00:04<00:00, 20.65it/s]
  0%|          | 0/100 [00:00<?, ?it/s]  2%|▏         | 2/100 [00:00<00:05, 19.55it/s]  5%|▌         | 5/100 [00:00<00:04, 20.28it/s]  8%|▊         | 8/100 [00:00<00:04, 20.52it/s] 11%|█         | 11/100 [00:00<00:04, 20.59it/s] 14%|█▍        | 14/100 [00:00<00:04, 20.67it/s] 17%|█▋        | 17/100 [00:00<00:04, 20.69it/s] 20%|██        | 20/100 [00:00<00:03, 20.68it/s] 23%|██▎       | 23/100 [00:01<00:03, 20.62it/s] 26%|██▌       | 26/100 [00:01<00:03, 20.60it/s] 29%|██▉       | 29/100 [00:01<00:03, 20.61it/s] 32%|███▏      | 32/100 [00:01<00:03, 20.63it/s] 35%|███▌      | 35/100 [00:01<00:03, 20.64it/s] 38%|███▊      | 38/100 [00:01<00:03, 20.65it/s] 41%|████      | 41/100 [00:01<00:02, 20.63it/s] 44%|████▍     | 44/100 [00:02<00:02, 20.59it/s] 47%|████▋     | 47/100 [00:02<00:02, 20.57it/s] 50%|█████     | 50/100 [00:02<00:02, 20.57it/s] 53%|█████▎    | 53/100 [00:02<00:02, 20.61it/s] 56%|█████▌    | 56/100 [00:02<00:02, 20.61it/s] 59%|█████▉    | 59/100 [00:02<00:01, 20.63it/s] 62%|██████▏   | 62/100 [00:03<00:01, 20.60it/s] 65%|██████▌   | 65/100 [00:03<00:01, 20.59it/s] 68%|██████▊   | 68/100 [00:03<00:01, 20.57it/s] 71%|███████   | 71/100 [00:03<00:01, 20.57it/s] 74%|███████▍  | 74/100 [00:03<00:01, 20.61it/s] 77%|███████▋  | 77/100 [00:03<00:01, 20.61it/s] 80%|████████  | 80/100 [00:03<00:00, 20.62it/s] 83%|████████▎ | 83/100 [00:04<00:00, 20.59it/s] 86%|████████▌ | 86/100 [00:04<00:00, 20.57it/s] 89%|████████▉ | 89/100 [00:04<00:00, 20.56it/s] 92%|█████████▏| 92/100 [00:04<00:00, 20.57it/s] 95%|█████████▌| 95/100 [00:04<00:00, 20.60it/s] 98%|█████████▊| 98/100 [00:04<00:00, 20.61it/s]100%|██████████| 100/100 [00:04<00:00, 20.59it/s]
  0%|          | 0/100 [00:00<?, ?it/s]  2%|▏         | 2/100 [00:00<00:05, 19.38it/s]  4%|▍         | 4/100 [00:00<00:04, 19.64it/s]  7%|▋         | 7/100 [00:00<00:04, 20.17it/s] 10%|█         | 10/100 [00:00<00:04, 20.40it/s] 13%|█▎        | 13/100 [00:00<00:04, 20.49it/s] 16%|█▌        | 16/100 [00:00<00:04, 20.54it/s] 19%|█▉        | 19/100 [00:00<00:03, 20.55it/s] 22%|██▏       | 22/100 [00:01<00:03, 20.55it/s] 25%|██▌       | 25/100 [00:01<00:03, 20.56it/s] 28%|██▊       | 28/100 [00:01<00:03, 20.55it/s] 31%|███       | 31/100 [00:01<00:03, 20.58it/s] 34%|███▍      | 34/100 [00:01<00:03, 20.57it/s] 37%|███▋      | 37/100 [00:01<00:03, 20.59it/s] 40%|████      | 40/100 [00:01<00:02, 20.57it/s] 43%|████▎     | 43/100 [00:02<00:02, 20.56it/s] 46%|████▌     | 46/100 [00:02<00:02, 20.57it/s] 49%|████▉     | 49/100 [00:02<00:02, 20.57it/s] 52%|█████▏    | 52/100 [00:02<00:02, 20.58it/s] 55%|█████▌    | 55/100 [00:02<00:02, 20.56it/s] 58%|█████▊    | 58/100 [00:02<00:02, 20.57it/s] 61%|██████    | 61/100 [00:02<00:01, 20.53it/s] 64%|██████▍   | 64/100 [00:03<00:01, 20.54it/s] 67%|██████▋   | 67/100 [00:03<00:01, 20.55it/s] 70%|███████   | 70/100 [00:03<00:01, 20.56it/s] 73%|███████▎  | 73/100 [00:03<00:01, 20.55it/s] 76%|███████▌  | 76/100 [00:03<00:01, 20.56it/s] 79%|███████▉  | 79/100 [00:03<00:01, 20.55it/s] 82%|████████▏ | 82/100 [00:03<00:00, 20.55it/s] 85%|████████▌ | 85/100 [00:04<00:00, 20.55it/s] 88%|████████▊ | 88/100 [00:04<00:00, 20.55it/s] 91%|█████████ | 91/100 [00:04<00:00, 20.56it/s] 94%|█████████▍| 94/100 [00:04<00:00, 20.55it/s] 97%|█████████▋| 97/100 [00:04<00:00, 20.56it/s]100%|██████████| 100/100 [00:04<00:00, 20.56it/s]100%|██████████| 100/100 [00:04<00:00, 20.53it/s]
  0%|          | 0/100 [00:00<?, ?it/s]  2%|▏         | 2/100 [00:00<00:05, 19.38it/s]  5%|▌         | 5/100 [00:00<00:04, 19.99it/s]  8%|▊         | 8/100 [00:00<00:04, 20.27it/s] 11%|█         | 11/100 [00:00<00:04, 20.43it/s] 14%|█▍        | 14/100 [00:00<00:04, 20.50it/s] 17%|█▋        | 17/100 [00:00<00:04, 20.54it/s] 20%|██        | 20/100 [00:00<00:03, 20.55it/s] 23%|██▎       | 23/100 [00:01<00:03, 20.54it/s] 26%|██▌       | 26/100 [00:01<00:03, 20.54it/s] 29%|██▉       | 29/100 [00:01<00:03, 20.53it/s] 32%|███▏      | 32/100 [00:01<00:03, 20.56it/s] 35%|███▌      | 35/100 [00:01<00:03, 20.55it/s] 38%|███▊      | 38/100 [00:01<00:03, 20.55it/s] 41%|████      | 41/100 [00:02<00:02, 20.57it/s] 44%|████▍     | 44/100 [00:02<00:02, 20.55it/s] 47%|████▋     | 47/100 [00:02<00:02, 20.56it/s] 50%|█████     | 50/100 [00:02<00:02, 20.54it/s] 53%|█████▎    | 53/100 [00:02<00:02, 20.55it/s] 56%|█████▌    | 56/100 [00:02<00:02, 20.55it/s] 59%|█████▉    | 59/100 [00:02<00:01, 20.55it/s] 62%|██████▏   | 62/100 [00:03<00:01, 20.55it/s] 65%|██████▌   | 65/100 [00:03<00:01, 20.54it/s] 68%|██████▊   | 68/100 [00:03<00:01, 20.53it/s] 71%|███████   | 71/100 [00:03<00:01, 20.54it/s] 74%|███████▍  | 74/100 [00:03<00:01, 20.54it/s] 77%|███████▋  | 77/100 [00:03<00:01, 20.54it/s] 80%|████████  | 80/100 [00:03<00:00, 20.55it/s] 83%|████████▎ | 83/100 [00:04<00:00, 20.52it/s] 86%|████████▌ | 86/100 [00:04<00:00, 20.53it/s] 89%|████████▉ | 89/100 [00:04<00:00, 20.53it/s] 92%|█████████▏| 92/100 [00:04<00:00, 20.53it/s] 95%|█████████▌| 95/100 [00:04<00:00, 20.54it/s] 98%|█████████▊| 98/100 [00:04<00:00, 20.53it/s]100%|██████████| 100/100 [00:04<00:00, 20.52it/s]
  0%|          | 0/100 [00:00<?, ?it/s]  2%|▏         | 2/100 [00:00<00:05, 19.33it/s]  4%|▍         | 4/100 [00:00<00:04, 19.36it/s]  6%|▌         | 6/100 [00:00<00:04, 19.60it/s]  9%|▉         | 9/100 [00:00<00:04, 20.07it/s] 12%|█▏        | 12/100 [00:00<00:04, 20.30it/s] 15%|█▌        | 15/100 [00:00<00:04, 20.42it/s] 18%|█▊        | 18/100 [00:00<00:04, 20.46it/s] 21%|██        | 21/100 [00:01<00:03, 20.51it/s] 24%|██▍       | 24/100 [00:01<00:03, 20.51it/s] 27%|██▋       | 27/100 [00:01<00:03, 20.49it/s] 30%|███       | 30/100 [00:01<00:03, 20.49it/s] 33%|███▎      | 33/100 [00:01<00:03, 20.50it/s] 36%|███▌      | 36/100 [00:01<00:03, 20.53it/s] 39%|███▉      | 39/100 [00:01<00:02, 20.54it/s] 42%|████▏     | 42/100 [00:02<00:02, 20.55it/s] 45%|████▌     | 45/100 [00:02<00:02, 20.54it/s] 48%|████▊     | 48/100 [00:02<00:02, 20.51it/s] 51%|█████     | 51/100 [00:02<00:02, 20.52it/s] 54%|█████▍    | 54/100 [00:02<00:02, 20.52it/s] 57%|█████▋    | 57/100 [00:02<00:02, 20.52it/s] 60%|██████    | 60/100 [00:02<00:01, 20.53it/s] 63%|██████▎   | 63/100 [00:03<00:01, 20.51it/s] 66%|██████▌   | 66/100 [00:03<00:01, 20.51it/s] 69%|██████▉   | 69/100 [00:03<00:01, 20.52it/s] 72%|███████▏  | 72/100 [00:03<00:01, 20.51it/s] 75%|███████▌  | 75/100 [00:03<00:01, 20.52it/s] 78%|███████▊  | 78/100 [00:03<00:01, 20.51it/s] 81%|████████  | 81/100 [00:03<00:00, 20.51it/s] 84%|████████▍ | 84/100 [00:04<00:00, 20.50it/s] 87%|████████▋ | 87/100 [00:04<00:00, 20.50it/s] 90%|█████████ | 90/100 [00:04<00:00, 20.49it/s] 93%|█████████▎| 93/100 [00:04<00:00, 20.50it/s] 96%|█████████▌| 96/100 [00:04<00:00, 20.49it/s] 99%|█████████▉| 99/100 [00:04<00:00, 20.48it/s]100%|██████████| 100/100 [00:04<00:00, 20.46it/s]
Traceback (most recent call last):
  File "/home/planck/anaconda3/envs/bikash/lib/python3.10/site-packages/gradio/routes.py", line 408, in run_predict
    output = await app.get_blocks().process_api(
  File "/home/planck/anaconda3/envs/bikash/lib/python3.10/site-packages/gradio/blocks.py", line 1315, in process_api
    result = await self.call_function(
  File "/home/planck/anaconda3/envs/bikash/lib/python3.10/site-packages/gradio/blocks.py", line 1043, in call_function
    prediction = await anyio.to_thread.run_sync(
  File "/home/planck/anaconda3/envs/bikash/lib/python3.10/site-packages/anyio/to_thread.py", line 31, in run_sync
    return await get_asynclib().run_sync_in_worker_thread(
  File "/home/planck/anaconda3/envs/bikash/lib/python3.10/site-packages/anyio/_backends/_asyncio.py", line 937, in run_sync_in_worker_thread
    return await future
  File "/home/planck/anaconda3/envs/bikash/lib/python3.10/site-packages/anyio/_backends/_asyncio.py", line 867, in run
    result = context.run(func, *args)
  File "/DATA1/bikash_dutta/DL_OPs/Project/Stable-Diffusion-ControlNet-WebUI/diffusion_webui/diffusion_models/stable_diffusion/inpaint_app.py", line 34, in generate_image
    image = pil_image["image"].convert("RGB").resize((512, 512))
TypeError: 'NoneType' object is not subscriptable
Traceback (most recent call last):
  File "/home/planck/anaconda3/envs/bikash/lib/python3.10/site-packages/urllib3/connectionpool.py", line 703, in urlopen
    httplib_response = self._make_request(
  File "/home/planck/anaconda3/envs/bikash/lib/python3.10/site-packages/urllib3/connectionpool.py", line 386, in _make_request
    self._validate_conn(conn)
  File "/home/planck/anaconda3/envs/bikash/lib/python3.10/site-packages/urllib3/connectionpool.py", line 1042, in _validate_conn
    conn.connect()
  File "/home/planck/anaconda3/envs/bikash/lib/python3.10/site-packages/urllib3/connection.py", line 467, in connect
    _match_hostname(cert, self.assert_hostname or server_hostname)
  File "/home/planck/anaconda3/envs/bikash/lib/python3.10/site-packages/urllib3/connection.py", line 540, in _match_hostname
    match_hostname(cert, asserted_hostname)
  File "/home/planck/anaconda3/envs/bikash/lib/python3.10/site-packages/urllib3/util/ssl_match_hostname.py", line 150, in match_hostname
    raise CertificateError(
urllib3.util.ssl_match_hostname.CertificateError: hostname 'huggingface.co' doesn't match either of '*.iitj.ac.in', 'iitj.ac.in'

During handling of the above exception, another exception occurred:

Traceback (most recent call last):
  File "/home/planck/anaconda3/envs/bikash/lib/python3.10/site-packages/requests/adapters.py", line 489, in send
    resp = conn.urlopen(
  File "/home/planck/anaconda3/envs/bikash/lib/python3.10/site-packages/urllib3/connectionpool.py", line 787, in urlopen
    retries = retries.increment(
  File "/home/planck/anaconda3/envs/bikash/lib/python3.10/site-packages/urllib3/util/retry.py", line 592, in increment
    raise MaxRetryError(_pool, url, error or ResponseError(cause))
urllib3.exceptions.MaxRetryError: HTTPSConnectionPool(host='huggingface.co', port=443): Max retries exceeded with url: /api/models/stabilityai/stable-diffusion-2-inpainting/revision/fp16 (Caused by SSLError(CertificateError("hostname 'huggingface.co' doesn't match either of '*.iitj.ac.in', 'iitj.ac.in'")))

During handling of the above exception, another exception occurred:

Traceback (most recent call last):
  File "/home/planck/anaconda3/envs/bikash/lib/python3.10/site-packages/gradio/routes.py", line 408, in run_predict
    output = await app.get_blocks().process_api(
  File "/home/planck/anaconda3/envs/bikash/lib/python3.10/site-packages/gradio/blocks.py", line 1315, in process_api
    result = await self.call_function(
  File "/home/planck/anaconda3/envs/bikash/lib/python3.10/site-packages/gradio/blocks.py", line 1043, in call_function
    prediction = await anyio.to_thread.run_sync(
  File "/home/planck/anaconda3/envs/bikash/lib/python3.10/site-packages/anyio/to_thread.py", line 31, in run_sync
    return await get_asynclib().run_sync_in_worker_thread(
  File "/home/planck/anaconda3/envs/bikash/lib/python3.10/site-packages/anyio/_backends/_asyncio.py", line 937, in run_sync_in_worker_thread
    return await future
  File "/home/planck/anaconda3/envs/bikash/lib/python3.10/site-packages/anyio/_backends/_asyncio.py", line 867, in run
    result = context.run(func, *args)
  File "/DATA1/bikash_dutta/DL_OPs/Project/Stable-Diffusion-ControlNet-WebUI/diffusion_webui/diffusion_models/stable_diffusion/inpaint_app.py", line 36, in generate_image
    pipe = self.load_model(model_path)
  File "/DATA1/bikash_dutta/DL_OPs/Project/Stable-Diffusion-ControlNet-WebUI/diffusion_webui/diffusion_models/stable_diffusion/inpaint_app.py", line 14, in load_model
    self.pipe = DiffusionPipeline.from_pretrained(
  File "/home/planck/anaconda3/envs/bikash/lib/python3.10/site-packages/diffusers/pipelines/pipeline_utils.py", line 884, in from_pretrained
    cached_folder = cls.download(
  File "/home/planck/anaconda3/envs/bikash/lib/python3.10/site-packages/diffusers/pipelines/pipeline_utils.py", line 1218, in download
    info = model_info(
  File "/home/planck/anaconda3/envs/bikash/lib/python3.10/site-packages/huggingface_hub/utils/_validators.py", line 120, in _inner_fn
    return fn(*args, **kwargs)
  File "/home/planck/anaconda3/envs/bikash/lib/python3.10/site-packages/huggingface_hub/hf_api.py", line 1603, in model_info
    r = get_session().get(path, headers=headers, timeout=timeout, params=params)
  File "/home/planck/anaconda3/envs/bikash/lib/python3.10/site-packages/requests/sessions.py", line 600, in get
    return self.request("GET", url, **kwargs)
  File "/home/planck/anaconda3/envs/bikash/lib/python3.10/site-packages/requests/sessions.py", line 587, in request
    resp = self.send(prep, **send_kwargs)
  File "/home/planck/anaconda3/envs/bikash/lib/python3.10/site-packages/requests/sessions.py", line 701, in send
    r = adapter.send(request, **kwargs)
  File "/home/planck/anaconda3/envs/bikash/lib/python3.10/site-packages/requests/adapters.py", line 563, in send
    raise SSLError(e, request=request)
requests.exceptions.SSLError: HTTPSConnectionPool(host='huggingface.co', port=443): Max retries exceeded with url: /api/models/stabilityai/stable-diffusion-2-inpainting/revision/fp16 (Caused by SSLError(CertificateError("hostname 'huggingface.co' doesn't match either of '*.iitj.ac.in', 'iitj.ac.in'")))
Traceback (most recent call last):
  File "/home/planck/anaconda3/envs/bikash/lib/python3.10/site-packages/urllib3/connectionpool.py", line 703, in urlopen
    httplib_response = self._make_request(
  File "/home/planck/anaconda3/envs/bikash/lib/python3.10/site-packages/urllib3/connectionpool.py", line 386, in _make_request
    self._validate_conn(conn)
  File "/home/planck/anaconda3/envs/bikash/lib/python3.10/site-packages/urllib3/connectionpool.py", line 1042, in _validate_conn
    conn.connect()
  File "/home/planck/anaconda3/envs/bikash/lib/python3.10/site-packages/urllib3/connection.py", line 467, in connect
    _match_hostname(cert, self.assert_hostname or server_hostname)
  File "/home/planck/anaconda3/envs/bikash/lib/python3.10/site-packages/urllib3/connection.py", line 540, in _match_hostname
    match_hostname(cert, asserted_hostname)
  File "/home/planck/anaconda3/envs/bikash/lib/python3.10/site-packages/urllib3/util/ssl_match_hostname.py", line 150, in match_hostname
    raise CertificateError(
urllib3.util.ssl_match_hostname.CertificateError: hostname 'huggingface.co' doesn't match either of '*.iitj.ac.in', 'iitj.ac.in'

During handling of the above exception, another exception occurred:

Traceback (most recent call last):
  File "/home/planck/anaconda3/envs/bikash/lib/python3.10/site-packages/requests/adapters.py", line 489, in send
    resp = conn.urlopen(
  File "/home/planck/anaconda3/envs/bikash/lib/python3.10/site-packages/urllib3/connectionpool.py", line 787, in urlopen
    retries = retries.increment(
  File "/home/planck/anaconda3/envs/bikash/lib/python3.10/site-packages/urllib3/util/retry.py", line 592, in increment
    raise MaxRetryError(_pool, url, error or ResponseError(cause))
urllib3.exceptions.MaxRetryError: HTTPSConnectionPool(host='huggingface.co', port=443): Max retries exceeded with url: /lllyasviel/sd-controlnet-canny/resolve/main/config.json (Caused by SSLError(CertificateError("hostname 'huggingface.co' doesn't match either of '*.iitj.ac.in', 'iitj.ac.in'")))

During handling of the above exception, another exception occurred:

Traceback (most recent call last):
  File "/home/planck/anaconda3/envs/bikash/lib/python3.10/site-packages/diffusers/configuration_utils.py", line 356, in load_config
    config_file = hf_hub_download(
  File "/home/planck/anaconda3/envs/bikash/lib/python3.10/site-packages/huggingface_hub/utils/_validators.py", line 120, in _inner_fn
    return fn(*args, **kwargs)
  File "/home/planck/anaconda3/envs/bikash/lib/python3.10/site-packages/huggingface_hub/file_download.py", line 1195, in hf_hub_download
    metadata = get_hf_file_metadata(
  File "/home/planck/anaconda3/envs/bikash/lib/python3.10/site-packages/huggingface_hub/utils/_validators.py", line 120, in _inner_fn
    return fn(*args, **kwargs)
  File "/home/planck/anaconda3/envs/bikash/lib/python3.10/site-packages/huggingface_hub/file_download.py", line 1532, in get_hf_file_metadata
    r = _request_wrapper(
  File "/home/planck/anaconda3/envs/bikash/lib/python3.10/site-packages/huggingface_hub/file_download.py", line 407, in _request_wrapper
    response = _request_wrapper(
  File "/home/planck/anaconda3/envs/bikash/lib/python3.10/site-packages/huggingface_hub/file_download.py", line 442, in _request_wrapper
    return http_backoff(
  File "/home/planck/anaconda3/envs/bikash/lib/python3.10/site-packages/huggingface_hub/utils/_http.py", line 212, in http_backoff
    response = session.request(method=method, url=url, **kwargs)
  File "/home/planck/anaconda3/envs/bikash/lib/python3.10/site-packages/requests/sessions.py", line 587, in request
    resp = self.send(prep, **send_kwargs)
  File "/home/planck/anaconda3/envs/bikash/lib/python3.10/site-packages/requests/sessions.py", line 701, in send
    r = adapter.send(request, **kwargs)
  File "/home/planck/anaconda3/envs/bikash/lib/python3.10/site-packages/requests/adapters.py", line 563, in send
    raise SSLError(e, request=request)
requests.exceptions.SSLError: HTTPSConnectionPool(host='huggingface.co', port=443): Max retries exceeded with url: /lllyasviel/sd-controlnet-canny/resolve/main/config.json (Caused by SSLError(CertificateError("hostname 'huggingface.co' doesn't match either of '*.iitj.ac.in', 'iitj.ac.in'")))

During handling of the above exception, another exception occurred:

Traceback (most recent call last):
  File "/home/planck/anaconda3/envs/bikash/lib/python3.10/site-packages/gradio/routes.py", line 408, in run_predict
    output = await app.get_blocks().process_api(
  File "/home/planck/anaconda3/envs/bikash/lib/python3.10/site-packages/gradio/blocks.py", line 1315, in process_api
    result = await self.call_function(
  File "/home/planck/anaconda3/envs/bikash/lib/python3.10/site-packages/gradio/blocks.py", line 1043, in call_function
    prediction = await anyio.to_thread.run_sync(
  File "/home/planck/anaconda3/envs/bikash/lib/python3.10/site-packages/anyio/to_thread.py", line 31, in run_sync
    return await get_asynclib().run_sync_in_worker_thread(
  File "/home/planck/anaconda3/envs/bikash/lib/python3.10/site-packages/anyio/_backends/_asyncio.py", line 937, in run_sync_in_worker_thread
    return await future
  File "/home/planck/anaconda3/envs/bikash/lib/python3.10/site-packages/anyio/_backends/_asyncio.py", line 867, in run
    result = context.run(func, *args)
  File "/DATA1/bikash_dutta/DL_OPs/Project/Stable-Diffusion-ControlNet-WebUI/diffusion_webui/diffusion_models/controlnet/controlnet_canny.py", line 67, in generate_image
    pipe = self.load_model(
  File "/DATA1/bikash_dutta/DL_OPs/Project/Stable-Diffusion-ControlNet-WebUI/diffusion_webui/diffusion_models/controlnet/controlnet_canny.py", line 24, in load_model
    controlnet = ControlNetModel.from_pretrained(
  File "/home/planck/anaconda3/envs/bikash/lib/python3.10/site-packages/diffusers/models/modeling_utils.py", line 494, in from_pretrained
    config, unused_kwargs, commit_hash = cls.load_config(
  File "/home/planck/anaconda3/envs/bikash/lib/python3.10/site-packages/diffusers/configuration_utils.py", line 400, in load_config
    raise EnvironmentError(
OSError: Can't load config for 'lllyasviel/sd-controlnet-canny'. If you were trying to load it from 'https://huggingface.co/models', make sure you don't have a local directory with the same name. Otherwise, make sure 'lllyasviel/sd-controlnet-canny' is the correct path to a directory containing a config.json file
Traceback (most recent call last):
  File "/home/planck/anaconda3/envs/bikash/lib/python3.10/site-packages/urllib3/connectionpool.py", line 703, in urlopen
    httplib_response = self._make_request(
  File "/home/planck/anaconda3/envs/bikash/lib/python3.10/site-packages/urllib3/connectionpool.py", line 386, in _make_request
    self._validate_conn(conn)
  File "/home/planck/anaconda3/envs/bikash/lib/python3.10/site-packages/urllib3/connectionpool.py", line 1042, in _validate_conn
    conn.connect()
  File "/home/planck/anaconda3/envs/bikash/lib/python3.10/site-packages/urllib3/connection.py", line 467, in connect
    _match_hostname(cert, self.assert_hostname or server_hostname)
  File "/home/planck/anaconda3/envs/bikash/lib/python3.10/site-packages/urllib3/connection.py", line 540, in _match_hostname
    match_hostname(cert, asserted_hostname)
  File "/home/planck/anaconda3/envs/bikash/lib/python3.10/site-packages/urllib3/util/ssl_match_hostname.py", line 150, in match_hostname
    raise CertificateError(
urllib3.util.ssl_match_hostname.CertificateError: hostname 'huggingface.co' doesn't match either of '*.iitj.ac.in', 'iitj.ac.in'

During handling of the above exception, another exception occurred:

Traceback (most recent call last):
  File "/home/planck/anaconda3/envs/bikash/lib/python3.10/site-packages/requests/adapters.py", line 489, in send
    resp = conn.urlopen(
  File "/home/planck/anaconda3/envs/bikash/lib/python3.10/site-packages/urllib3/connectionpool.py", line 787, in urlopen
    retries = retries.increment(
  File "/home/planck/anaconda3/envs/bikash/lib/python3.10/site-packages/urllib3/util/retry.py", line 592, in increment
    raise MaxRetryError(_pool, url, error or ResponseError(cause))
urllib3.exceptions.MaxRetryError: HTTPSConnectionPool(host='huggingface.co', port=443): Max retries exceeded with url: /lllyasviel/sd-controlnet-canny/resolve/main/config.json (Caused by SSLError(CertificateError("hostname 'huggingface.co' doesn't match either of '*.iitj.ac.in', 'iitj.ac.in'")))

During handling of the above exception, another exception occurred:

Traceback (most recent call last):
  File "/home/planck/anaconda3/envs/bikash/lib/python3.10/site-packages/diffusers/configuration_utils.py", line 356, in load_config
    config_file = hf_hub_download(
  File "/home/planck/anaconda3/envs/bikash/lib/python3.10/site-packages/huggingface_hub/utils/_validators.py", line 120, in _inner_fn
    return fn(*args, **kwargs)
  File "/home/planck/anaconda3/envs/bikash/lib/python3.10/site-packages/huggingface_hub/file_download.py", line 1195, in hf_hub_download
    metadata = get_hf_file_metadata(
  File "/home/planck/anaconda3/envs/bikash/lib/python3.10/site-packages/huggingface_hub/utils/_validators.py", line 120, in _inner_fn
    return fn(*args, **kwargs)
  File "/home/planck/anaconda3/envs/bikash/lib/python3.10/site-packages/huggingface_hub/file_download.py", line 1532, in get_hf_file_metadata
    r = _request_wrapper(
  File "/home/planck/anaconda3/envs/bikash/lib/python3.10/site-packages/huggingface_hub/file_download.py", line 407, in _request_wrapper
    response = _request_wrapper(
  File "/home/planck/anaconda3/envs/bikash/lib/python3.10/site-packages/huggingface_hub/file_download.py", line 442, in _request_wrapper
    return http_backoff(
  File "/home/planck/anaconda3/envs/bikash/lib/python3.10/site-packages/huggingface_hub/utils/_http.py", line 212, in http_backoff
    response = session.request(method=method, url=url, **kwargs)
  File "/home/planck/anaconda3/envs/bikash/lib/python3.10/site-packages/requests/sessions.py", line 587, in request
    resp = self.send(prep, **send_kwargs)
  File "/home/planck/anaconda3/envs/bikash/lib/python3.10/site-packages/requests/sessions.py", line 701, in send
    r = adapter.send(request, **kwargs)
  File "/home/planck/anaconda3/envs/bikash/lib/python3.10/site-packages/requests/adapters.py", line 563, in send
    raise SSLError(e, request=request)
requests.exceptions.SSLError: HTTPSConnectionPool(host='huggingface.co', port=443): Max retries exceeded with url: /lllyasviel/sd-controlnet-canny/resolve/main/config.json (Caused by SSLError(CertificateError("hostname 'huggingface.co' doesn't match either of '*.iitj.ac.in', 'iitj.ac.in'")))

During handling of the above exception, another exception occurred:

Traceback (most recent call last):
  File "/home/planck/anaconda3/envs/bikash/lib/python3.10/site-packages/gradio/routes.py", line 408, in run_predict
    output = await app.get_blocks().process_api(
  File "/home/planck/anaconda3/envs/bikash/lib/python3.10/site-packages/gradio/blocks.py", line 1315, in process_api
    result = await self.call_function(
  File "/home/planck/anaconda3/envs/bikash/lib/python3.10/site-packages/gradio/blocks.py", line 1043, in call_function
    prediction = await anyio.to_thread.run_sync(
  File "/home/planck/anaconda3/envs/bikash/lib/python3.10/site-packages/anyio/to_thread.py", line 31, in run_sync
    return await get_asynclib().run_sync_in_worker_thread(
  File "/home/planck/anaconda3/envs/bikash/lib/python3.10/site-packages/anyio/_backends/_asyncio.py", line 937, in run_sync_in_worker_thread
    return await future
  File "/home/planck/anaconda3/envs/bikash/lib/python3.10/site-packages/anyio/_backends/_asyncio.py", line 867, in run
    result = context.run(func, *args)
  File "/DATA1/bikash_dutta/DL_OPs/Project/Stable-Diffusion-ControlNet-WebUI/diffusion_webui/diffusion_models/controlnet/controlnet_canny.py", line 67, in generate_image
    pipe = self.load_model(
  File "/DATA1/bikash_dutta/DL_OPs/Project/Stable-Diffusion-ControlNet-WebUI/diffusion_webui/diffusion_models/controlnet/controlnet_canny.py", line 24, in load_model
    controlnet = ControlNetModel.from_pretrained(
  File "/home/planck/anaconda3/envs/bikash/lib/python3.10/site-packages/diffusers/models/modeling_utils.py", line 494, in from_pretrained
    config, unused_kwargs, commit_hash = cls.load_config(
  File "/home/planck/anaconda3/envs/bikash/lib/python3.10/site-packages/diffusers/configuration_utils.py", line 400, in load_config
    raise EnvironmentError(
OSError: Can't load config for 'lllyasviel/sd-controlnet-canny'. If you were trying to load it from 'https://huggingface.co/models', make sure you don't have a local directory with the same name. Otherwise, make sure 'lllyasviel/sd-controlnet-canny' is the correct path to a directory containing a config.json file
No model was supplied, defaulted to Intel/dpt-large and revision e93beec (https://huggingface.co/Intel/dpt-large).
Using a pipeline without specifying a model name and revision in production is not recommended.
Downloading (…)lve/main/config.json:   0%|          | 0.00/942 [00:00<?, ?B/s]Downloading (…)lve/main/config.json: 100%|██████████| 942/942 [00:00<00:00, 5.84MB/s]
Downloading pytorch_model.bin:   0%|          | 0.00/1.37G [00:00<?, ?B/s]Downloading pytorch_model.bin:   1%|          | 10.5M/1.37G [00:00<01:02, 21.7MB/s]Downloading pytorch_model.bin:   2%|▏         | 21.0M/1.37G [00:00<00:43, 31.2MB/s]Downloading pytorch_model.bin:   2%|▏         | 31.5M/1.37G [00:00<00:34, 38.4MB/s]Downloading pytorch_model.bin:   3%|▎         | 41.9M/1.37G [00:01<00:29, 45.3MB/s]Downloading pytorch_model.bin:   4%|▍         | 52.4M/1.37G [00:01<00:26, 50.1MB/s]Downloading pytorch_model.bin:   5%|▍         | 62.9M/1.37G [00:01<00:24, 53.6MB/s]Downloading pytorch_model.bin:   5%|▌         | 73.4M/1.37G [00:01<00:23, 56.1MB/s]Downloading pytorch_model.bin:   6%|▌         | 83.9M/1.37G [00:01<00:22, 57.8MB/s]Downloading pytorch_model.bin:   7%|▋         | 94.4M/1.37G [00:01<00:21, 58.4MB/s]Downloading pytorch_model.bin:   8%|▊         | 105M/1.37G [00:02<00:21, 59.3MB/s] Downloading pytorch_model.bin:   8%|▊         | 115M/1.37G [00:02<00:44, 28.2MB/s]Downloading pytorch_model.bin:   9%|▉         | 126M/1.37G [00:03<00:36, 33.8MB/s]Downloading pytorch_model.bin:  10%|▉         | 136M/1.37G [00:03<00:31, 39.2MB/s]Downloading pytorch_model.bin:  11%|█         | 147M/1.37G [00:03<00:27, 44.2MB/s]Downloading pytorch_model.bin:  12%|█▏        | 157M/1.37G [00:03<00:24, 48.5MB/s]Downloading pytorch_model.bin:  12%|█▏        | 168M/1.37G [00:03<00:23, 51.9MB/s]Downloading pytorch_model.bin:  13%|█▎        | 178M/1.37G [00:03<00:21, 54.7MB/s]Downloading pytorch_model.bin:  14%|█▍        | 189M/1.37G [00:04<00:20, 56.8MB/s]Downloading pytorch_model.bin:  15%|█▍        | 199M/1.37G [00:04<00:20, 58.3MB/s]Downloading pytorch_model.bin:  15%|█▌        | 210M/1.37G [00:04<00:19, 59.5MB/s]Downloading pytorch_model.bin:  16%|█▌        | 220M/1.37G [00:04<00:19, 60.2MB/s]Downloading pytorch_model.bin:  17%|█▋        | 231M/1.37G [00:04<00:18, 60.7MB/s]Downloading pytorch_model.bin:  18%|█▊        | 241M/1.37G [00:04<00:18, 61.1MB/s]Downloading pytorch_model.bin:  18%|█▊        | 252M/1.37G [00:05<00:18, 61.3MB/s]Downloading pytorch_model.bin:  19%|█▉        | 262M/1.37G [00:05<00:17, 61.6MB/s]Downloading pytorch_model.bin:  20%|█▉        | 273M/1.37G [00:05<00:19, 57.2MB/s]Downloading pytorch_model.bin:  21%|██        | 283M/1.37G [00:05<00:18, 57.6MB/s]Downloading pytorch_model.bin:  21%|██▏       | 294M/1.37G [00:05<00:18, 59.0MB/s]Downloading pytorch_model.bin:  22%|██▏       | 304M/1.37G [00:06<00:17, 59.8MB/s]Downloading pytorch_model.bin:  23%|██▎       | 315M/1.37G [00:06<00:17, 60.3MB/s]Downloading pytorch_model.bin:  24%|██▍       | 325M/1.37G [00:06<00:17, 58.4MB/s]Downloading pytorch_model.bin:  25%|██▍       | 336M/1.37G [00:06<00:17, 59.6MB/s]Downloading pytorch_model.bin:  25%|██▌       | 346M/1.37G [00:06<00:17, 60.0MB/s]Downloading pytorch_model.bin:  26%|██▌       | 357M/1.37G [00:06<00:16, 60.8MB/s]Downloading pytorch_model.bin:  27%|██▋       | 367M/1.37G [00:07<00:16, 61.2MB/s]Downloading pytorch_model.bin:  28%|██▊       | 377M/1.37G [00:07<00:16, 61.4MB/s]Downloading pytorch_model.bin:  28%|██▊       | 388M/1.37G [00:07<00:15, 61.6MB/s]Downloading pytorch_model.bin:  29%|██▉       | 398M/1.37G [00:07<00:15, 61.7MB/s]Downloading pytorch_model.bin:  30%|██▉       | 409M/1.37G [00:07<00:15, 62.0MB/s]Downloading pytorch_model.bin:  31%|███       | 419M/1.37G [00:07<00:15, 62.0MB/s]Downloading pytorch_model.bin:  31%|███▏      | 430M/1.37G [00:08<00:15, 62.2MB/s]Downloading pytorch_model.bin:  32%|███▏      | 440M/1.37G [00:08<00:14, 62.3MB/s]Downloading pytorch_model.bin:  33%|███▎      | 451M/1.37G [00:08<00:14, 62.5MB/s]Downloading pytorch_model.bin:  34%|███▎      | 461M/1.37G [00:08<00:14, 62.5MB/s]Downloading pytorch_model.bin:  35%|███▍      | 472M/1.37G [00:08<00:14, 62.3MB/s]Downloading pytorch_model.bin:  35%|███▌      | 482M/1.37G [00:08<00:14, 62.5MB/s]Downloading pytorch_model.bin:  36%|███▌      | 493M/1.37G [00:09<00:14, 62.5MB/s]Downloading pytorch_model.bin:  37%|███▋      | 503M/1.37G [00:09<00:13, 62.6MB/s]Downloading pytorch_model.bin:  38%|███▊      | 514M/1.37G [00:09<00:13, 62.6MB/s]Downloading pytorch_model.bin:  38%|███▊      | 524M/1.37G [00:09<00:13, 62.3MB/s]Downloading pytorch_model.bin:  39%|███▉      | 535M/1.37G [00:09<00:13, 62.2MB/s]Downloading pytorch_model.bin:  40%|███▉      | 545M/1.37G [00:09<00:13, 62.0MB/s]Downloading pytorch_model.bin:  41%|████      | 556M/1.37G [00:10<00:13, 62.3MB/s]Downloading pytorch_model.bin:  41%|████▏     | 566M/1.37G [00:10<00:12, 62.3MB/s]Downloading pytorch_model.bin:  42%|████▏     | 577M/1.37G [00:10<00:12, 62.5MB/s]Downloading pytorch_model.bin:  43%|████▎     | 587M/1.37G [00:10<00:12, 62.5MB/s]Downloading pytorch_model.bin:  44%|████▎     | 598M/1.37G [00:10<00:12, 62.8MB/s]Downloading pytorch_model.bin:  44%|████▍     | 608M/1.37G [00:10<00:12, 62.6MB/s]Downloading pytorch_model.bin:  45%|████▌     | 619M/1.37G [00:11<00:11, 62.6MB/s]Downloading pytorch_model.bin:  46%|████▌     | 629M/1.37G [00:11<00:11, 62.4MB/s]Downloading pytorch_model.bin:  47%|████▋     | 640M/1.37G [00:11<00:11, 62.2MB/s]Downloading pytorch_model.bin:  48%|████▊     | 650M/1.37G [00:11<00:11, 62.1MB/s]Downloading pytorch_model.bin:  48%|████▊     | 661M/1.37G [00:11<00:11, 62.3MB/s]Downloading pytorch_model.bin:  49%|████▉     | 671M/1.37G [00:11<00:11, 62.2MB/s]Downloading pytorch_model.bin:  50%|████▉     | 682M/1.37G [00:12<00:11, 62.2MB/s]Downloading pytorch_model.bin:  51%|█████     | 692M/1.37G [00:12<00:11, 60.2MB/s]Downloading pytorch_model.bin:  51%|█████▏    | 703M/1.37G [00:12<00:11, 59.9MB/s]Downloading pytorch_model.bin:  52%|█████▏    | 713M/1.37G [00:12<00:10, 60.3MB/s]Downloading pytorch_model.bin:  53%|█████▎    | 724M/1.37G [00:12<00:10, 60.7MB/s]Downloading pytorch_model.bin:  54%|█████▎    | 734M/1.37G [00:12<00:10, 60.7MB/s]Downloading pytorch_model.bin:  54%|█████▍    | 744M/1.37G [00:13<00:10, 60.5MB/s]Downloading pytorch_model.bin:  55%|█████▌    | 755M/1.37G [00:13<00:10, 61.0MB/s]Downloading pytorch_model.bin:  56%|█████▌    | 765M/1.37G [00:13<00:09, 61.3MB/s]Downloading pytorch_model.bin:  57%|█████▋    | 776M/1.37G [00:13<00:09, 61.5MB/s]Downloading pytorch_model.bin:  58%|█████▊    | 786M/1.37G [00:13<00:09, 61.6MB/s]Downloading pytorch_model.bin:  58%|█████▊    | 797M/1.37G [00:13<00:09, 61.6MB/s]Downloading pytorch_model.bin:  59%|█████▉    | 807M/1.37G [00:14<00:09, 61.7MB/s]Downloading pytorch_model.bin:  60%|█████▉    | 818M/1.37G [00:14<00:08, 61.7MB/s]Downloading pytorch_model.bin:  61%|██████    | 828M/1.37G [00:14<00:08, 61.8MB/s]Downloading pytorch_model.bin:  61%|██████▏   | 839M/1.37G [00:14<00:08, 62.0MB/s]Downloading pytorch_model.bin:  62%|██████▏   | 849M/1.37G [00:14<00:08, 62.3MB/s]Downloading pytorch_model.bin:  63%|██████▎   | 860M/1.37G [00:15<00:08, 62.4MB/s]Downloading pytorch_model.bin:  64%|██████▎   | 870M/1.37G [00:15<00:07, 62.5MB/s]Downloading pytorch_model.bin:  64%|██████▍   | 881M/1.37G [00:15<00:07, 62.4MB/s]Downloading pytorch_model.bin:  65%|██████▌   | 891M/1.37G [00:15<00:11, 41.9MB/s]Downloading pytorch_model.bin:  66%|██████▌   | 902M/1.37G [00:15<00:10, 45.9MB/s]Downloading pytorch_model.bin:  67%|██████▋   | 912M/1.37G [00:16<00:09, 49.7MB/s]Downloading pytorch_model.bin:  67%|██████▋   | 923M/1.37G [00:16<00:08, 52.1MB/s]Downloading pytorch_model.bin:  68%|██████▊   | 933M/1.37G [00:16<00:07, 54.7MB/s]Downloading pytorch_model.bin:  69%|██████▉   | 944M/1.37G [00:16<00:07, 56.6MB/s]Downloading pytorch_model.bin:  70%|██████▉   | 954M/1.37G [00:16<00:07, 57.9MB/s]Downloading pytorch_model.bin:  71%|███████   | 965M/1.37G [00:16<00:06, 59.0MB/s]Downloading pytorch_model.bin:  71%|███████▏  | 975M/1.37G [00:17<00:06, 59.7MB/s]Downloading pytorch_model.bin:  72%|███████▏  | 986M/1.37G [00:17<00:06, 60.3MB/s]Downloading pytorch_model.bin:  73%|███████▎  | 996M/1.37G [00:17<00:06, 60.7MB/s]Downloading pytorch_model.bin:  74%|███████▎  | 1.01G/1.37G [00:17<00:05, 61.1MB/s]Downloading pytorch_model.bin:  74%|███████▍  | 1.02G/1.37G [00:17<00:05, 61.3MB/s]Downloading pytorch_model.bin:  75%|███████▌  | 1.03G/1.37G [00:18<00:05, 61.7MB/s]Downloading pytorch_model.bin:  76%|███████▌  | 1.04G/1.37G [00:18<00:05, 61.8MB/s]Downloading pytorch_model.bin:  77%|███████▋  | 1.05G/1.37G [00:18<00:05, 62.1MB/s]Downloading pytorch_model.bin:  77%|███████▋  | 1.06G/1.37G [00:18<00:04, 62.2MB/s]Downloading pytorch_model.bin:  78%|███████▊  | 1.07G/1.37G [00:18<00:04, 62.1MB/s]Downloading pytorch_model.bin:  79%|███████▉  | 1.08G/1.37G [00:18<00:04, 62.2MB/s]Downloading pytorch_model.bin:  80%|███████▉  | 1.09G/1.37G [00:19<00:04, 62.1MB/s]Downloading pytorch_model.bin:  81%|████████  | 1.10G/1.37G [00:19<00:04, 62.1MB/s]Downloading pytorch_model.bin:  81%|████████▏ | 1.11G/1.37G [00:19<00:04, 62.1MB/s]Downloading pytorch_model.bin:  82%|████████▏ | 1.12G/1.37G [00:19<00:03, 62.0MB/s]Downloading pytorch_model.bin:  83%|████████▎ | 1.13G/1.37G [00:19<00:03, 62.1MB/s]Downloading pytorch_model.bin:  84%|████████▎ | 1.14G/1.37G [00:19<00:03, 62.2MB/s]Downloading pytorch_model.bin:  84%|████████▍ | 1.15G/1.37G [00:20<00:03, 62.3MB/s]Downloading pytorch_model.bin:  85%|████████▌ | 1.16G/1.37G [00:20<00:03, 62.4MB/s]Downloading pytorch_model.bin:  86%|████████▌ | 1.17G/1.37G [00:20<00:03, 61.9MB/s]Downloading pytorch_model.bin:  87%|████████▋ | 1.18G/1.37G [00:20<00:02, 61.9MB/s]Downloading pytorch_model.bin:  87%|████████▋ | 1.20G/1.37G [00:20<00:02, 62.0MB/s]Downloading pytorch_model.bin:  88%|████████▊ | 1.21G/1.37G [00:20<00:02, 62.2MB/s]Downloading pytorch_model.bin:  89%|████████▉ | 1.22G/1.37G [00:21<00:02, 62.3MB/s]Downloading pytorch_model.bin:  90%|████████▉ | 1.23G/1.37G [00:21<00:02, 62.4MB/s]Downloading pytorch_model.bin:  90%|█████████ | 1.24G/1.37G [00:21<00:02, 59.5MB/s]Downloading pytorch_model.bin:  91%|█████████ | 1.25G/1.37G [00:21<00:02, 59.7MB/s]Downloading pytorch_model.bin:  92%|█████████▏| 1.26G/1.37G [00:21<00:01, 60.3MB/s]Downloading pytorch_model.bin:  93%|█████████▎| 1.27G/1.37G [00:21<00:01, 60.9MB/s]Downloading pytorch_model.bin:  94%|█████████▎| 1.28G/1.37G [00:22<00:01, 61.3MB/s]Downloading pytorch_model.bin:  94%|█████████▍| 1.29G/1.37G [00:22<00:01, 61.7MB/s]Downloading pytorch_model.bin:  95%|█████████▌| 1.30G/1.37G [00:22<00:01, 50.7MB/s]Downloading pytorch_model.bin:  96%|█████████▌| 1.31G/1.37G [00:22<00:01, 53.8MB/s]Downloading pytorch_model.bin:  97%|█████████▋| 1.32G/1.37G [00:22<00:00, 55.9MB/s]Downloading pytorch_model.bin:  97%|█████████▋| 1.33G/1.37G [00:23<00:00, 57.8MB/s]Downloading pytorch_model.bin:  98%|█████████▊| 1.34G/1.37G [00:23<00:00, 59.1MB/s]Downloading pytorch_model.bin:  99%|█████████▉| 1.35G/1.37G [00:23<00:00, 56.3MB/s]Downloading pytorch_model.bin: 100%|█████████▉| 1.36G/1.37G [00:23<00:00, 43.9MB/s]Downloading pytorch_model.bin: 100%|██████████| 1.37G/1.37G [00:23<00:00, 57.3MB/s]
Some weights of DPTForDepthEstimation were not initialized from the model checkpoint at Intel/dpt-large and are newly initialized: ['neck.fusion_stage.layers.0.residual_layer1.convolution1.weight', 'neck.fusion_stage.layers.0.residual_layer1.convolution2.bias', 'neck.fusion_stage.layers.0.residual_layer1.convolution2.weight', 'neck.fusion_stage.layers.0.residual_layer1.convolution1.bias']
You should probably TRAIN this model on a down-stream task to be able to use it for predictions and inference.
Downloading (…)rocessor_config.json:   0%|          | 0.00/285 [00:00<?, ?B/s]Downloading (…)rocessor_config.json: 100%|██████████| 285/285 [00:00<00:00, 1.78MB/s]
Could not find image processor class in the image processor config or the model config. Loading based on pattern matching with the model's feature extractor configuration.
Downloading (…)lve/main/config.json:   0%|          | 0.00/920 [00:00<?, ?B/s]Downloading (…)lve/main/config.json: 100%|██████████| 920/920 [00:00<00:00, 4.85MB/s]
Downloading (…)on_pytorch_model.bin:   0%|          | 0.00/1.45G [00:00<?, ?B/s]Downloading (…)on_pytorch_model.bin:   1%|          | 10.5M/1.45G [00:01<03:52, 6.18MB/s]Downloading (…)on_pytorch_model.bin:   1%|▏         | 21.0M/1.45G [00:02<02:08, 11.1MB/s]Downloading (…)on_pytorch_model.bin:   2%|▏         | 31.5M/1.45G [00:02<01:42, 13.8MB/s]Downloading (…)on_pytorch_model.bin:   3%|▎         | 41.9M/1.45G [00:03<01:30, 15.5MB/s]Downloading (…)on_pytorch_model.bin:   4%|▎         | 52.4M/1.45G [00:03<01:17, 18.0MB/s]Downloading (…)on_pytorch_model.bin:   4%|▍         | 62.9M/1.45G [00:04<01:14, 18.5MB/s]Downloading (…)on_pytorch_model.bin:   5%|▌         | 73.4M/1.45G [00:04<01:13, 18.8MB/s]Downloading (…)on_pytorch_model.bin:   6%|▌         | 83.9M/1.45G [00:05<01:07, 20.3MB/s]Downloading (…)on_pytorch_model.bin:   7%|▋         | 94.4M/1.45G [00:05<01:07, 20.1MB/s]Downloading (…)on_pytorch_model.bin:   7%|▋         | 105M/1.45G [00:06<01:02, 21.5MB/s] Downloading (…)on_pytorch_model.bin:   8%|▊         | 115M/1.45G [00:06<01:03, 20.8MB/s]Downloading (…)on_pytorch_model.bin:   9%|▊         | 126M/1.45G [00:07<01:04, 20.3MB/s]Downloading (…)on_pytorch_model.bin:   9%|▉         | 136M/1.45G [00:07<01:00, 21.6MB/s]Downloading (…)on_pytorch_model.bin:  10%|█         | 147M/1.45G [00:08<01:02, 20.8MB/s]Downloading (…)on_pytorch_model.bin:  11%|█         | 157M/1.45G [00:08<00:58, 22.0MB/s]Downloading (…)on_pytorch_model.bin:  12%|█▏        | 168M/1.45G [00:09<01:00, 21.1MB/s]Downloading (…)on_pytorch_model.bin:  12%|█▏        | 178M/1.45G [00:09<00:56, 22.2MB/s]Downloading (…)on_pytorch_model.bin:  13%|█▎        | 189M/1.45G [00:10<00:59, 21.3MB/s]Downloading (…)on_pytorch_model.bin:  14%|█▍        | 199M/1.45G [00:10<01:00, 20.7MB/s]Downloading (…)on_pytorch_model.bin:  15%|█▍        | 210M/1.45G [00:10<00:56, 21.9MB/s]Downloading (…)on_pytorch_model.bin:  15%|█▌        | 220M/1.45G [00:11<00:58, 21.0MB/s]Downloading (…)on_pytorch_model.bin:  16%|█▌        | 231M/1.45G [00:11<00:55, 21.8MB/s]Downloading (…)on_pytorch_model.bin:  17%|█▋        | 241M/1.45G [00:12<00:56, 21.4MB/s]Downloading (…)on_pytorch_model.bin:  17%|█▋        | 252M/1.45G [00:13<00:57, 20.7MB/s]Downloading (…)on_pytorch_model.bin:  18%|█▊        | 262M/1.45G [00:13<00:53, 21.9MB/s]Downloading (…)on_pytorch_model.bin:  19%|█▉        | 273M/1.45G [00:14<00:56, 20.8MB/s]Downloading (…)on_pytorch_model.bin:  20%|█▉        | 283M/1.45G [00:14<00:57, 20.3MB/s]Downloading (…)on_pytorch_model.bin:  20%|██        | 294M/1.45G [00:14<00:53, 21.6MB/s]Downloading (…)on_pytorch_model.bin:  21%|██        | 304M/1.45G [00:15<00:54, 20.9MB/s]Downloading (…)on_pytorch_model.bin:  22%|██▏       | 315M/1.45G [00:16<00:55, 20.4MB/s]Downloading (…)on_pytorch_model.bin:  22%|██▏       | 325M/1.45G [00:16<00:51, 21.6MB/s]Downloading (…)on_pytorch_model.bin:  23%|██▎       | 336M/1.45G [00:17<00:53, 20.9MB/s]Downloading (…)on_pytorch_model.bin:  24%|██▍       | 346M/1.45G [00:17<00:49, 22.0MB/s]Downloading (…)on_pytorch_model.bin:  25%|██▍       | 357M/1.45G [00:17<00:51, 21.2MB/s]Downloading (…)on_pytorch_model.bin:  25%|██▌       | 367M/1.45G [00:18<00:52, 20.6MB/s]Downloading (…)on_pytorch_model.bin:  26%|██▌       | 377M/1.45G [00:18<00:48, 21.8MB/s]Downloading (…)on_pytorch_model.bin:  27%|██▋       | 388M/1.45G [00:19<00:50, 21.0MB/s]Downloading (…)on_pytorch_model.bin:  28%|██▊       | 398M/1.45G [00:19<00:47, 22.0MB/s]Downloading (…)on_pytorch_model.bin:  28%|██▊       | 409M/1.45G [00:20<00:48, 21.2MB/s]Downloading (…)on_pytorch_model.bin:  29%|██▉       | 419M/1.45G [00:20<00:49, 20.7MB/s]Downloading (…)on_pytorch_model.bin:  30%|██▉       | 430M/1.45G [00:21<00:46, 21.8MB/s]Downloading (…)on_pytorch_model.bin:  30%|███       | 440M/1.45G [00:21<00:47, 21.0MB/s]Downloading (…)on_pytorch_model.bin:  31%|███       | 451M/1.45G [00:22<00:44, 22.1MB/s]Downloading (…)on_pytorch_model.bin:  32%|███▏      | 461M/1.45G [00:22<00:46, 21.1MB/s]Downloading (…)on_pytorch_model.bin:  33%|███▎      | 472M/1.45G [00:23<00:47, 20.3MB/s]Downloading (…)on_pytorch_model.bin:  33%|███▎      | 482M/1.45G [00:23<00:44, 21.6MB/s]Downloading (…)on_pytorch_model.bin:  34%|███▍      | 493M/1.45G [00:24<00:45, 20.9MB/s]Downloading (…)on_pytorch_model.bin:  35%|███▍      | 503M/1.45G [00:24<00:46, 20.4MB/s]Downloading (…)on_pytorch_model.bin:  36%|███▌      | 514M/1.45G [00:25<00:43, 21.6MB/s]Downloading (…)on_pytorch_model.bin:  36%|███▋      | 524M/1.45G [00:25<00:44, 20.7MB/s]Downloading (…)on_pytorch_model.bin:  37%|███▋      | 535M/1.45G [00:26<00:44, 20.3MB/s]Downloading (…)on_pytorch_model.bin:  38%|███▊      | 545M/1.45G [00:26<00:41, 21.5MB/s]Downloading (…)on_pytorch_model.bin:  38%|███▊      | 556M/1.45G [00:27<00:42, 20.7MB/s]Downloading (…)on_pytorch_model.bin:  39%|███▉      | 566M/1.45G [00:27<00:40, 21.9MB/s]Downloading (…)on_pytorch_model.bin:  40%|███▉      | 577M/1.45G [00:28<00:41, 21.1MB/s]Downloading (…)on_pytorch_model.bin:  41%|████      | 587M/1.45G [00:28<00:41, 20.5MB/s]Downloading (…)on_pytorch_model.bin:  41%|████▏     | 598M/1.45G [00:29<00:38, 21.7MB/s]Downloading (…)on_pytorch_model.bin:  42%|████▏     | 608M/1.45G [00:29<00:39, 21.0MB/s]Downloading (…)on_pytorch_model.bin:  43%|████▎     | 619M/1.45G [00:30<00:37, 22.1MB/s]Downloading (…)on_pytorch_model.bin:  44%|████▎     | 629M/1.45G [00:30<00:38, 21.2MB/s]Downloading (…)on_pytorch_model.bin:  44%|████▍     | 640M/1.45G [00:31<00:39, 20.6MB/s]Downloading (…)on_pytorch_model.bin:  45%|████▍     | 650M/1.45G [00:31<00:36, 21.8MB/s]Downloading (…)on_pytorch_model.bin:  46%|████▌     | 661M/1.45G [00:32<00:37, 21.0MB/s]Downloading (…)on_pytorch_model.bin:  46%|████▋     | 671M/1.45G [00:32<00:35, 22.1MB/s]Downloading (…)on_pytorch_model.bin:  47%|████▋     | 682M/1.45G [00:33<00:35, 21.2MB/s]Downloading (…)on_pytorch_model.bin:  48%|████▊     | 692M/1.45G [00:33<00:36, 20.6MB/s]Downloading (…)on_pytorch_model.bin:  49%|████▊     | 703M/1.45G [00:34<00:34, 21.8MB/s]Downloading (…)on_pytorch_model.bin:  49%|████▉     | 713M/1.45G [00:34<00:34, 21.0MB/s]Downloading (…)on_pytorch_model.bin:  50%|█████     | 724M/1.45G [00:35<00:32, 22.1MB/s]Downloading (…)on_pytorch_model.bin:  51%|█████     | 734M/1.45G [00:35<00:33, 21.2MB/s]Downloading (…)on_pytorch_model.bin:  52%|█████▏    | 744M/1.45G [00:36<00:33, 20.6MB/s]Downloading (…)on_pytorch_model.bin:  52%|█████▏    | 755M/1.45G [00:36<00:31, 21.8MB/s]Downloading (…)on_pytorch_model.bin:  53%|█████▎    | 765M/1.45G [00:37<00:32, 21.0MB/s]Downloading (…)on_pytorch_model.bin:  54%|█████▎    | 776M/1.45G [00:37<00:30, 22.1MB/s]Downloading (…)on_pytorch_model.bin:  54%|█████▍    | 786M/1.45G [00:38<00:31, 21.2MB/s]Downloading (…)on_pytorch_model.bin:  55%|█████▌    | 797M/1.45G [00:38<00:29, 22.3MB/s]Downloading (…)on_pytorch_model.bin:  56%|█████▌    | 807M/1.45G [00:39<00:29, 21.3MB/s]Downloading (…)on_pytorch_model.bin:  57%|█████▋    | 818M/1.45G [00:39<00:30, 20.4MB/s]Downloading (…)on_pytorch_model.bin:  57%|█████▋    | 828M/1.45G [00:40<00:28, 21.4MB/s]Downloading (…)on_pytorch_model.bin:  58%|█████▊    | 839M/1.45G [00:40<00:29, 20.6MB/s]Downloading (…)on_pytorch_model.bin:  59%|█████▉    | 849M/1.45G [00:41<00:30, 19.4MB/s]Downloading (…)on_pytorch_model.bin:  59%|█████▉    | 860M/1.45G [00:41<00:30, 19.3MB/s]Downloading (…)on_pytorch_model.bin:  60%|██████    | 870M/1.45G [00:42<00:28, 20.2MB/s]Downloading (…)on_pytorch_model.bin:  61%|██████    | 881M/1.45G [00:42<00:28, 19.6MB/s]Downloading (…)on_pytorch_model.bin:  62%|██████▏   | 891M/1.45G [00:43<00:29, 19.1MB/s]Downloading (…)on_pytorch_model.bin:  62%|██████▏   | 902M/1.45G [00:44<00:28, 18.9MB/s]Downloading (…)on_pytorch_model.bin:  63%|██████▎   | 912M/1.45G [00:44<00:26, 20.3MB/s]Downloading (…)on_pytorch_model.bin:  64%|██████▍   | 923M/1.45G [00:45<00:26, 19.8MB/s]Downloading (…)on_pytorch_model.bin:  65%|██████▍   | 933M/1.45G [00:45<00:26, 19.3MB/s]Downloading (…)on_pytorch_model.bin:  65%|██████▌   | 944M/1.45G [00:46<00:24, 20.7MB/s]Downloading (…)on_pytorch_model.bin:  66%|██████▌   | 954M/1.45G [00:46<00:24, 20.3MB/s]Downloading (…)on_pytorch_model.bin:  67%|██████▋   | 965M/1.45G [00:47<00:23, 20.0MB/s]Downloading (…)on_pytorch_model.bin:  67%|██████▋   | 975M/1.45G [00:47<00:21, 21.4MB/s]Downloading (…)on_pytorch_model.bin:  68%|██████▊   | 986M/1.45G [00:48<00:22, 20.7MB/s]Downloading (…)on_pytorch_model.bin:  69%|██████▉   | 996M/1.45G [00:48<00:20, 21.9MB/s]Downloading (…)on_pytorch_model.bin:  70%|██████▉   | 1.01G/1.45G [00:49<00:20, 21.1MB/s]Downloading (…)on_pytorch_model.bin:  70%|███████   | 1.02G/1.45G [00:49<00:20, 20.4MB/s]Downloading (…)on_pytorch_model.bin:  71%|███████   | 1.03G/1.45G [00:50<00:19, 21.7MB/s]Downloading (…)on_pytorch_model.bin:  72%|███████▏  | 1.04G/1.45G [00:50<00:19, 20.9MB/s]Downloading (…)on_pytorch_model.bin:  73%|███████▎  | 1.05G/1.45G [00:50<00:17, 22.1MB/s]Downloading (…)on_pytorch_model.bin:  73%|███████▎  | 1.06G/1.45G [00:51<00:18, 21.2MB/s]Downloading (…)on_pytorch_model.bin:  74%|███████▍  | 1.07G/1.45G [00:51<00:16, 22.3MB/s]Downloading (…)on_pytorch_model.bin:  75%|███████▍  | 1.08G/1.45G [00:52<00:17, 21.3MB/s]Downloading (…)on_pytorch_model.bin:  75%|███████▌  | 1.09G/1.45G [00:52<00:17, 20.7MB/s]Downloading (…)on_pytorch_model.bin:  76%|███████▌  | 1.10G/1.45G [00:53<00:15, 21.9MB/s]Downloading (…)on_pytorch_model.bin:  77%|███████▋  | 1.11G/1.45G [00:53<00:15, 21.1MB/s]Downloading (…)on_pytorch_model.bin:  78%|███████▊  | 1.12G/1.45G [00:54<00:14, 22.2MB/s]Downloading (…)on_pytorch_model.bin:  78%|███████▊  | 1.13G/1.45G [00:54<00:14, 21.2MB/s]Downloading (…)on_pytorch_model.bin:  79%|███████▉  | 1.14G/1.45G [00:55<00:14, 20.6MB/s]Downloading (…)on_pytorch_model.bin:  80%|███████▉  | 1.15G/1.45G [00:55<00:13, 21.7MB/s]Downloading (…)on_pytorch_model.bin:  81%|████████  | 1.16G/1.45G [00:56<00:13, 21.0MB/s]Downloading (…)on_pytorch_model.bin:  81%|████████▏ | 1.17G/1.45G [00:56<00:12, 21.8MB/s]Downloading (…)on_pytorch_model.bin:  82%|████████▏ | 1.18G/1.45G [00:57<00:12, 21.3MB/s]Downloading (…)on_pytorch_model.bin:  83%|████████▎ | 1.20G/1.45G [00:57<00:11, 22.4MB/s]Downloading (…)on_pytorch_model.bin:  83%|████████▎ | 1.21G/1.45G [00:58<00:11, 21.4MB/s]Downloading (…)on_pytorch_model.bin:  84%|████████▍ | 1.22G/1.45G [00:58<00:11, 20.7MB/s]Downloading (…)on_pytorch_model.bin:  85%|████████▍ | 1.23G/1.45G [00:59<00:09, 21.9MB/s]Downloading (…)on_pytorch_model.bin:  86%|████████▌ | 1.24G/1.45G [00:59<00:09, 21.1MB/s]Downloading (…)on_pytorch_model.bin:  86%|████████▋ | 1.25G/1.45G [01:00<00:09, 20.5MB/s]Downloading (…)on_pytorch_model.bin:  87%|████████▋ | 1.26G/1.45G [01:00<00:08, 21.7MB/s]Downloading (…)on_pytorch_model.bin:  88%|████████▊ | 1.27G/1.45G [01:01<00:08, 20.9MB/s]Downloading (…)on_pytorch_model.bin:  89%|████████▊ | 1.28G/1.45G [01:01<00:07, 22.0MB/s]Downloading (…)on_pytorch_model.bin:  89%|████████▉ | 1.29G/1.45G [01:02<00:07, 21.1MB/s]Downloading (…)on_pytorch_model.bin:  90%|████████▉ | 1.30G/1.45G [01:02<00:07, 20.4MB/s]Downloading (…)on_pytorch_model.bin:  91%|█████████ | 1.31G/1.45G [01:03<00:06, 21.6MB/s]Downloading (…)on_pytorch_model.bin:  91%|█████████▏| 1.32G/1.45G [01:03<00:06, 20.7MB/s]Downloading (…)on_pytorch_model.bin:  92%|█████████▏| 1.33G/1.45G [01:04<00:05, 20.3MB/s]Downloading (…)on_pytorch_model.bin:  93%|█████████▎| 1.34G/1.45G [01:04<00:04, 21.5MB/s]Downloading (…)on_pytorch_model.bin:  94%|█████████▎| 1.35G/1.45G [01:05<00:04, 20.8MB/s]Downloading (…)on_pytorch_model.bin:  94%|█████████▍| 1.36G/1.45G [01:05<00:04, 20.4MB/s]Downloading (…)on_pytorch_model.bin:  95%|█████████▌| 1.37G/1.45G [01:06<00:03, 21.6MB/s]Downloading (…)on_pytorch_model.bin:  96%|█████████▌| 1.38G/1.45G [01:07<00:03, 18.4MB/s]Downloading (…)on_pytorch_model.bin:  96%|█████████▋| 1.39G/1.45G [01:07<00:02, 23.0MB/s]Downloading (…)on_pytorch_model.bin:  97%|█████████▋| 1.41G/1.45G [01:07<00:01, 21.2MB/s]Downloading (…)on_pytorch_model.bin:  98%|█████████▊| 1.42G/1.45G [01:08<00:01, 21.2MB/s]Downloading (…)on_pytorch_model.bin:  99%|█████████▊| 1.43G/1.45G [01:08<00:00, 22.3MB/s]Downloading (…)on_pytorch_model.bin:  99%|█████████▉| 1.44G/1.45G [01:09<00:00, 21.1MB/s]Downloading (…)on_pytorch_model.bin: 100%|██████████| 1.45G/1.45G [01:09<00:00, 21.3MB/s]Downloading (…)on_pytorch_model.bin: 100%|██████████| 1.45G/1.45G [01:09<00:00, 20.7MB/s]
You have disabled the safety checker for <class 'diffusers.pipelines.stable_diffusion.pipeline_stable_diffusion_controlnet.StableDiffusionControlNetPipeline'> by passing `safety_checker=None`. Ensure that you abide to the conditions of the Stable Diffusion license and do not expose unfiltered results in services or applications open to the public. Both the diffusers team and Hugging Face strongly recommend to keep the safety filter enabled in all public facing circumstances, disabling it only for use-cases that involve analyzing network behavior or auditing its results. For more information, please have a look at https://github.com/huggingface/diffusers/pull/254 .
  0%|          | 0/50 [00:00<?, ?it/s]  2%|▏         | 1/50 [00:00<00:07,  6.56it/s]  8%|▊         | 4/50 [00:00<00:02, 15.51it/s] 14%|█▍        | 7/50 [00:00<00:02, 18.83it/s] 20%|██        | 10/50 [00:00<00:01, 20.50it/s] 26%|██▌       | 13/50 [00:00<00:01, 21.44it/s] 32%|███▏      | 16/50 [00:00<00:01, 21.97it/s] 38%|███▊      | 19/50 [00:00<00:01, 22.40it/s] 44%|████▍     | 22/50 [00:01<00:01, 22.61it/s] 50%|█████     | 25/50 [00:01<00:01, 22.75it/s] 56%|█████▌    | 28/50 [00:01<00:00, 22.88it/s] 62%|██████▏   | 31/50 [00:01<00:00, 22.95it/s] 68%|██████▊   | 34/50 [00:01<00:00, 23.01it/s] 74%|███████▍  | 37/50 [00:01<00:00, 23.08it/s] 80%|████████  | 40/50 [00:01<00:00, 23.10it/s] 86%|████████▌ | 43/50 [00:01<00:00, 23.18it/s] 92%|█████████▏| 46/50 [00:02<00:00, 23.19it/s] 98%|█████████▊| 49/50 [00:02<00:00, 23.23it/s]100%|██████████| 50/50 [00:02<00:00, 22.03it/s]
  0%|          | 0/80 [00:00<?, ?it/s]  4%|▍         | 3/80 [00:00<00:02, 26.36it/s]  8%|▊         | 6/80 [00:00<00:02, 26.32it/s] 11%|█▏        | 9/80 [00:00<00:02, 26.28it/s] 15%|█▌        | 12/80 [00:00<00:02, 26.27it/s] 19%|█▉        | 15/80 [00:00<00:02, 26.27it/s] 22%|██▎       | 18/80 [00:00<00:02, 26.23it/s] 26%|██▋       | 21/80 [00:00<00:02, 26.23it/s] 30%|███       | 24/80 [00:00<00:02, 26.01it/s] 34%|███▍      | 27/80 [00:01<00:02, 26.02it/s] 38%|███▊      | 30/80 [00:01<00:01, 26.06it/s] 41%|████▏     | 33/80 [00:01<00:01, 26.10it/s] 45%|████▌     | 36/80 [00:01<00:01, 26.12it/s] 49%|████▉     | 39/80 [00:01<00:01, 25.89it/s] 52%|█████▎    | 42/80 [00:01<00:01, 25.97it/s] 56%|█████▋    | 45/80 [00:01<00:01, 26.03it/s] 60%|██████    | 48/80 [00:01<00:01, 26.02it/s] 64%|██████▍   | 51/80 [00:01<00:01, 25.99it/s] 68%|██████▊   | 54/80 [00:02<00:00, 26.02it/s] 71%|███████▏  | 57/80 [00:02<00:00, 26.05it/s] 75%|███████▌  | 60/80 [00:02<00:00, 26.09it/s] 79%|███████▉  | 63/80 [00:02<00:00, 26.08it/s] 82%|████████▎ | 66/80 [00:02<00:00, 26.10it/s] 86%|████████▋ | 69/80 [00:02<00:00, 26.09it/s] 90%|█████████ | 72/80 [00:02<00:00, 25.52it/s] 94%|█████████▍| 75/80 [00:02<00:00, 25.67it/s] 98%|█████████▊| 78/80 [00:02<00:00, 25.78it/s]100%|██████████| 80/80 [00:03<00:00, 26.01it/s]
  0%|          | 0/80 [00:00<?, ?it/s]  4%|▍         | 3/80 [00:00<00:03, 24.71it/s]  8%|▊         | 6/80 [00:00<00:02, 25.62it/s] 11%|█▏        | 9/80 [00:00<00:02, 25.90it/s] 15%|█▌        | 12/80 [00:00<00:02, 26.02it/s] 19%|█▉        | 15/80 [00:00<00:02, 26.07it/s] 22%|██▎       | 18/80 [00:00<00:02, 26.12it/s] 26%|██▋       | 21/80 [00:00<00:02, 25.99it/s] 30%|███       | 24/80 [00:00<00:02, 26.06it/s] 34%|███▍      | 27/80 [00:01<00:02, 26.07it/s] 38%|███▊      | 30/80 [00:01<00:01, 26.09it/s] 41%|████▏     | 33/80 [00:01<00:01, 26.11it/s] 45%|████▌     | 36/80 [00:01<00:01, 26.13it/s] 49%|████▉     | 39/80 [00:01<00:01, 26.12it/s] 52%|█████▎    | 42/80 [00:01<00:01, 26.12it/s] 56%|█████▋    | 45/80 [00:01<00:01, 26.10it/s] 60%|██████    | 48/80 [00:01<00:01, 26.13it/s] 64%|██████▍   | 51/80 [00:01<00:01, 26.12it/s] 68%|██████▊   | 54/80 [00:02<00:00, 26.13it/s] 71%|███████▏  | 57/80 [00:02<00:00, 26.14it/s] 75%|███████▌  | 60/80 [00:02<00:00, 26.14it/s] 79%|███████▉  | 63/80 [00:02<00:00, 26.13it/s] 82%|████████▎ | 66/80 [00:02<00:00, 26.12it/s] 86%|████████▋ | 69/80 [00:02<00:00, 26.08it/s] 90%|█████████ | 72/80 [00:02<00:00, 26.07it/s] 94%|█████████▍| 75/80 [00:02<00:00, 26.05it/s] 98%|█████████▊| 78/80 [00:02<00:00, 26.06it/s]100%|██████████| 80/80 [00:03<00:00, 26.06it/s]
  0%|          | 0/80 [00:00<?, ?it/s]  4%|▍         | 3/80 [00:00<00:03, 24.69it/s]  8%|▊         | 6/80 [00:00<00:02, 25.61it/s] 11%|█▏        | 9/80 [00:00<00:02, 25.97it/s] 15%|█▌        | 12/80 [00:00<00:02, 26.19it/s] 19%|█▉        | 15/80 [00:00<00:02, 26.28it/s] 22%|██▎       | 18/80 [00:00<00:02, 26.34it/s] 26%|██▋       | 21/80 [00:00<00:02, 26.38it/s] 30%|███       | 24/80 [00:00<00:02, 26.40it/s] 34%|███▍      | 27/80 [00:01<00:02, 26.30it/s] 38%|███▊      | 30/80 [00:01<00:01, 26.26it/s] 41%|████▏     | 33/80 [00:01<00:01, 26.27it/s] 45%|████▌     | 36/80 [00:01<00:01, 26.32it/s] 49%|████▉     | 39/80 [00:01<00:01, 26.36it/s] 52%|█████▎    | 42/80 [00:01<00:01, 26.38it/s] 56%|█████▋    | 45/80 [00:01<00:01, 26.39it/s] 60%|██████    | 48/80 [00:01<00:01, 26.42it/s] 64%|██████▍   | 51/80 [00:01<00:01, 26.40it/s] 68%|██████▊   | 54/80 [00:02<00:00, 26.32it/s] 71%|███████▏  | 57/80 [00:02<00:00, 26.31it/s] 75%|███████▌  | 60/80 [00:02<00:00, 26.32it/s] 79%|███████▉  | 63/80 [00:02<00:00, 26.34it/s] 82%|████████▎ | 66/80 [00:02<00:00, 26.35it/s] 86%|████████▋ | 69/80 [00:02<00:00, 26.37it/s] 90%|█████████ | 72/80 [00:02<00:00, 26.38it/s] 94%|█████████▍| 75/80 [00:02<00:00, 26.37it/s] 98%|█████████▊| 78/80 [00:02<00:00, 26.34it/s]100%|██████████| 80/80 [00:03<00:00, 26.29it/s]
  0%|          | 0/80 [00:00<?, ?it/s]  4%|▍         | 3/80 [00:00<00:03, 24.24it/s]  8%|▊         | 6/80 [00:00<00:03, 24.52it/s] 11%|█▏        | 9/80 [00:00<00:02, 25.26it/s] 15%|█▌        | 12/80 [00:00<00:02, 25.70it/s] 19%|█▉        | 15/80 [00:00<00:02, 25.96it/s] 22%|██▎       | 18/80 [00:00<00:02, 26.11it/s] 26%|██▋       | 21/80 [00:00<00:02, 26.21it/s] 30%|███       | 24/80 [00:00<00:02, 26.27it/s] 34%|███▍      | 27/80 [00:01<00:02, 26.30it/s] 38%|███▊      | 30/80 [00:01<00:01, 26.31it/s] 41%|████▏     | 33/80 [00:01<00:01, 26.32it/s] 45%|████▌     | 36/80 [00:01<00:01, 26.32it/s] 49%|████▉     | 39/80 [00:01<00:01, 26.31it/s] 52%|█████▎    | 42/80 [00:01<00:01, 26.30it/s] 56%|█████▋    | 45/80 [00:01<00:01, 26.31it/s] 60%|██████    | 48/80 [00:01<00:01, 26.30it/s] 64%|██████▍   | 51/80 [00:01<00:01, 26.31it/s] 68%|██████▊   | 54/80 [00:02<00:00, 26.03it/s] 71%|███████▏  | 57/80 [00:02<00:00, 26.12it/s] 75%|███████▌  | 60/80 [00:02<00:00, 26.18it/s] 79%|███████▉  | 63/80 [00:02<00:00, 26.20it/s] 82%|████████▎ | 66/80 [00:02<00:00, 26.21it/s] 86%|████████▋ | 69/80 [00:02<00:00, 26.23it/s] 90%|█████████ | 72/80 [00:02<00:00, 26.24it/s] 94%|█████████▍| 75/80 [00:02<00:00, 26.25it/s] 98%|█████████▊| 78/80 [00:02<00:00, 26.23it/s]100%|██████████| 80/80 [00:03<00:00, 26.13it/s]
  0%|          | 0/80 [00:00<?, ?it/s]  4%|▍         | 3/80 [00:00<00:03, 24.37it/s]  8%|▊         | 6/80 [00:00<00:02, 25.39it/s] 11%|█▏        | 9/80 [00:00<00:02, 25.86it/s] 15%|█▌        | 12/80 [00:00<00:02, 26.10it/s] 19%|█▉        | 15/80 [00:00<00:02, 26.21it/s] 22%|██▎       | 18/80 [00:00<00:02, 26.27it/s] 26%|██▋       | 21/80 [00:00<00:02, 26.33it/s] 30%|███       | 24/80 [00:00<00:02, 26.37it/s] 34%|███▍      | 27/80 [00:01<00:02, 26.30it/s] 38%|███▊      | 30/80 [00:01<00:01, 26.24it/s] 41%|████▏     | 33/80 [00:01<00:01, 26.23it/s] 45%|████▌     | 36/80 [00:01<00:01, 26.27it/s] 49%|████▉     | 39/80 [00:01<00:01, 26.29it/s] 52%|█████▎    | 42/80 [00:01<00:01, 26.32it/s] 56%|█████▋    | 45/80 [00:01<00:01, 26.32it/s] 60%|██████    | 48/80 [00:01<00:01, 26.33it/s] 64%|██████▍   | 51/80 [00:01<00:01, 26.34it/s] 68%|██████▊   | 54/80 [00:02<00:00, 26.32it/s] 71%|███████▏  | 57/80 [00:02<00:00, 26.25it/s] 75%|███████▌  | 60/80 [00:02<00:00, 26.25it/s] 79%|███████▉  | 63/80 [00:02<00:00, 26.24it/s] 82%|████████▎ | 66/80 [00:02<00:00, 26.25it/s] 86%|████████▋ | 69/80 [00:02<00:00, 26.26it/s] 90%|█████████ | 72/80 [00:02<00:00, 26.26it/s] 94%|█████████▍| 75/80 [00:02<00:00, 26.27it/s] 98%|█████████▊| 78/80 [00:02<00:00, 26.24it/s]100%|██████████| 80/80 [00:03<00:00, 26.22it/s]
  0%|          | 0/80 [00:00<?, ?it/s]  4%|▍         | 3/80 [00:00<00:03, 24.30it/s]  8%|▊         | 6/80 [00:00<00:03, 24.62it/s] 11%|█▏        | 9/80 [00:00<00:02, 25.41it/s] 15%|█▌        | 12/80 [00:00<00:02, 25.76it/s] 19%|█▉        | 15/80 [00:00<00:02, 25.96it/s] 22%|██▎       | 18/80 [00:00<00:02, 26.05it/s] 26%|██▋       | 21/80 [00:00<00:02, 26.13it/s] 30%|███       | 24/80 [00:00<00:02, 26.14it/s] 34%|███▍      | 27/80 [00:01<00:02, 26.17it/s] 38%|███▊      | 30/80 [00:01<00:01, 26.17it/s] 41%|████▏     | 33/80 [00:01<00:01, 26.19it/s] 45%|████▌     | 36/80 [00:01<00:01, 26.20it/s] 49%|████▉     | 39/80 [00:01<00:01, 26.20it/s] 52%|█████▎    | 42/80 [00:01<00:01, 26.20it/s] 56%|█████▋    | 45/80 [00:01<00:01, 26.19it/s] 60%|██████    | 48/80 [00:01<00:01, 26.18it/s] 64%|██████▍   | 51/80 [00:01<00:01, 26.18it/s] 68%|██████▊   | 54/80 [00:02<00:00, 26.17it/s] 71%|███████▏  | 57/80 [00:02<00:00, 26.17it/s] 75%|███████▌  | 60/80 [00:02<00:00, 26.19it/s] 79%|███████▉  | 63/80 [00:02<00:00, 26.19it/s] 82%|████████▎ | 66/80 [00:02<00:00, 26.18it/s] 86%|████████▋ | 69/80 [00:02<00:00, 26.18it/s] 90%|█████████ | 72/80 [00:02<00:00, 26.19it/s] 94%|█████████▍| 75/80 [00:02<00:00, 26.19it/s] 98%|█████████▊| 78/80 [00:02<00:00, 26.17it/s]100%|██████████| 80/80 [00:03<00:00, 26.08it/s]
  0%|          | 0/80 [00:00<?, ?it/s]  4%|▍         | 3/80 [00:00<00:03, 24.25it/s]  8%|▊         | 6/80 [00:00<00:03, 24.36it/s] 11%|█▏        | 9/80 [00:00<00:02, 25.16it/s] 15%|█▌        | 12/80 [00:00<00:02, 25.56it/s] 19%|█▉        | 15/80 [00:00<00:02, 25.78it/s] 22%|██▎       | 18/80 [00:00<00:02, 25.91it/s] 26%|██▋       | 21/80 [00:00<00:02, 26.01it/s] 30%|███       | 24/80 [00:00<00:02, 26.07it/s] 34%|███▍      | 27/80 [00:01<00:02, 26.10it/s] 38%|███▊      | 30/80 [00:01<00:01, 26.10it/s] 41%|████▏     | 33/80 [00:01<00:01, 26.08it/s] 45%|████▌     | 36/80 [00:01<00:01, 26.10it/s] 49%|████▉     | 39/80 [00:01<00:01, 26.09it/s] 52%|█████▎    | 42/80 [00:01<00:01, 26.10it/s] 56%|█████▋    | 45/80 [00:01<00:01, 26.13it/s] 60%|██████    | 48/80 [00:01<00:01, 25.97it/s] 64%|██████▍   | 51/80 [00:01<00:01, 26.03it/s] 68%|██████▊   | 54/80 [00:02<00:00, 26.05it/s] 71%|███████▏  | 57/80 [00:02<00:00, 26.06it/s] 75%|███████▌  | 60/80 [00:02<00:00, 26.04it/s] 79%|███████▉  | 63/80 [00:02<00:00, 26.05it/s] 82%|████████▎ | 66/80 [00:02<00:00, 26.06it/s] 86%|████████▋ | 69/80 [00:02<00:00, 26.08it/s] 90%|█████████ | 72/80 [00:02<00:00, 26.08it/s] 94%|█████████▍| 75/80 [00:02<00:00, 26.09it/s] 98%|█████████▊| 78/80 [00:03<00:00, 26.09it/s]100%|██████████| 80/80 [00:03<00:00, 25.96it/s]
  0%|          | 0/80 [00:00<?, ?it/s]  4%|▍         | 3/80 [00:00<00:03, 24.31it/s]  8%|▊         | 6/80 [00:00<00:03, 24.55it/s] 11%|█▏        | 9/80 [00:00<00:02, 25.24it/s] 15%|█▌        | 12/80 [00:00<00:02, 25.61it/s] 19%|█▉        | 15/80 [00:00<00:02, 25.84it/s] 22%|██▎       | 18/80 [00:00<00:02, 25.96it/s] 26%|██▋       | 21/80 [00:00<00:02, 26.02it/s] 30%|███       | 24/80 [00:00<00:02, 26.06it/s] 34%|███▍      | 27/80 [00:01<00:02, 26.10it/s] 38%|███▊      | 30/80 [00:01<00:01, 25.96it/s] 41%|████▏     | 33/80 [00:01<00:01, 25.92it/s] 45%|████▌     | 36/80 [00:01<00:01, 25.96it/s] 49%|████▉     | 39/80 [00:01<00:01, 26.00it/s] 52%|█████▎    | 42/80 [00:01<00:01, 26.03it/s] 56%|█████▋    | 45/80 [00:01<00:01, 26.04it/s] 60%|██████    | 48/80 [00:01<00:01, 26.08it/s] 64%|██████▍   | 51/80 [00:01<00:01, 26.09it/s] 68%|██████▊   | 54/80 [00:02<00:00, 26.03it/s] 71%|███████▏  | 57/80 [00:02<00:00, 25.95it/s] 75%|███████▌  | 60/80 [00:02<00:00, 25.94it/s] 79%|███████▉  | 63/80 [00:02<00:00, 25.99it/s] 82%|████████▎ | 66/80 [00:02<00:00, 26.02it/s] 86%|████████▋ | 69/80 [00:02<00:00, 26.02it/s] 90%|█████████ | 72/80 [00:02<00:00, 26.03it/s] 94%|█████████▍| 75/80 [00:02<00:00, 26.06it/s] 98%|█████████▊| 78/80 [00:03<00:00, 26.04it/s]100%|██████████| 80/80 [00:03<00:00, 25.93it/s]
  0%|          | 0/80 [00:00<?, ?it/s]  4%|▍         | 3/80 [00:00<00:03, 24.20it/s]  8%|▊         | 6/80 [00:00<00:03, 24.55it/s] 11%|█▏        | 9/80 [00:00<00:02, 25.26it/s] 15%|█▌        | 12/80 [00:00<00:02, 25.60it/s] 19%|█▉        | 15/80 [00:00<00:02, 25.81it/s] 22%|██▎       | 18/80 [00:00<00:02, 25.91it/s] 26%|██▋       | 21/80 [00:00<00:02, 25.98it/s] 30%|███       | 24/80 [00:00<00:02, 26.00it/s] 34%|███▍      | 27/80 [00:01<00:02, 26.03it/s] 38%|███▊      | 30/80 [00:01<00:01, 25.91it/s] 41%|████▏     | 33/80 [00:01<00:01, 25.89it/s] 45%|████▌     | 36/80 [00:01<00:01, 25.91it/s] 49%|████▉     | 39/80 [00:01<00:01, 25.96it/s] 52%|█████▎    | 42/80 [00:01<00:01, 26.00it/s] 56%|█████▋    | 45/80 [00:01<00:01, 26.01it/s] 60%|██████    | 48/80 [00:01<00:01, 26.01it/s] 64%|██████▍   | 51/80 [00:01<00:01, 26.02it/s] 68%|██████▊   | 54/80 [00:02<00:01, 25.97it/s] 71%|███████▏  | 57/80 [00:02<00:00, 25.93it/s] 75%|███████▌  | 60/80 [00:02<00:00, 25.93it/s] 79%|███████▉  | 63/80 [00:02<00:00, 25.94it/s] 82%|████████▎ | 66/80 [00:02<00:00, 25.97it/s] 86%|████████▋ | 69/80 [00:02<00:00, 25.99it/s] 90%|█████████ | 72/80 [00:02<00:00, 25.99it/s] 94%|█████████▍| 75/80 [00:02<00:00, 26.00it/s] 98%|█████████▊| 78/80 [00:03<00:00, 26.00it/s]100%|██████████| 80/80 [00:03<00:00, 25.89it/s]
  0%|          | 0/80 [00:00<?, ?it/s]  4%|▍         | 3/80 [00:00<00:03, 25.09it/s]  8%|▊         | 6/80 [00:00<00:02, 25.71it/s] 11%|█▏        | 9/80 [00:00<00:02, 25.89it/s] 15%|█▌        | 12/80 [00:00<00:02, 25.95it/s] 19%|█▉        | 15/80 [00:00<00:02, 26.01it/s] 22%|██▎       | 18/80 [00:00<00:02, 26.02it/s] 26%|██▋       | 21/80 [00:00<00:02, 26.02it/s] 30%|███       | 24/80 [00:00<00:02, 26.00it/s] 34%|███▍      | 27/80 [00:01<00:02, 25.87it/s] 38%|███▊      | 30/80 [00:01<00:01, 25.88it/s] 41%|████▏     | 33/80 [00:01<00:01, 25.91it/s] 45%|████▌     | 36/80 [00:01<00:01, 25.93it/s] 49%|████▉     | 39/80 [00:01<00:01, 25.97it/s] 52%|█████▎    | 42/80 [00:01<00:01, 26.00it/s] 56%|█████▋    | 45/80 [00:01<00:01, 25.98it/s] 60%|██████    | 48/80 [00:01<00:01, 25.97it/s] 64%|██████▍   | 51/80 [00:01<00:01, 25.90it/s] 68%|██████▊   | 54/80 [00:02<00:01, 25.88it/s] 71%|███████▏  | 57/80 [00:02<00:00, 25.89it/s] 75%|███████▌  | 60/80 [00:02<00:00, 25.92it/s] 79%|███████▉  | 63/80 [00:02<00:00, 25.94it/s] 82%|████████▎ | 66/80 [00:02<00:00, 25.97it/s] 86%|████████▋ | 69/80 [00:02<00:00, 25.95it/s] 90%|█████████ | 72/80 [00:02<00:00, 25.97it/s] 94%|█████████▍| 75/80 [00:02<00:00, 25.91it/s] 98%|█████████▊| 78/80 [00:03<00:00, 25.87it/s]100%|██████████| 80/80 [00:03<00:00, 25.92it/s]
  0%|          | 0/80 [00:00<?, ?it/s]  4%|▍         | 3/80 [00:00<00:03, 24.35it/s]  8%|▊         | 6/80 [00:00<00:02, 24.95it/s] 11%|█▏        | 9/80 [00:00<00:02, 25.44it/s] 15%|█▌        | 12/80 [00:00<00:02, 25.66it/s] 19%|█▉        | 15/80 [00:00<00:02, 25.78it/s] 22%|██▎       | 18/80 [00:00<00:02, 25.85it/s] 26%|██▋       | 21/80 [00:00<00:02, 25.90it/s] 30%|███       | 24/80 [00:00<00:02, 25.93it/s] 34%|███▍      | 27/80 [00:01<00:02, 25.94it/s] 38%|███▊      | 30/80 [00:01<00:01, 25.89it/s] 41%|████▏     | 33/80 [00:01<00:01, 25.89it/s] 45%|████▌     | 36/80 [00:01<00:01, 25.89it/s] 49%|████▉     | 39/80 [00:01<00:01, 25.94it/s] 52%|█████▎    | 42/80 [00:01<00:01, 25.94it/s] 56%|█████▋    | 45/80 [00:01<00:01, 25.94it/s] 60%|██████    | 48/80 [00:01<00:01, 25.95it/s] 64%|██████▍   | 51/80 [00:01<00:01, 25.95it/s] 68%|██████▊   | 54/80 [00:02<00:01, 25.94it/s] 71%|███████▏  | 57/80 [00:02<00:00, 25.90it/s] 75%|███████▌  | 60/80 [00:02<00:00, 25.90it/s] 79%|███████▉  | 63/80 [00:02<00:00, 25.91it/s] 82%|████████▎ | 66/80 [00:02<00:00, 25.92it/s] 86%|████████▋ | 69/80 [00:02<00:00, 25.94it/s] 90%|█████████ | 72/80 [00:02<00:00, 25.92it/s] 94%|█████████▍| 75/80 [00:02<00:00, 25.92it/s] 98%|█████████▊| 78/80 [00:03<00:00, 25.92it/s]100%|██████████| 80/80 [00:03<00:00, 25.85it/s]
  0%|          | 0/80 [00:00<?, ?it/s]  4%|▍         | 3/80 [00:00<00:03, 24.22it/s]  8%|▊         | 6/80 [00:00<00:03, 24.57it/s] 11%|█▏        | 9/80 [00:00<00:02, 25.27it/s] 15%|█▌        | 12/80 [00:00<00:02, 25.62it/s] 19%|█▉        | 15/80 [00:00<00:02, 25.79it/s] 22%|██▎       | 18/80 [00:00<00:02, 25.92it/s] 26%|██▋       | 21/80 [00:00<00:02, 25.98it/s] 30%|███       | 24/80 [00:00<00:02, 26.02it/s] 34%|███▍      | 27/80 [00:01<00:02, 25.84it/s] 38%|███▊      | 30/80 [00:01<00:01, 25.87it/s] 41%|████▏     | 33/80 [00:01<00:01, 25.92it/s] 45%|████▌     | 36/80 [00:01<00:01, 25.94it/s] 49%|████▉     | 39/80 [00:01<00:01, 25.95it/s] 52%|█████▎    | 42/80 [00:01<00:01, 25.97it/s] 56%|█████▋    | 45/80 [00:01<00:01, 25.99it/s] 60%|██████    | 48/80 [00:01<00:01, 26.00it/s] 64%|██████▍   | 51/80 [00:01<00:01, 25.99it/s] 68%|██████▊   | 54/80 [00:02<00:01, 25.97it/s] 71%|███████▏  | 57/80 [00:02<00:00, 25.97it/s] 75%|███████▌  | 60/80 [00:02<00:00, 25.96it/s] 79%|███████▉  | 63/80 [00:02<00:00, 25.98it/s] 82%|████████▎ | 66/80 [00:02<00:00, 25.98it/s] 86%|████████▋ | 69/80 [00:02<00:00, 25.98it/s] 90%|█████████ | 72/80 [00:02<00:00, 26.01it/s] 94%|█████████▍| 75/80 [00:02<00:00, 26.00it/s] 98%|█████████▊| 78/80 [00:03<00:00, 25.97it/s]100%|██████████| 80/80 [00:03<00:00, 25.88it/s]
  0%|          | 0/80 [00:00<?, ?it/s]  4%|▍         | 3/80 [00:00<00:03, 25.03it/s]  8%|▊         | 6/80 [00:00<00:02, 25.78it/s] 11%|█▏        | 9/80 [00:00<00:02, 26.02it/s] 15%|█▌        | 12/80 [00:00<00:02, 26.11it/s] 19%|█▉        | 15/80 [00:00<00:02, 26.16it/s] 22%|██▎       | 18/80 [00:00<00:02, 26.16it/s] 26%|██▋       | 21/80 [00:00<00:02, 26.18it/s] 30%|███       | 24/80 [00:00<00:02, 26.19it/s] 34%|███▍      | 27/80 [00:01<00:02, 26.18it/s] 38%|███▊      | 30/80 [00:01<00:01, 26.17it/s] 41%|████▏     | 33/80 [00:01<00:01, 26.17it/s] 45%|████▌     | 36/80 [00:01<00:01, 26.17it/s] 49%|████▉     | 39/80 [00:01<00:01, 26.16it/s] 52%|█████▎    | 42/80 [00:01<00:01, 26.15it/s] 56%|█████▋    | 45/80 [00:01<00:01, 26.16it/s] 60%|██████    | 48/80 [00:01<00:01, 26.17it/s] 64%|██████▍   | 51/80 [00:01<00:01, 26.17it/s] 68%|██████▊   | 54/80 [00:02<00:00, 26.15it/s] 71%|███████▏  | 57/80 [00:02<00:00, 26.17it/s] 75%|███████▌  | 60/80 [00:02<00:00, 26.15it/s] 79%|███████▉  | 63/80 [00:02<00:00, 26.14it/s] 82%|████████▎ | 66/80 [00:02<00:00, 26.13it/s] 86%|████████▋ | 69/80 [00:02<00:00, 26.14it/s] 90%|█████████ | 72/80 [00:02<00:00, 26.13it/s] 94%|█████████▍| 75/80 [00:02<00:00, 26.14it/s] 98%|█████████▊| 78/80 [00:02<00:00, 26.14it/s]100%|██████████| 80/80 [00:03<00:00, 26.13it/s]
  0%|          | 0/80 [00:00<?, ?it/s]  1%|▏         | 1/80 [00:00<00:08,  8.85it/s]  5%|▌         | 4/80 [00:00<00:04, 17.91it/s]  9%|▉         | 7/80 [00:00<00:03, 21.15it/s] 12%|█▎        | 10/80 [00:00<00:03, 22.62it/s] 16%|█▋        | 13/80 [00:00<00:02, 23.43it/s] 20%|██        | 16/80 [00:00<00:02, 23.92it/s] 24%|██▍       | 19/80 [00:00<00:02, 24.24it/s] 28%|██▊       | 22/80 [00:00<00:02, 24.45it/s] 31%|███▏      | 25/80 [00:01<00:02, 24.58it/s] 35%|███▌      | 28/80 [00:01<00:02, 24.64it/s] 39%|███▉      | 31/80 [00:01<00:01, 24.69it/s] 42%|████▎     | 34/80 [00:01<00:01, 24.74it/s] 46%|████▋     | 37/80 [00:01<00:01, 24.78it/s] 50%|█████     | 40/80 [00:01<00:01, 24.81it/s] 54%|█████▍    | 43/80 [00:01<00:01, 24.82it/s] 57%|█████▊    | 46/80 [00:01<00:01, 24.81it/s] 61%|██████▏   | 49/80 [00:02<00:01, 24.82it/s] 65%|██████▌   | 52/80 [00:02<00:01, 24.83it/s] 69%|██████▉   | 55/80 [00:02<00:01, 24.84it/s] 72%|███████▎  | 58/80 [00:02<00:00, 24.82it/s] 76%|███████▋  | 61/80 [00:02<00:00, 24.81it/s] 80%|████████  | 64/80 [00:02<00:00, 24.81it/s] 84%|████████▍ | 67/80 [00:02<00:00, 24.81it/s] 88%|████████▊ | 70/80 [00:02<00:00, 24.82it/s] 91%|█████████▏| 73/80 [00:03<00:00, 24.84it/s] 95%|█████████▌| 76/80 [00:03<00:00, 24.84it/s] 99%|█████████▉| 79/80 [00:03<00:00, 24.83it/s]100%|██████████| 80/80 [00:03<00:00, 24.25it/s]
  0%|          | 0/80 [00:00<?, ?it/s]  4%|▍         | 3/80 [00:00<00:03, 22.91it/s]  8%|▊         | 6/80 [00:00<00:03, 23.09it/s] 11%|█▏        | 9/80 [00:00<00:02, 23.90it/s] 15%|█▌        | 12/80 [00:00<00:02, 24.38it/s] 19%|█▉        | 15/80 [00:00<00:02, 24.64it/s] 22%|██▎       | 18/80 [00:00<00:02, 24.80it/s] 26%|██▋       | 21/80 [00:00<00:02, 24.91it/s] 30%|███       | 24/80 [00:00<00:02, 24.98it/s] 34%|███▍      | 27/80 [00:01<00:02, 25.02it/s] 38%|███▊      | 30/80 [00:01<00:02, 24.90it/s] 41%|████▏     | 33/80 [00:01<00:01, 24.90it/s] 45%|████▌     | 36/80 [00:01<00:01, 24.93it/s] 49%|████▉     | 39/80 [00:01<00:01, 24.96it/s] 52%|█████▎    | 42/80 [00:01<00:01, 24.98it/s] 56%|█████▋    | 45/80 [00:01<00:01, 24.99it/s] 60%|██████    | 48/80 [00:01<00:01, 25.00it/s] 64%|██████▍   | 51/80 [00:02<00:01, 24.99it/s] 68%|██████▊   | 54/80 [00:02<00:01, 24.98it/s] 71%|███████▏  | 57/80 [00:02<00:00, 24.96it/s] 75%|███████▌  | 60/80 [00:02<00:00, 24.97it/s] 79%|███████▉  | 63/80 [00:02<00:00, 24.97it/s] 82%|████████▎ | 66/80 [00:02<00:00, 24.99it/s] 86%|████████▋ | 69/80 [00:02<00:00, 24.93it/s] 90%|█████████ | 72/80 [00:02<00:00, 24.92it/s] 94%|█████████▍| 75/80 [00:03<00:00, 24.91it/s] 98%|█████████▊| 78/80 [00:03<00:00, 24.89it/s]100%|██████████| 80/80 [00:03<00:00, 24.82it/s]
  0%|          | 0/80 [00:00<?, ?it/s]  1%|▏         | 1/80 [00:00<00:08,  8.89it/s]  5%|▌         | 4/80 [00:00<00:04, 17.52it/s]  9%|▉         | 7/80 [00:00<00:03, 20.28it/s] 12%|█▎        | 10/80 [00:00<00:03, 21.93it/s] 16%|█▋        | 13/80 [00:00<00:02, 22.87it/s] 20%|██        | 16/80 [00:00<00:02, 23.51it/s] 24%|██▍       | 19/80 [00:00<00:02, 23.92it/s] 28%|██▊       | 22/80 [00:00<00:02, 24.18it/s] 31%|███▏      | 25/80 [00:01<00:02, 24.35it/s] 35%|███▌      | 28/80 [00:01<00:02, 24.35it/s] 39%|███▉      | 31/80 [00:01<00:02, 24.38it/s] 42%|████▎     | 34/80 [00:01<00:01, 24.44it/s] 46%|████▋     | 37/80 [00:01<00:01, 24.49it/s] 50%|█████     | 40/80 [00:01<00:01, 24.54it/s] 54%|█████▍    | 43/80 [00:01<00:01, 24.58it/s] 57%|█████▊    | 46/80 [00:01<00:01, 24.61it/s] 61%|██████▏   | 49/80 [00:02<00:01, 24.60it/s] 65%|██████▌   | 52/80 [00:02<00:01, 24.58it/s] 69%|██████▉   | 55/80 [00:02<00:01, 24.56it/s] 72%|███████▎  | 58/80 [00:02<00:00, 24.57it/s] 76%|███████▋  | 61/80 [00:02<00:00, 24.58it/s] 80%|████████  | 64/80 [00:02<00:00, 24.60it/s] 84%|████████▍ | 67/80 [00:02<00:00, 24.61it/s] 88%|████████▊ | 70/80 [00:02<00:00, 24.61it/s] 91%|█████████▏| 73/80 [00:03<00:00, 24.62it/s] 95%|█████████▌| 76/80 [00:03<00:00, 24.59it/s] 99%|█████████▉| 79/80 [00:03<00:00, 24.57it/s]100%|██████████| 80/80 [00:03<00:00, 23.95it/s]
  0%|          | 0/80 [00:00<?, ?it/s]  4%|▍         | 3/80 [00:00<00:03, 22.75it/s]  8%|▊         | 6/80 [00:00<00:03, 23.76it/s] 11%|█▏        | 9/80 [00:00<00:02, 24.19it/s] 15%|█▌        | 12/80 [00:00<00:02, 24.38it/s] 19%|█▉        | 15/80 [00:00<00:02, 24.51it/s] 22%|██▎       | 18/80 [00:00<00:02, 24.56it/s] 26%|██▋       | 21/80 [00:00<00:02, 24.59it/s] 30%|███       | 24/80 [00:00<00:02, 24.59it/s] 34%|███▍      | 27/80 [00:01<00:02, 24.49it/s] 38%|███▊      | 30/80 [00:01<00:02, 24.47it/s] 41%|████▏     | 33/80 [00:01<00:01, 24.52it/s] 45%|████▌     | 36/80 [00:01<00:01, 24.56it/s] 49%|████▉     | 39/80 [00:01<00:01, 24.58it/s] 52%|█████▎    | 42/80 [00:01<00:01, 24.58it/s] 56%|█████▋    | 45/80 [00:01<00:01, 24.59it/s] 60%|██████    | 48/80 [00:01<00:01, 24.59it/s] 64%|██████▍   | 51/80 [00:02<00:01, 24.55it/s] 68%|██████▊   | 54/80 [00:02<00:01, 24.49it/s] 71%|███████▏  | 57/80 [00:02<00:00, 24.54it/s] 75%|███████▌  | 60/80 [00:02<00:00, 24.57it/s] 79%|███████▉  | 63/80 [00:02<00:00, 24.56it/s] 82%|████████▎ | 66/80 [00:02<00:00, 24.57it/s] 86%|████████▋ | 69/80 [00:02<00:00, 24.56it/s] 90%|█████████ | 72/80 [00:02<00:00, 24.52it/s] 94%|█████████▍| 75/80 [00:03<00:00, 24.49it/s] 98%|█████████▊| 78/80 [00:03<00:00, 24.45it/s]100%|██████████| 80/80 [00:03<00:00, 24.48it/s]
  0%|          | 0/80 [00:00<?, ?it/s]  4%|▍         | 3/80 [00:00<00:03, 22.60it/s]  8%|▊         | 6/80 [00:00<00:03, 23.60it/s] 11%|█▏        | 9/80 [00:00<00:02, 24.04it/s] 15%|█▌        | 12/80 [00:00<00:02, 24.26it/s] 19%|█▉        | 15/80 [00:00<00:02, 24.38it/s] 22%|██▎       | 18/80 [00:00<00:02, 24.46it/s] 26%|██▋       | 21/80 [00:00<00:02, 24.50it/s] 30%|███       | 24/80 [00:00<00:02, 24.51it/s] 34%|███▍      | 27/80 [00:01<00:02, 24.53it/s] 38%|███▊      | 30/80 [00:01<00:02, 24.55it/s] 41%|████▏     | 33/80 [00:01<00:01, 24.56it/s] 45%|████▌     | 36/80 [00:01<00:01, 24.57it/s] 49%|████▉     | 39/80 [00:01<00:01, 24.57it/s] 52%|█████▎    | 42/80 [00:01<00:01, 24.56it/s] 56%|█████▋    | 45/80 [00:01<00:01, 24.57it/s] 60%|██████    | 48/80 [00:01<00:01, 24.54it/s] 64%|██████▍   | 51/80 [00:02<00:01, 24.56it/s] 68%|██████▊   | 54/80 [00:02<00:01, 24.56it/s] 71%|███████▏  | 57/80 [00:02<00:00, 24.53it/s] 75%|███████▌  | 60/80 [00:02<00:00, 24.32it/s] 79%|███████▉  | 63/80 [00:02<00:00, 24.36it/s] 82%|████████▎ | 66/80 [00:02<00:00, 24.40it/s] 86%|████████▋ | 69/80 [00:02<00:00, 24.41it/s] 90%|█████████ | 72/80 [00:02<00:00, 24.44it/s] 94%|█████████▍| 75/80 [00:03<00:00, 24.45it/s] 98%|█████████▊| 78/80 [00:03<00:00, 24.44it/s]100%|██████████| 80/80 [00:03<00:00, 24.43it/s]
  0%|          | 0/80 [00:00<?, ?it/s]  4%|▍         | 3/80 [00:00<00:03, 22.58it/s]  8%|▊         | 6/80 [00:00<00:03, 22.61it/s] 11%|█▏        | 9/80 [00:00<00:03, 23.47it/s] 15%|█▌        | 12/80 [00:00<00:02, 23.90it/s] 19%|█▉        | 15/80 [00:00<00:02, 24.14it/s] 22%|██▎       | 18/80 [00:00<00:02, 24.27it/s] 26%|██▋       | 21/80 [00:00<00:02, 24.33it/s] 30%|███       | 24/80 [00:00<00:02, 24.38it/s] 34%|███▍      | 27/80 [00:01<00:02, 24.40it/s] 38%|███▊      | 30/80 [00:01<00:02, 24.40it/s] 41%|████▏     | 33/80 [00:01<00:01, 24.42it/s] 45%|████▌     | 36/80 [00:01<00:01, 24.43it/s] 49%|████▉     | 39/80 [00:01<00:01, 24.44it/s] 52%|█████▎    | 42/80 [00:01<00:01, 24.45it/s] 56%|█████▋    | 45/80 [00:01<00:01, 24.44it/s] 60%|██████    | 48/80 [00:01<00:01, 24.44it/s] 64%|██████▍   | 51/80 [00:02<00:01, 24.42it/s] 68%|██████▊   | 54/80 [00:02<00:01, 24.43it/s] 71%|███████▏  | 57/80 [00:02<00:00, 24.39it/s] 75%|███████▌  | 60/80 [00:02<00:00, 24.39it/s] 79%|███████▉  | 63/80 [00:02<00:00, 24.41it/s] 82%|████████▎ | 66/80 [00:02<00:00, 24.41it/s] 86%|████████▋ | 69/80 [00:02<00:00, 24.42it/s] 90%|█████████ | 72/80 [00:02<00:00, 24.42it/s] 94%|█████████▍| 75/80 [00:03<00:00, 24.42it/s] 98%|█████████▊| 78/80 [00:03<00:00, 24.41it/s]100%|██████████| 80/80 [00:03<00:00, 24.28it/s]
  0%|          | 0/80 [00:00<?, ?it/s]  4%|▍         | 3/80 [00:00<00:03, 23.10it/s]  8%|▊         | 6/80 [00:00<00:03, 23.88it/s] 11%|█▏        | 9/80 [00:00<00:02, 24.17it/s] 15%|█▌        | 12/80 [00:00<00:02, 24.31it/s] 19%|█▉        | 15/80 [00:00<00:02, 24.36it/s] 22%|██▎       | 18/80 [00:00<00:02, 24.41it/s] 26%|██▋       | 21/80 [00:00<00:02, 24.43it/s] 30%|███       | 24/80 [00:00<00:02, 24.41it/s] 34%|███▍      | 27/80 [00:01<00:02, 24.33it/s] 38%|███▊      | 30/80 [00:01<00:02, 24.32it/s] 41%|████▏     | 33/80 [00:01<00:01, 24.34it/s] 45%|████▌     | 36/80 [00:01<00:01, 24.36it/s] 49%|████▉     | 39/80 [00:01<00:01, 24.39it/s] 52%|█████▎    | 42/80 [00:01<00:01, 24.41it/s] 56%|█████▋    | 45/80 [00:01<00:01, 24.41it/s] 60%|██████    | 48/80 [00:01<00:01, 24.39it/s] 64%|██████▍   | 51/80 [00:02<00:01, 24.33it/s] 68%|██████▊   | 54/80 [00:02<00:01, 24.32it/s] 71%|███████▏  | 57/80 [00:02<00:00, 24.34it/s] 75%|███████▌  | 60/80 [00:02<00:00, 24.36it/s] 79%|███████▉  | 63/80 [00:02<00:00, 24.39it/s] 82%|████████▎ | 66/80 [00:02<00:00, 24.41it/s] 86%|████████▋ | 69/80 [00:02<00:00, 24.39it/s] 90%|█████████ | 72/80 [00:02<00:00, 24.35it/s] 94%|█████████▍| 75/80 [00:03<00:00, 24.30it/s] 98%|█████████▊| 78/80 [00:03<00:00, 24.32it/s]100%|██████████| 80/80 [00:03<00:00, 24.33it/s]
  0%|          | 0/80 [00:00<?, ?it/s]  2%|▎         | 2/80 [00:00<00:05, 14.85it/s]  5%|▌         | 4/80 [00:00<00:04, 17.47it/s]  9%|▉         | 7/80 [00:00<00:03, 19.44it/s] 12%|█▎        | 10/80 [00:00<00:03, 20.31it/s] 16%|█▋        | 13/80 [00:00<00:03, 20.77it/s] 20%|██        | 16/80 [00:00<00:03, 21.04it/s] 24%|██▍       | 19/80 [00:00<00:02, 21.21it/s] 28%|██▊       | 22/80 [00:01<00:02, 21.28it/s] 31%|███▏      | 25/80 [00:01<00:02, 21.24it/s] 35%|███▌      | 28/80 [00:01<00:02, 21.25it/s] 39%|███▉      | 31/80 [00:01<00:02, 21.29it/s] 42%|████▎     | 34/80 [00:01<00:02, 21.31it/s] 46%|████▋     | 37/80 [00:01<00:02, 21.36it/s] 50%|█████     | 40/80 [00:01<00:01, 21.35it/s] 54%|█████▍    | 43/80 [00:02<00:01, 21.37it/s] 57%|█████▊    | 46/80 [00:02<00:01, 21.33it/s] 61%|██████▏   | 49/80 [00:02<00:01, 21.32it/s] 65%|██████▌   | 52/80 [00:02<00:01, 21.32it/s] 69%|██████▉   | 55/80 [00:02<00:01, 21.35it/s] 72%|███████▎  | 58/80 [00:02<00:01, 21.36it/s] 76%|███████▋  | 61/80 [00:02<00:00, 21.37it/s] 80%|████████  | 64/80 [00:03<00:00, 21.36it/s] 84%|████████▍ | 67/80 [00:03<00:00, 21.33it/s] 88%|████████▊ | 70/80 [00:03<00:00, 21.32it/s] 91%|█████████▏| 73/80 [00:03<00:00, 21.31it/s] 95%|█████████▌| 76/80 [00:03<00:00, 21.34it/s] 99%|█████████▉| 79/80 [00:03<00:00, 21.35it/s]100%|██████████| 80/80 [00:03<00:00, 21.10it/s]
  0%|          | 0/80 [00:00<?, ?it/s]  2%|▎         | 2/80 [00:00<00:03, 19.89it/s]  5%|▌         | 4/80 [00:00<00:03, 19.94it/s]  9%|▉         | 7/80 [00:00<00:03, 20.55it/s] 12%|█▎        | 10/80 [00:00<00:03, 20.99it/s] 16%|█▋        | 13/80 [00:00<00:03, 21.22it/s] 20%|██        | 16/80 [00:00<00:03, 21.33it/s] 24%|██▍       | 19/80 [00:00<00:02, 21.42it/s] 28%|██▊       | 22/80 [00:01<00:02, 21.45it/s] 31%|███▏      | 25/80 [00:01<00:02, 21.41it/s] 35%|███▌      | 28/80 [00:01<00:02, 21.39it/s] 39%|███▉      | 31/80 [00:01<00:02, 21.45it/s] 42%|████▎     | 34/80 [00:01<00:02, 21.46it/s] 46%|████▋     | 37/80 [00:01<00:02, 21.44it/s] 50%|█████     | 40/80 [00:01<00:01, 21.46it/s] 54%|█████▍    | 43/80 [00:02<00:01, 21.46it/s] 57%|█████▊    | 46/80 [00:02<00:01, 21.43it/s] 61%|██████▏   | 49/80 [00:02<00:01, 21.42it/s] 65%|██████▌   | 52/80 [00:02<00:01, 21.44it/s] 69%|██████▉   | 55/80 [00:02<00:01, 21.45it/s] 72%|███████▎  | 58/80 [00:02<00:01, 21.45it/s] 76%|███████▋  | 61/80 [00:02<00:00, 21.47it/s] 80%|████████  | 64/80 [00:02<00:00, 21.46it/s] 84%|████████▍ | 67/80 [00:03<00:00, 21.43it/s] 88%|████████▊ | 70/80 [00:03<00:00, 21.41it/s] 91%|█████████▏| 73/80 [00:03<00:00, 21.43it/s] 95%|█████████▌| 76/80 [00:03<00:00, 21.42it/s] 99%|█████████▉| 79/80 [00:03<00:00, 21.41it/s]100%|██████████| 80/80 [00:03<00:00, 21.36it/s]
  0%|          | 0/80 [00:00<?, ?it/s]  2%|▎         | 2/80 [00:00<00:03, 19.89it/s]  6%|▋         | 5/80 [00:00<00:03, 20.77it/s] 10%|█         | 8/80 [00:00<00:03, 21.18it/s] 14%|█▍        | 11/80 [00:00<00:03, 21.32it/s] 18%|█▊        | 14/80 [00:00<00:03, 21.40it/s] 21%|██▏       | 17/80 [00:00<00:02, 21.46it/s] 25%|██▌       | 20/80 [00:00<00:02, 21.49it/s] 29%|██▉       | 23/80 [00:01<00:02, 21.41it/s] 32%|███▎      | 26/80 [00:01<00:02, 21.40it/s] 36%|███▋      | 29/80 [00:01<00:02, 21.43it/s] 40%|████      | 32/80 [00:01<00:02, 21.45it/s] 44%|████▍     | 35/80 [00:01<00:02, 21.44it/s] 48%|████▊     | 38/80 [00:01<00:01, 21.43it/s] 51%|█████▏    | 41/80 [00:01<00:01, 21.43it/s] 55%|█████▌    | 44/80 [00:02<00:01, 21.37it/s] 59%|█████▉    | 47/80 [00:02<00:01, 21.37it/s] 62%|██████▎   | 50/80 [00:02<00:01, 21.37it/s] 66%|██████▋   | 53/80 [00:02<00:01, 21.37it/s] 70%|███████   | 56/80 [00:02<00:01, 21.37it/s] 74%|███████▍  | 59/80 [00:02<00:00, 21.38it/s] 78%|███████▊  | 62/80 [00:02<00:00, 21.38it/s] 81%|████████▏ | 65/80 [00:03<00:00, 21.37it/s] 85%|████████▌ | 68/80 [00:03<00:00, 21.35it/s] 89%|████████▉ | 71/80 [00:03<00:00, 21.35it/s] 92%|█████████▎| 74/80 [00:03<00:00, 21.34it/s] 96%|█████████▋| 77/80 [00:03<00:00, 21.34it/s]100%|██████████| 80/80 [00:03<00:00, 21.36it/s]100%|██████████| 80/80 [00:03<00:00, 21.36it/s]
You have disabled the safety checker for <class 'diffusers.pipelines.stable_diffusion.pipeline_stable_diffusion_controlnet.StableDiffusionControlNetPipeline'> by passing `safety_checker=None`. Ensure that you abide to the conditions of the Stable Diffusion license and do not expose unfiltered results in services or applications open to the public. Both the diffusers team and Hugging Face strongly recommend to keep the safety filter enabled in all public facing circumstances, disabling it only for use-cases that involve analyzing network behavior or auditing its results. For more information, please have a look at https://github.com/huggingface/diffusers/pull/254 .
  0%|          | 0/50 [00:00<?, ?it/s]  6%|▌         | 3/50 [00:00<00:02, 22.59it/s] 12%|█▏        | 6/50 [00:00<00:01, 22.98it/s] 18%|█▊        | 9/50 [00:00<00:01, 23.12it/s] 24%|██▍       | 12/50 [00:00<00:01, 23.17it/s] 30%|███       | 15/50 [00:00<00:01, 23.20it/s] 36%|███▌      | 18/50 [00:00<00:01, 23.23it/s] 42%|████▏     | 21/50 [00:00<00:01, 23.24it/s] 48%|████▊     | 24/50 [00:01<00:01, 23.25it/s] 54%|█████▍    | 27/50 [00:01<00:00, 23.26it/s] 60%|██████    | 30/50 [00:01<00:00, 23.24it/s] 66%|██████▌   | 33/50 [00:01<00:00, 23.26it/s] 72%|███████▏  | 36/50 [00:01<00:00, 23.24it/s] 78%|███████▊  | 39/50 [00:01<00:00, 23.25it/s] 84%|████████▍ | 42/50 [00:01<00:00, 23.26it/s] 90%|█████████ | 45/50 [00:01<00:00, 23.24it/s] 96%|█████████▌| 48/50 [00:02<00:00, 23.26it/s]100%|██████████| 50/50 [00:02<00:00, 23.22it/s]
No model was supplied, defaulted to Intel/dpt-large and revision e93beec (https://huggingface.co/Intel/dpt-large).
Using a pipeline without specifying a model name and revision in production is not recommended.
Some weights of DPTForDepthEstimation were not initialized from the model checkpoint at Intel/dpt-large and are newly initialized: ['neck.fusion_stage.layers.0.residual_layer1.convolution1.weight', 'neck.fusion_stage.layers.0.residual_layer1.convolution2.bias', 'neck.fusion_stage.layers.0.residual_layer1.convolution2.weight', 'neck.fusion_stage.layers.0.residual_layer1.convolution1.bias']
You should probably TRAIN this model on a down-stream task to be able to use it for predictions and inference.
Could not find image processor class in the image processor config or the model config. Loading based on pattern matching with the model's feature extractor configuration.
  0%|          | 0/50 [00:00<?, ?it/s]  6%|▌         | 3/50 [00:00<00:02, 22.81it/s] 12%|█▏        | 6/50 [00:00<00:01, 22.98it/s] 18%|█▊        | 9/50 [00:00<00:01, 23.06it/s] 24%|██▍       | 12/50 [00:00<00:01, 23.10it/s] 30%|███       | 15/50 [00:00<00:01, 23.12it/s] 36%|███▌      | 18/50 [00:00<00:01, 23.15it/s] 42%|████▏     | 21/50 [00:00<00:01, 23.19it/s] 48%|████▊     | 24/50 [00:01<00:01, 23.23it/s] 54%|█████▍    | 27/50 [00:01<00:00, 23.23it/s] 60%|██████    | 30/50 [00:01<00:00, 23.22it/s] 66%|██████▌   | 33/50 [00:01<00:00, 23.21it/s] 72%|███████▏  | 36/50 [00:01<00:00, 23.21it/s] 78%|███████▊  | 39/50 [00:01<00:00, 23.20it/s] 84%|████████▍ | 42/50 [00:01<00:00, 23.21it/s] 90%|█████████ | 45/50 [00:01<00:00, 23.21it/s] 96%|█████████▌| 48/50 [00:02<00:00, 23.23it/s]100%|██████████| 50/50 [00:02<00:00, 23.18it/s]
Downloading network-bsds500.pth:   0%|          | 0.00/58.9M [00:00<?, ?B/s]Downloading network-bsds500.pth:  18%|█▊        | 10.5M/58.9M [00:01<00:07, 6.20MB/s]Downloading network-bsds500.pth:  36%|███▌      | 21.0M/58.9M [00:02<00:03, 10.2MB/s]Downloading network-bsds500.pth:  53%|█████▎    | 31.5M/58.9M [00:02<00:01, 14.2MB/s]Downloading network-bsds500.pth:  71%|███████   | 41.9M/58.9M [00:03<00:01, 14.2MB/s]Downloading network-bsds500.pth:  89%|████████▉ | 52.4M/58.9M [00:03<00:00, 15.6MB/s]Downloading network-bsds500.pth: 100%|██████████| 58.9M/58.9M [00:04<00:00, 17.3MB/s]Downloading network-bsds500.pth: 100%|██████████| 58.9M/58.9M [00:04<00:00, 14.1MB/s]
Downloading (…)lve/main/config.json:   0%|          | 0.00/920 [00:00<?, ?B/s]Downloading (…)lve/main/config.json: 100%|██████████| 920/920 [00:00<00:00, 4.65MB/s]
Downloading (…)on_pytorch_model.bin:   0%|          | 0.00/1.45G [00:00<?, ?B/s]Downloading (…)on_pytorch_model.bin:   1%|          | 10.5M/1.45G [00:01<03:52, 6.17MB/s]Downloading (…)on_pytorch_model.bin:   1%|▏         | 21.0M/1.45G [00:02<02:08, 11.1MB/s]Downloading (…)on_pytorch_model.bin:   2%|▏         | 31.5M/1.45G [00:02<01:42, 13.9MB/s]Downloading (…)on_pytorch_model.bin:   3%|▎         | 41.9M/1.45G [00:03<01:30, 15.5MB/s]Downloading (…)on_pytorch_model.bin:   4%|▎         | 52.4M/1.45G [00:03<01:24, 16.5MB/s]Downloading (…)on_pytorch_model.bin:   4%|▍         | 62.9M/1.45G [00:04<01:14, 18.6MB/s]Downloading (…)on_pytorch_model.bin:   5%|▌         | 73.4M/1.45G [00:04<01:12, 18.9MB/s]Downloading (…)on_pytorch_model.bin:   6%|▌         | 83.9M/1.45G [00:05<01:07, 20.1MB/s]Downloading (…)on_pytorch_model.bin:   7%|▋         | 94.4M/1.45G [00:05<01:07, 20.1MB/s]Downloading (…)on_pytorch_model.bin:   7%|▋         | 105M/1.45G [00:06<01:07, 19.7MB/s] Downloading (…)on_pytorch_model.bin:   8%|▊         | 115M/1.45G [00:06<01:03, 20.9MB/s]Downloading (…)on_pytorch_model.bin:   9%|▊         | 126M/1.45G [00:07<01:05, 20.2MB/s]Downloading (…)on_pytorch_model.bin:   9%|▉         | 136M/1.45G [00:07<01:05, 19.9MB/s]Downloading (…)on_pytorch_model.bin:  10%|█         | 147M/1.45G [00:08<01:01, 21.2MB/s]Downloading (…)on_pytorch_model.bin:  11%|█         | 157M/1.45G [00:08<01:02, 20.6MB/s]Downloading (…)on_pytorch_model.bin:  12%|█▏        | 168M/1.45G [00:09<00:58, 21.8MB/s]Downloading (…)on_pytorch_model.bin:  12%|█▏        | 178M/1.45G [00:09<01:00, 21.0MB/s]Downloading (…)on_pytorch_model.bin:  13%|█▎        | 189M/1.45G [00:10<01:01, 20.5MB/s]Downloading (…)on_pytorch_model.bin:  14%|█▍        | 199M/1.45G [00:10<00:57, 21.7MB/s]Downloading (…)on_pytorch_model.bin:  15%|█▍        | 210M/1.45G [00:11<00:59, 20.9MB/s]Downloading (…)on_pytorch_model.bin:  15%|█▌        | 220M/1.45G [00:11<00:55, 22.0MB/s]Downloading (…)on_pytorch_model.bin:  16%|█▌        | 231M/1.45G [00:12<00:57, 21.1MB/s]Downloading (…)on_pytorch_model.bin:  17%|█▋        | 241M/1.45G [00:12<00:58, 20.6MB/s]Downloading (…)on_pytorch_model.bin:  17%|█▋        | 252M/1.45G [00:13<00:54, 21.7MB/s]Downloading (…)on_pytorch_model.bin:  18%|█▊        | 262M/1.45G [00:13<00:56, 21.0MB/s]Downloading (…)on_pytorch_model.bin:  19%|█▉        | 273M/1.45G [00:14<00:53, 22.1MB/s]Downloading (…)on_pytorch_model.bin:  20%|█▉        | 283M/1.45G [00:14<00:54, 21.2MB/s]Downloading (…)on_pytorch_model.bin:  20%|██        | 294M/1.45G [00:15<00:52, 22.0MB/s]Downloading (…)on_pytorch_model.bin:  21%|██        | 304M/1.45G [00:15<00:53, 21.2MB/s]Downloading (…)on_pytorch_model.bin:  22%|██▏       | 315M/1.45G [00:16<00:54, 20.6MB/s]Downloading (…)on_pytorch_model.bin:  22%|██▏       | 325M/1.45G [00:16<00:51, 21.8MB/s]Downloading (…)on_pytorch_model.bin:  23%|██▎       | 336M/1.45G [00:17<00:52, 21.0MB/s]Downloading (…)on_pytorch_model.bin:  24%|██▍       | 346M/1.45G [00:17<00:49, 22.1MB/s]Downloading (…)on_pytorch_model.bin:  25%|██▍       | 357M/1.45G [00:18<00:51, 21.2MB/s]Downloading (…)on_pytorch_model.bin:  25%|██▌       | 367M/1.45G [00:18<00:52, 20.6MB/s]Downloading (…)on_pytorch_model.bin:  26%|██▌       | 377M/1.45G [00:19<00:48, 21.8MB/s]Downloading (…)on_pytorch_model.bin:  27%|██▋       | 388M/1.45G [00:19<00:50, 21.0MB/s]Downloading (…)on_pytorch_model.bin:  28%|██▊       | 398M/1.45G [00:19<00:47, 22.1MB/s]Downloading (…)on_pytorch_model.bin:  28%|██▊       | 409M/1.45G [00:20<00:48, 21.2MB/s]Downloading (…)on_pytorch_model.bin:  29%|██▉       | 419M/1.45G [00:21<00:49, 20.6MB/s]Downloading (…)on_pytorch_model.bin:  30%|██▉       | 430M/1.45G [00:21<00:46, 21.7MB/s]Downloading (…)on_pytorch_model.bin:  30%|███       | 440M/1.45G [00:22<00:48, 20.9MB/s]Downloading (…)on_pytorch_model.bin:  31%|███       | 451M/1.45G [00:22<00:45, 22.0MB/s]Downloading (…)on_pytorch_model.bin:  32%|███▏      | 461M/1.45G [00:22<00:46, 21.1MB/s]Downloading (…)on_pytorch_model.bin:  33%|███▎      | 472M/1.45G [00:23<00:47, 20.5MB/s]Downloading (…)on_pytorch_model.bin:  33%|███▎      | 482M/1.45G [00:23<00:44, 21.7MB/s]Downloading (…)on_pytorch_model.bin:  34%|███▍      | 493M/1.45G [00:24<00:45, 21.0MB/s]Downloading (…)on_pytorch_model.bin:  35%|███▍      | 503M/1.45G [00:24<00:42, 22.0MB/s]Downloading (…)on_pytorch_model.bin:  36%|███▌      | 514M/1.45G [00:25<00:44, 21.2MB/s]Downloading (…)on_pytorch_model.bin:  36%|███▋      | 524M/1.45G [00:25<00:44, 20.6MB/s]Downloading (…)on_pytorch_model.bin:  37%|███▋      | 535M/1.45G [00:26<00:41, 21.8MB/s]Downloading (…)on_pytorch_model.bin:  38%|███▊      | 545M/1.45G [00:26<00:42, 21.0MB/s]Downloading (…)on_pytorch_model.bin:  38%|███▊      | 556M/1.45G [00:27<00:40, 22.1MB/s]Downloading (…)on_pytorch_model.bin:  39%|███▉      | 566M/1.45G [00:27<00:41, 21.2MB/s]Downloading (…)on_pytorch_model.bin:  40%|███▉      | 577M/1.45G [00:28<00:39, 22.2MB/s]Downloading (…)on_pytorch_model.bin:  41%|████      | 587M/1.45G [00:28<00:40, 21.2MB/s]Downloading (…)on_pytorch_model.bin:  41%|████▏     | 598M/1.45G [00:29<00:41, 20.6MB/s]Downloading (…)on_pytorch_model.bin:  42%|████▏     | 608M/1.45G [00:29<00:38, 21.7MB/s]Downloading (…)on_pytorch_model.bin:  43%|████▎     | 619M/1.45G [00:30<00:39, 20.9MB/s]Downloading (…)on_pytorch_model.bin:  44%|████▎     | 629M/1.45G [00:30<00:40, 20.4MB/s]Downloading (…)on_pytorch_model.bin:  44%|████▍     | 640M/1.45G [00:31<00:37, 21.6MB/s]Downloading (…)on_pytorch_model.bin:  45%|████▍     | 650M/1.45G [00:31<00:38, 20.9MB/s]Downloading (…)on_pytorch_model.bin:  46%|████▌     | 661M/1.45G [00:32<00:35, 22.0MB/s]Downloading (…)on_pytorch_model.bin:  46%|████▋     | 671M/1.45G [00:32<00:36, 21.1MB/s]Downloading (…)on_pytorch_model.bin:  47%|████▋     | 682M/1.45G [00:33<00:37, 20.5MB/s]Downloading (…)on_pytorch_model.bin:  48%|████▊     | 692M/1.45G [00:33<00:34, 21.7MB/s]Downloading (…)on_pytorch_model.bin:  49%|████▊     | 703M/1.45G [00:34<00:35, 20.9MB/s]Downloading (…)on_pytorch_model.bin:  49%|████▉     | 713M/1.45G [00:34<00:33, 22.1MB/s]Downloading (…)on_pytorch_model.bin:  50%|█████     | 724M/1.45G [00:35<00:34, 21.2MB/s]Downloading (…)on_pytorch_model.bin:  51%|█████     | 734M/1.45G [00:35<00:34, 20.6MB/s]Downloading (…)on_pytorch_model.bin:  52%|█████▏    | 744M/1.45G [00:36<00:32, 21.7MB/s]Downloading (…)on_pytorch_model.bin:  52%|█████▏    | 755M/1.45G [00:36<00:32, 21.0MB/s]Downloading (…)on_pytorch_model.bin:  53%|█████▎    | 765M/1.45G [00:37<00:30, 22.1MB/s]Downloading (…)on_pytorch_model.bin:  54%|█████▎    | 776M/1.45G [00:37<00:31, 21.2MB/s]Downloading (…)on_pytorch_model.bin:  54%|█████▍    | 786M/1.45G [00:38<00:29, 22.2MB/s]Downloading (…)on_pytorch_model.bin:  55%|█████▌    | 797M/1.45G [00:38<00:30, 21.3MB/s]Downloading (…)on_pytorch_model.bin:  56%|█████▌    | 807M/1.45G [00:39<00:30, 20.7MB/s]Downloading (…)on_pytorch_model.bin:  57%|█████▋    | 818M/1.45G [00:39<00:28, 21.7MB/s]Downloading (…)on_pytorch_model.bin:  57%|█████▋    | 828M/1.45G [00:40<00:29, 20.9MB/s]Downloading (…)on_pytorch_model.bin:  58%|█████▊    | 839M/1.45G [00:40<00:29, 20.4MB/s]Downloading (…)on_pytorch_model.bin:  59%|█████▉    | 849M/1.45G [00:41<00:27, 21.6MB/s]Downloading (…)on_pytorch_model.bin:  59%|█████▉    | 860M/1.45G [00:41<00:28, 20.9MB/s]Downloading (…)on_pytorch_model.bin:  60%|██████    | 870M/1.45G [00:42<00:26, 22.0MB/s]Downloading (…)on_pytorch_model.bin:  61%|██████    | 881M/1.45G [00:42<00:26, 21.2MB/s]Downloading (…)on_pytorch_model.bin:  62%|██████▏   | 891M/1.45G [00:43<00:26, 20.6MB/s]Downloading (…)on_pytorch_model.bin:  62%|██████▏   | 902M/1.45G [00:43<00:24, 21.8MB/s]Downloading (…)on_pytorch_model.bin:  63%|██████▎   | 912M/1.45G [00:44<00:25, 21.0MB/s]Downloading (…)on_pytorch_model.bin:  64%|██████▍   | 923M/1.45G [00:44<00:23, 22.1MB/s]Downloading (…)on_pytorch_model.bin:  65%|██████▍   | 933M/1.45G [00:45<00:24, 21.2MB/s]Downloading (…)on_pytorch_model.bin:  65%|██████▌   | 944M/1.45G [00:45<00:22, 22.2MB/s]Downloading (…)on_pytorch_model.bin:  66%|██████▌   | 954M/1.45G [00:46<00:23, 21.3MB/s]Downloading (…)on_pytorch_model.bin:  67%|██████▋   | 965M/1.45G [00:46<00:23, 20.7MB/s]Downloading (…)on_pytorch_model.bin:  67%|██████▋   | 975M/1.45G [00:47<00:21, 21.9MB/s]Downloading (…)on_pytorch_model.bin:  68%|██████▊   | 986M/1.45G [00:47<00:21, 21.1MB/s]Downloading (…)on_pytorch_model.bin:  69%|██████▉   | 996M/1.45G [00:48<00:20, 22.1MB/s]Downloading (…)on_pytorch_model.bin:  70%|██████▉   | 1.01G/1.45G [00:48<00:20, 21.2MB/s]Downloading (…)on_pytorch_model.bin:  70%|███████   | 1.02G/1.45G [00:49<00:20, 20.6MB/s]Downloading (…)on_pytorch_model.bin:  71%|███████   | 1.03G/1.45G [00:49<00:19, 21.7MB/s]Downloading (…)on_pytorch_model.bin:  72%|███████▏  | 1.04G/1.45G [00:50<00:19, 20.9MB/s]Downloading (…)on_pytorch_model.bin:  73%|███████▎  | 1.05G/1.45G [00:50<00:18, 22.0MB/s]Downloading (…)on_pytorch_model.bin:  73%|███████▎  | 1.06G/1.45G [00:51<00:18, 21.2MB/s]Downloading (…)on_pytorch_model.bin:  74%|███████▍  | 1.07G/1.45G [00:51<00:18, 20.6MB/s]Downloading (…)on_pytorch_model.bin:  75%|███████▍  | 1.08G/1.45G [00:52<00:16, 21.8MB/s]Downloading (…)on_pytorch_model.bin:  75%|███████▌  | 1.09G/1.45G [00:52<00:16, 21.0MB/s]Downloading (…)on_pytorch_model.bin:  76%|███████▌  | 1.10G/1.45G [00:52<00:15, 22.1MB/s]Downloading (…)on_pytorch_model.bin:  77%|███████▋  | 1.11G/1.45G [00:53<00:15, 21.2MB/s]Downloading (…)on_pytorch_model.bin:  78%|███████▊  | 1.12G/1.45G [00:53<00:14, 22.2MB/s]Downloading (…)on_pytorch_model.bin:  78%|███████▊  | 1.13G/1.45G [00:54<00:14, 21.3MB/s]Downloading (…)on_pytorch_model.bin:  79%|███████▉  | 1.14G/1.45G [00:55<00:14, 20.7MB/s]Downloading (…)on_pytorch_model.bin:  80%|███████▉  | 1.15G/1.45G [00:55<00:13, 21.8MB/s]Downloading (…)on_pytorch_model.bin:  81%|████████  | 1.16G/1.45G [00:56<00:14, 19.1MB/s]Downloading (…)on_pytorch_model.bin:  81%|████████▏ | 1.17G/1.45G [00:56<00:13, 20.6MB/s]Downloading (…)on_pytorch_model.bin:  82%|████████▏ | 1.18G/1.45G [00:57<00:12, 20.2MB/s]Downloading (…)on_pytorch_model.bin:  83%|████████▎ | 1.20G/1.45G [00:57<00:11, 21.4MB/s]Downloading (…)on_pytorch_model.bin:  83%|████████▎ | 1.21G/1.45G [00:58<00:11, 20.8MB/s]Downloading (…)on_pytorch_model.bin:  84%|████████▍ | 1.22G/1.45G [00:58<00:10, 21.9MB/s]Downloading (…)on_pytorch_model.bin:  85%|████████▍ | 1.23G/1.45G [00:59<00:10, 21.1MB/s]Downloading (…)on_pytorch_model.bin:  86%|████████▌ | 1.24G/1.45G [00:59<00:10, 20.5MB/s]Downloading (…)on_pytorch_model.bin:  86%|████████▋ | 1.25G/1.45G [00:59<00:09, 21.7MB/s]Downloading (…)on_pytorch_model.bin:  87%|████████▋ | 1.26G/1.45G [01:00<00:08, 21.0MB/s]Downloading (…)on_pytorch_model.bin:  88%|████████▊ | 1.27G/1.45G [01:01<00:08, 20.4MB/s]Downloading (…)on_pytorch_model.bin:  89%|████████▊ | 1.28G/1.45G [01:01<00:07, 21.6MB/s]Downloading (…)on_pytorch_model.bin:  89%|████████▉ | 1.29G/1.45G [01:02<00:07, 20.9MB/s]Downloading (…)on_pytorch_model.bin:  90%|████████▉ | 1.30G/1.45G [01:02<00:06, 22.0MB/s]Downloading (…)on_pytorch_model.bin:  91%|█████████ | 1.31G/1.45G [01:02<00:06, 21.1MB/s]Downloading (…)on_pytorch_model.bin:  91%|█████████▏| 1.32G/1.45G [01:03<00:06, 20.4MB/s]Downloading (…)on_pytorch_model.bin:  92%|█████████▏| 1.33G/1.45G [01:03<00:05, 21.6MB/s]Downloading (…)on_pytorch_model.bin:  93%|█████████▎| 1.34G/1.45G [01:04<00:04, 20.9MB/s]Downloading (…)on_pytorch_model.bin:  94%|█████████▎| 1.35G/1.45G [01:05<00:04, 20.4MB/s]Downloading (…)on_pytorch_model.bin:  94%|█████████▍| 1.36G/1.45G [01:05<00:03, 21.6MB/s]Downloading (…)on_pytorch_model.bin:  95%|█████████▌| 1.37G/1.45G [01:05<00:03, 20.9MB/s]Downloading (…)on_pytorch_model.bin:  96%|█████████▌| 1.38G/1.45G [01:06<00:02, 22.0MB/s]Downloading (…)on_pytorch_model.bin:  96%|█████████▋| 1.39G/1.45G [01:06<00:02, 21.1MB/s]Downloading (…)on_pytorch_model.bin:  97%|█████████▋| 1.41G/1.45G [01:07<00:01, 22.2MB/s]Downloading (…)on_pytorch_model.bin:  98%|█████████▊| 1.42G/1.45G [01:07<00:01, 21.3MB/s]Downloading (…)on_pytorch_model.bin:  99%|█████████▊| 1.43G/1.45G [01:08<00:00, 20.7MB/s]Downloading (…)on_pytorch_model.bin:  99%|█████████▉| 1.44G/1.45G [01:08<00:00, 21.8MB/s]Downloading (…)on_pytorch_model.bin: 100%|██████████| 1.45G/1.45G [01:09<00:00, 21.9MB/s]Downloading (…)on_pytorch_model.bin: 100%|██████████| 1.45G/1.45G [01:09<00:00, 20.9MB/s]
You have disabled the safety checker for <class 'diffusers.pipelines.stable_diffusion.pipeline_stable_diffusion_controlnet.StableDiffusionControlNetPipeline'> by passing `safety_checker=None`. Ensure that you abide to the conditions of the Stable Diffusion license and do not expose unfiltered results in services or applications open to the public. Both the diffusers team and Hugging Face strongly recommend to keep the safety filter enabled in all public facing circumstances, disabling it only for use-cases that involve analyzing network behavior or auditing its results. For more information, please have a look at https://github.com/huggingface/diffusers/pull/254 .
  0%|          | 0/50 [00:00<?, ?it/s]  2%|▏         | 1/50 [00:00<00:07,  6.24it/s]  4%|▍         | 2/50 [00:00<00:06,  7.61it/s]  6%|▌         | 3/50 [00:00<00:05,  8.19it/s]  8%|▊         | 4/50 [00:00<00:05,  8.48it/s] 10%|█         | 5/50 [00:00<00:05,  8.67it/s] 12%|█▏        | 6/50 [00:00<00:05,  8.78it/s] 14%|█▍        | 7/50 [00:00<00:04,  8.84it/s] 16%|█▌        | 8/50 [00:00<00:04,  8.90it/s] 18%|█▊        | 9/50 [00:01<00:04,  8.92it/s] 20%|██        | 10/50 [00:01<00:04,  8.92it/s] 22%|██▏       | 11/50 [00:01<00:04,  8.92it/s] 24%|██▍       | 12/50 [00:01<00:04,  8.93it/s] 26%|██▌       | 13/50 [00:01<00:04,  8.93it/s] 28%|██▊       | 14/50 [00:01<00:04,  8.93it/s] 30%|███       | 15/50 [00:01<00:03,  8.95it/s] 32%|███▏      | 16/50 [00:01<00:03,  8.97it/s] 34%|███▍      | 17/50 [00:01<00:03,  9.00it/s] 36%|███▌      | 18/50 [00:02<00:03,  9.01it/s] 38%|███▊      | 19/50 [00:02<00:03,  9.03it/s] 40%|████      | 20/50 [00:02<00:03,  9.03it/s] 42%|████▏     | 21/50 [00:02<00:03,  9.03it/s] 44%|████▍     | 22/50 [00:02<00:03,  9.03it/s] 46%|████▌     | 23/50 [00:02<00:02,  9.02it/s] 48%|████▊     | 24/50 [00:02<00:02,  9.03it/s] 50%|█████     | 25/50 [00:02<00:02,  9.01it/s] 52%|█████▏    | 26/50 [00:02<00:02,  9.02it/s] 54%|█████▍    | 27/50 [00:03<00:02,  9.03it/s] 56%|█████▌    | 28/50 [00:03<00:02,  9.03it/s] 58%|█████▊    | 29/50 [00:03<00:02,  9.03it/s] 60%|██████    | 30/50 [00:03<00:02,  9.04it/s] 62%|██████▏   | 31/50 [00:03<00:02,  9.04it/s] 64%|██████▍   | 32/50 [00:03<00:01,  9.04it/s] 66%|██████▌   | 33/50 [00:03<00:01,  9.03it/s] 68%|██████▊   | 34/50 [00:03<00:01,  9.03it/s] 70%|███████   | 35/50 [00:03<00:01,  9.03it/s] 72%|███████▏  | 36/50 [00:04<00:01,  9.03it/s] 74%|███████▍  | 37/50 [00:04<00:01,  9.03it/s] 76%|███████▌  | 38/50 [00:04<00:01,  9.03it/s] 78%|███████▊  | 39/50 [00:04<00:01,  9.04it/s] 80%|████████  | 40/50 [00:04<00:01,  9.03it/s] 82%|████████▏ | 41/50 [00:04<00:00,  9.02it/s] 84%|████████▍ | 42/50 [00:04<00:00,  9.02it/s] 86%|████████▌ | 43/50 [00:04<00:00,  9.03it/s] 88%|████████▊ | 44/50 [00:04<00:00,  9.03it/s] 90%|█████████ | 45/50 [00:05<00:00,  9.03it/s] 92%|█████████▏| 46/50 [00:05<00:00,  9.03it/s] 94%|█████████▍| 47/50 [00:05<00:00,  9.03it/s] 96%|█████████▌| 48/50 [00:05<00:00,  9.03it/s] 98%|█████████▊| 49/50 [00:05<00:00,  9.02it/s]100%|██████████| 50/50 [00:05<00:00,  9.03it/s]100%|██████████| 50/50 [00:05<00:00,  8.93it/s]
Downloading (…)d_large_512_fp32.pth:   0%|          | 0.00/6.34M [00:00<?, ?B/s]Downloading (…)d_large_512_fp32.pth: 100%|██████████| 6.34M/6.34M [00:00<00:00, 17.9MB/s]Downloading (…)d_large_512_fp32.pth: 100%|██████████| 6.34M/6.34M [00:00<00:00, 17.6MB/s]
Downloading (…)lve/main/config.json:   0%|          | 0.00/920 [00:00<?, ?B/s]Downloading (…)lve/main/config.json: 100%|██████████| 920/920 [00:00<00:00, 6.14MB/s]
Downloading (…)on_pytorch_model.bin:   0%|          | 0.00/1.45G [00:00<?, ?B/s]Downloading (…)on_pytorch_model.bin:   1%|          | 10.5M/1.45G [00:01<03:55, 6.11MB/s]Downloading (…)on_pytorch_model.bin:   1%|▏         | 21.0M/1.45G [00:02<02:10, 11.0MB/s]Downloading (…)on_pytorch_model.bin:   2%|▏         | 31.5M/1.45G [00:02<01:44, 13.6MB/s]Downloading (…)on_pytorch_model.bin:   3%|▎         | 41.9M/1.45G [00:03<01:31, 15.3MB/s]Downloading (…)on_pytorch_model.bin:   4%|▎         | 52.4M/1.45G [00:03<01:18, 17.8MB/s]Downloading (…)on_pytorch_model.bin:   4%|▍         | 62.9M/1.45G [00:04<01:15, 18.2MB/s]Downloading (…)on_pytorch_model.bin:   5%|▌         | 73.4M/1.45G [00:04<01:14, 18.4MB/s]Downloading (…)on_pytorch_model.bin:   6%|▌         | 83.9M/1.45G [00:05<01:07, 20.0MB/s]Downloading (…)on_pytorch_model.bin:   7%|▋         | 94.4M/1.45G [00:05<01:08, 19.7MB/s]Downloading (…)on_pytorch_model.bin:   7%|▋         | 105M/1.45G [00:06<01:09, 19.3MB/s] Downloading (…)on_pytorch_model.bin:   8%|▊         | 115M/1.45G [00:06<01:12, 18.5MB/s]Downloading (…)on_pytorch_model.bin:   9%|▊         | 126M/1.45G [00:07<01:11, 18.5MB/s]Downloading (…)on_pytorch_model.bin:   9%|▉         | 136M/1.45G [00:08<01:10, 18.6MB/s]Downloading (…)on_pytorch_model.bin:  10%|█         | 147M/1.45G [00:08<01:04, 20.1MB/s]Downloading (…)on_pytorch_model.bin:  11%|█         | 157M/1.45G [00:09<01:05, 19.8MB/s]Downloading (…)on_pytorch_model.bin:  12%|█▏        | 168M/1.45G [00:09<01:05, 19.6MB/s]Downloading (…)on_pytorch_model.bin:  12%|█▏        | 178M/1.45G [00:10<01:00, 20.9MB/s]Downloading (…)on_pytorch_model.bin:  13%|█▎        | 189M/1.45G [00:10<01:01, 20.3MB/s]Downloading (…)on_pytorch_model.bin:  14%|█▍        | 199M/1.45G [00:10<00:58, 21.4MB/s]Downloading (…)on_pytorch_model.bin:  15%|█▍        | 210M/1.45G [00:11<01:05, 18.9MB/s]Downloading (…)on_pytorch_model.bin:  15%|█▌        | 220M/1.45G [00:12<00:59, 20.6MB/s]Downloading (…)on_pytorch_model.bin:  16%|█▌        | 231M/1.45G [00:12<00:56, 21.7MB/s]Downloading (…)on_pytorch_model.bin:  17%|█▋        | 241M/1.45G [00:13<00:57, 20.8MB/s]Downloading (…)on_pytorch_model.bin:  17%|█▋        | 252M/1.45G [00:13<00:59, 20.2MB/s]Downloading (…)on_pytorch_model.bin:  18%|█▊        | 262M/1.45G [00:14<00:55, 21.4MB/s]Downloading (…)on_pytorch_model.bin:  19%|█▉        | 273M/1.45G [00:14<00:56, 20.6MB/s]Downloading (…)on_pytorch_model.bin:  20%|█▉        | 283M/1.45G [00:15<00:53, 21.7MB/s]Downloading (…)on_pytorch_model.bin:  20%|██        | 294M/1.45G [00:15<00:55, 20.9MB/s]Downloading (…)on_pytorch_model.bin:  21%|██        | 304M/1.45G [00:16<00:56, 20.3MB/s]Downloading (…)on_pytorch_model.bin:  22%|██▏       | 315M/1.45G [00:16<00:57, 19.6MB/s]Downloading (…)on_pytorch_model.bin:  22%|██▏       | 325M/1.45G [00:17<00:53, 20.9MB/s]Downloading (…)on_pytorch_model.bin:  23%|██▎       | 336M/1.45G [00:17<00:54, 20.3MB/s]Downloading (…)on_pytorch_model.bin:  24%|██▍       | 346M/1.45G [00:18<00:51, 21.5MB/s]Downloading (…)on_pytorch_model.bin:  25%|██▍       | 357M/1.45G [00:18<00:52, 20.7MB/s]Downloading (…)on_pytorch_model.bin:  25%|██▌       | 367M/1.45G [00:19<00:53, 20.2MB/s]Downloading (…)on_pytorch_model.bin:  26%|██▌       | 377M/1.45G [00:19<00:50, 21.3MB/s]Downloading (…)on_pytorch_model.bin:  27%|██▋       | 388M/1.45G [00:20<00:51, 20.6MB/s]Downloading (…)on_pytorch_model.bin:  28%|██▊       | 398M/1.45G [00:20<00:53, 19.6MB/s]Downloading (…)on_pytorch_model.bin:  28%|██▊       | 409M/1.45G [00:21<00:53, 19.5MB/s]Downloading (…)on_pytorch_model.bin:  29%|██▉       | 419M/1.45G [00:21<00:49, 20.9MB/s]Downloading (…)on_pytorch_model.bin:  30%|██▉       | 430M/1.45G [00:22<00:49, 20.4MB/s]Downloading (…)on_pytorch_model.bin:  30%|███       | 440M/1.45G [00:22<00:46, 21.5MB/s]Downloading (…)on_pytorch_model.bin:  31%|███       | 451M/1.45G [00:23<00:48, 20.7MB/s]Downloading (…)on_pytorch_model.bin:  32%|███▏      | 461M/1.45G [00:23<00:45, 21.8MB/s]Downloading (…)on_pytorch_model.bin:  33%|███▎      | 472M/1.45G [00:24<00:46, 20.9MB/s]Downloading (…)on_pytorch_model.bin:  33%|███▎      | 482M/1.45G [00:24<00:47, 20.2MB/s]Downloading (…)on_pytorch_model.bin:  34%|███▍      | 493M/1.45G [00:25<00:44, 21.4MB/s]Downloading (…)on_pytorch_model.bin:  35%|███▍      | 503M/1.45G [00:25<00:45, 20.7MB/s]Downloading (…)on_pytorch_model.bin:  36%|███▌      | 514M/1.45G [00:26<00:42, 21.8MB/s]Downloading (…)on_pytorch_model.bin:  36%|███▋      | 524M/1.45G [00:26<00:44, 20.8MB/s]Downloading (…)on_pytorch_model.bin:  37%|███▋      | 535M/1.45G [00:27<00:44, 20.3MB/s]Downloading (…)on_pytorch_model.bin:  38%|███▊      | 545M/1.45G [00:27<00:42, 21.4MB/s]Downloading (…)on_pytorch_model.bin:  38%|███▊      | 556M/1.45G [00:28<00:43, 20.7MB/s]Downloading (…)on_pytorch_model.bin:  39%|███▉      | 566M/1.45G [00:28<00:43, 20.2MB/s]Downloading (…)on_pytorch_model.bin:  40%|███▉      | 577M/1.45G [00:29<00:40, 21.3MB/s]Downloading (…)on_pytorch_model.bin:  41%|████      | 587M/1.45G [00:29<00:41, 20.6MB/s]Downloading (…)on_pytorch_model.bin:  41%|████▏     | 598M/1.45G [00:30<00:39, 21.7MB/s]Downloading (…)on_pytorch_model.bin:  42%|████▏     | 608M/1.45G [00:30<00:40, 20.8MB/s]Downloading (…)on_pytorch_model.bin:  43%|████▎     | 619M/1.45G [00:31<00:40, 20.3MB/s]Downloading (…)on_pytorch_model.bin:  44%|████▎     | 629M/1.45G [00:31<00:37, 21.5MB/s]Downloading (…)on_pytorch_model.bin:  44%|████▍     | 640M/1.45G [00:32<00:38, 20.7MB/s]Downloading (…)on_pytorch_model.bin:  45%|████▍     | 650M/1.45G [00:32<00:36, 21.8MB/s]Downloading (…)on_pytorch_model.bin:  46%|████▌     | 661M/1.45G [00:33<00:37, 21.0MB/s]Downloading (…)on_pytorch_model.bin:  46%|████▋     | 671M/1.45G [00:33<00:35, 22.0MB/s]Downloading (…)on_pytorch_model.bin:  47%|████▋     | 682M/1.45G [00:34<00:36, 21.0MB/s]Downloading (…)on_pytorch_model.bin:  48%|████▊     | 692M/1.45G [00:34<00:37, 20.3MB/s]Downloading (…)on_pytorch_model.bin:  49%|████▊     | 703M/1.45G [00:35<00:37, 19.9MB/s]Downloading (…)on_pytorch_model.bin:  49%|████▉     | 713M/1.45G [00:35<00:34, 21.2MB/s]Downloading (…)on_pytorch_model.bin:  50%|█████     | 724M/1.45G [00:36<00:35, 20.6MB/s]Downloading (…)on_pytorch_model.bin:  51%|█████     | 734M/1.45G [00:36<00:32, 21.7MB/s]Downloading (…)on_pytorch_model.bin:  52%|█████▏    | 744M/1.45G [00:37<00:33, 20.8MB/s]Downloading (…)on_pytorch_model.bin:  52%|█████▏    | 755M/1.45G [00:37<00:31, 21.9MB/s]Downloading (…)on_pytorch_model.bin:  53%|█████▎    | 765M/1.45G [00:38<00:32, 21.0MB/s]Downloading (…)on_pytorch_model.bin:  54%|█████▎    | 776M/1.45G [00:38<00:32, 20.4MB/s]Downloading (…)on_pytorch_model.bin:  54%|█████▍    | 786M/1.45G [00:39<00:30, 21.5MB/s]Downloading (…)on_pytorch_model.bin:  55%|█████▌    | 797M/1.45G [00:39<00:31, 20.7MB/s]Downloading (…)on_pytorch_model.bin:  56%|█████▌    | 807M/1.45G [00:40<00:29, 21.8MB/s]Downloading (…)on_pytorch_model.bin:  57%|█████▋    | 818M/1.45G [00:40<00:29, 21.0MB/s]Downloading (…)on_pytorch_model.bin:  57%|█████▋    | 828M/1.45G [00:41<00:30, 20.3MB/s]Downloading (…)on_pytorch_model.bin:  58%|█████▊    | 839M/1.45G [00:41<00:28, 21.3MB/s]Downloading (…)on_pytorch_model.bin:  59%|█████▉    | 849M/1.45G [00:42<00:28, 20.8MB/s]Downloading (…)on_pytorch_model.bin:  59%|█████▉    | 860M/1.45G [00:42<00:28, 20.3MB/s]Downloading (…)on_pytorch_model.bin:  60%|██████    | 870M/1.45G [00:43<00:27, 21.2MB/s]Downloading (…)on_pytorch_model.bin:  61%|██████    | 881M/1.45G [00:43<00:27, 20.8MB/s]Downloading (…)on_pytorch_model.bin:  62%|██████▏   | 891M/1.45G [00:44<00:25, 21.9MB/s]Downloading (…)on_pytorch_model.bin:  62%|██████▏   | 902M/1.45G [00:44<00:25, 21.0MB/s]Downloading (…)on_pytorch_model.bin:  63%|██████▎   | 912M/1.45G [00:45<00:24, 22.0MB/s]Downloading (…)on_pytorch_model.bin:  64%|██████▍   | 923M/1.45G [00:45<00:24, 21.1MB/s]Downloading (…)on_pytorch_model.bin:  65%|██████▍   | 933M/1.45G [00:46<00:25, 20.5MB/s]Downloading (…)on_pytorch_model.bin:  65%|██████▌   | 944M/1.45G [00:46<00:23, 21.6MB/s]Downloading (…)on_pytorch_model.bin:  66%|██████▌   | 954M/1.45G [00:47<00:23, 20.8MB/s]Downloading (…)on_pytorch_model.bin:  67%|██████▋   | 965M/1.45G [00:47<00:23, 20.1MB/s]Downloading (…)on_pytorch_model.bin:  67%|██████▋   | 975M/1.45G [00:48<00:22, 21.3MB/s]Downloading (…)on_pytorch_model.bin:  68%|██████▊   | 986M/1.45G [00:48<00:22, 20.6MB/s]Downloading (…)on_pytorch_model.bin:  69%|██████▉   | 996M/1.45G [00:49<00:22, 20.1MB/s]Downloading (…)on_pytorch_model.bin:  70%|██████▉   | 1.01G/1.45G [00:49<00:20, 21.3MB/s]Downloading (…)on_pytorch_model.bin:  70%|███████   | 1.02G/1.45G [00:50<00:20, 20.6MB/s]Downloading (…)on_pytorch_model.bin:  71%|███████   | 1.03G/1.45G [00:50<00:19, 21.7MB/s]Downloading (…)on_pytorch_model.bin:  72%|███████▏  | 1.04G/1.45G [00:51<00:19, 20.9MB/s]Downloading (…)on_pytorch_model.bin:  73%|███████▎  | 1.05G/1.45G [00:51<00:18, 21.9MB/s]Downloading (…)on_pytorch_model.bin:  73%|███████▎  | 1.06G/1.45G [00:52<00:18, 20.9MB/s]Downloading (…)on_pytorch_model.bin:  74%|███████▍  | 1.07G/1.45G [00:52<00:18, 20.3MB/s]Downloading (…)on_pytorch_model.bin:  75%|███████▍  | 1.08G/1.45G [00:53<00:17, 20.9MB/s]Downloading (…)on_pytorch_model.bin:  75%|███████▌  | 1.09G/1.45G [00:53<00:17, 20.8MB/s]Downloading (…)on_pytorch_model.bin:  76%|███████▌  | 1.10G/1.45G [00:54<00:15, 21.9MB/s]Downloading (…)on_pytorch_model.bin:  77%|███████▋  | 1.11G/1.45G [00:54<00:15, 21.1MB/s]Downloading (…)on_pytorch_model.bin:  78%|███████▊  | 1.12G/1.45G [00:55<00:14, 22.0MB/s]Downloading (…)on_pytorch_model.bin:  78%|███████▊  | 1.13G/1.45G [00:55<00:14, 21.1MB/s]Downloading (…)on_pytorch_model.bin:  79%|███████▉  | 1.14G/1.45G [00:56<00:14, 20.4MB/s]Downloading (…)on_pytorch_model.bin:  80%|███████▉  | 1.15G/1.45G [00:56<00:13, 21.6MB/s]Downloading (…)on_pytorch_model.bin:  81%|████████  | 1.16G/1.45G [00:57<00:13, 20.8MB/s]Downloading (…)on_pytorch_model.bin:  81%|████████▏ | 1.17G/1.45G [00:57<00:12, 21.8MB/s]Downloading (…)on_pytorch_model.bin:  82%|████████▏ | 1.18G/1.45G [00:58<00:12, 20.6MB/s]Downloading (…)on_pytorch_model.bin:  83%|████████▎ | 1.20G/1.45G [00:58<00:12, 20.2MB/s]Downloading (…)on_pytorch_model.bin:  83%|████████▎ | 1.21G/1.45G [00:59<00:12, 19.6MB/s]Downloading (…)on_pytorch_model.bin:  84%|████████▍ | 1.22G/1.45G [00:59<00:10, 20.9MB/s]Downloading (…)on_pytorch_model.bin:  85%|████████▍ | 1.23G/1.45G [01:00<00:10, 20.3MB/s]Downloading (…)on_pytorch_model.bin:  86%|████████▌ | 1.24G/1.45G [01:00<00:10, 19.8MB/s]Downloading (…)on_pytorch_model.bin:  86%|████████▋ | 1.25G/1.45G [01:01<00:10, 19.5MB/s]Downloading (…)on_pytorch_model.bin:  87%|████████▋ | 1.26G/1.45G [01:01<00:08, 20.9MB/s]Downloading (…)on_pytorch_model.bin:  88%|████████▊ | 1.27G/1.45G [01:02<00:08, 20.3MB/s]Downloading (…)on_pytorch_model.bin:  89%|████████▊ | 1.28G/1.45G [01:02<00:07, 21.4MB/s]Downloading (…)on_pytorch_model.bin:  89%|████████▉ | 1.29G/1.45G [01:03<00:07, 20.5MB/s]Downloading (…)on_pytorch_model.bin:  90%|████████▉ | 1.30G/1.45G [01:03<00:06, 21.6MB/s]Downloading (…)on_pytorch_model.bin:  91%|█████████ | 1.31G/1.45G [01:04<00:06, 20.8MB/s]Downloading (…)on_pytorch_model.bin:  91%|█████████▏| 1.32G/1.45G [01:04<00:06, 20.3MB/s]Downloading (…)on_pytorch_model.bin:  92%|█████████▏| 1.33G/1.45G [01:05<00:05, 21.1MB/s]Downloading (…)on_pytorch_model.bin:  93%|█████████▎| 1.34G/1.45G [01:05<00:04, 20.8MB/s]Downloading (…)on_pytorch_model.bin:  94%|█████████▎| 1.35G/1.45G [01:06<00:04, 21.8MB/s]Downloading (…)on_pytorch_model.bin:  94%|█████████▍| 1.36G/1.45G [01:06<00:03, 20.8MB/s]Downloading (…)on_pytorch_model.bin:  95%|█████████▌| 1.37G/1.45G [01:07<00:03, 20.3MB/s]Downloading (…)on_pytorch_model.bin:  96%|█████████▌| 1.38G/1.45G [01:07<00:02, 21.3MB/s]Downloading (…)on_pytorch_model.bin:  96%|█████████▋| 1.39G/1.45G [01:08<00:02, 20.1MB/s]Downloading (…)on_pytorch_model.bin:  97%|█████████▋| 1.41G/1.45G [01:09<00:02, 18.1MB/s]Downloading (…)on_pytorch_model.bin:  98%|█████████▊| 1.42G/1.45G [01:09<00:01, 18.3MB/s]Downloading (…)on_pytorch_model.bin:  99%|█████████▊| 1.43G/1.45G [01:10<00:00, 19.7MB/s]Downloading (…)on_pytorch_model.bin:  99%|█████████▉| 1.44G/1.45G [01:10<00:00, 18.9MB/s]Downloading (…)on_pytorch_model.bin: 100%|██████████| 1.45G/1.45G [01:11<00:00, 19.8MB/s]Downloading (…)on_pytorch_model.bin: 100%|██████████| 1.45G/1.45G [01:11<00:00, 20.3MB/s]
You have disabled the safety checker for <class 'diffusers.pipelines.stable_diffusion.pipeline_stable_diffusion_controlnet.StableDiffusionControlNetPipeline'> by passing `safety_checker=None`. Ensure that you abide to the conditions of the Stable Diffusion license and do not expose unfiltered results in services or applications open to the public. Both the diffusers team and Hugging Face strongly recommend to keep the safety filter enabled in all public facing circumstances, disabling it only for use-cases that involve analyzing network behavior or auditing its results. For more information, please have a look at https://github.com/huggingface/diffusers/pull/254 .
  0%|          | 0/50 [00:00<?, ?it/s]  2%|▏         | 1/50 [00:00<00:05,  8.45it/s]  4%|▍         | 2/50 [00:00<00:05,  8.52it/s]  6%|▌         | 3/50 [00:00<00:05,  8.72it/s]  8%|▊         | 4/50 [00:00<00:05,  8.85it/s] 10%|█         | 5/50 [00:00<00:05,  8.91it/s] 12%|█▏        | 6/50 [00:00<00:04,  8.95it/s] 14%|█▍        | 7/50 [00:00<00:04,  8.98it/s] 16%|█▌        | 8/50 [00:00<00:04,  8.98it/s] 18%|█▊        | 9/50 [00:01<00:04,  9.01it/s] 20%|██        | 10/50 [00:01<00:04,  8.99it/s] 22%|██▏       | 11/50 [00:01<00:04,  8.98it/s] 24%|██▍       | 12/50 [00:01<00:04,  8.98it/s] 26%|██▌       | 13/50 [00:01<00:04,  8.98it/s] 28%|██▊       | 14/50 [00:01<00:04,  8.98it/s] 30%|███       | 15/50 [00:01<00:03,  8.98it/s] 32%|███▏      | 16/50 [00:01<00:03,  8.99it/s] 34%|███▍      | 17/50 [00:01<00:03,  8.98it/s] 36%|███▌      | 18/50 [00:02<00:03,  8.99it/s] 38%|███▊      | 19/50 [00:02<00:03,  8.99it/s] 40%|████      | 20/50 [00:02<00:03,  8.98it/s] 42%|████▏     | 21/50 [00:02<00:03,  8.98it/s] 44%|████▍     | 22/50 [00:02<00:03,  8.98it/s] 46%|████▌     | 23/50 [00:02<00:03,  8.99it/s] 48%|████▊     | 24/50 [00:02<00:02,  9.00it/s] 50%|█████     | 25/50 [00:02<00:02,  9.00it/s] 52%|█████▏    | 26/50 [00:02<00:02,  8.99it/s] 54%|█████▍    | 27/50 [00:03<00:02,  8.99it/s] 56%|█████▌    | 28/50 [00:03<00:02,  8.99it/s] 58%|█████▊    | 29/50 [00:03<00:02,  8.99it/s] 60%|██████    | 30/50 [00:03<00:02,  8.99it/s] 62%|██████▏   | 31/50 [00:03<00:02,  8.98it/s] 64%|██████▍   | 32/50 [00:03<00:02,  9.00it/s] 66%|██████▌   | 33/50 [00:03<00:01,  8.99it/s] 68%|██████▊   | 34/50 [00:03<00:01,  8.98it/s] 70%|███████   | 35/50 [00:03<00:01,  8.98it/s] 72%|███████▏  | 36/50 [00:04<00:01,  8.98it/s] 74%|███████▍  | 37/50 [00:04<00:01,  8.98it/s] 76%|███████▌  | 38/50 [00:04<00:01,  8.97it/s] 78%|███████▊  | 39/50 [00:04<00:01,  8.98it/s] 80%|████████  | 40/50 [00:04<00:01,  8.97it/s] 82%|████████▏ | 41/50 [00:04<00:01,  8.97it/s] 84%|████████▍ | 42/50 [00:04<00:00,  8.97it/s] 86%|████████▌ | 43/50 [00:04<00:00,  8.98it/s] 88%|████████▊ | 44/50 [00:04<00:00,  8.99it/s] 90%|█████████ | 45/50 [00:05<00:00,  8.99it/s] 92%|█████████▏| 46/50 [00:05<00:00,  8.98it/s] 94%|█████████▍| 47/50 [00:05<00:00,  8.98it/s] 96%|█████████▌| 48/50 [00:05<00:00,  8.96it/s] 98%|█████████▊| 49/50 [00:05<00:00,  8.96it/s]100%|██████████| 50/50 [00:05<00:00,  8.96it/s]100%|██████████| 50/50 [00:05<00:00,  8.97it/s]
Downloading body_pose_model.pth:   0%|          | 0.00/209M [00:00<?, ?B/s]Downloading body_pose_model.pth:   5%|▌         | 10.5M/209M [00:00<00:08, 23.5MB/s]Downloading body_pose_model.pth:  10%|█         | 21.0M/209M [00:00<00:05, 36.7MB/s]Downloading body_pose_model.pth:  15%|█▌        | 31.5M/209M [00:00<00:03, 44.7MB/s]Downloading body_pose_model.pth:  20%|██        | 41.9M/209M [00:00<00:03, 50.1MB/s]Downloading body_pose_model.pth:  25%|██▌       | 52.4M/209M [00:01<00:03, 50.6MB/s]Downloading body_pose_model.pth:  30%|███       | 62.9M/209M [00:01<00:02, 52.9MB/s]Downloading body_pose_model.pth:  35%|███▌      | 73.4M/209M [00:01<00:02, 55.2MB/s]Downloading body_pose_model.pth:  40%|████      | 83.9M/209M [00:01<00:02, 57.2MB/s]Downloading body_pose_model.pth:  45%|████▌     | 94.4M/209M [00:01<00:01, 58.5MB/s]Downloading body_pose_model.pth:  50%|█████     | 105M/209M [00:02<00:01, 59.5MB/s] Downloading body_pose_model.pth:  55%|█████▌    | 115M/209M [00:02<00:01, 60.2MB/s]Downloading body_pose_model.pth:  60%|██████    | 126M/209M [00:02<00:01, 60.9MB/s]Downloading body_pose_model.pth:  65%|██████▌   | 136M/209M [00:02<00:01, 61.0MB/s]Downloading body_pose_model.pth:  70%|███████   | 147M/209M [00:02<00:01, 61.2MB/s]Downloading body_pose_model.pth:  75%|███████▌  | 157M/209M [00:02<00:00, 61.4MB/s]Downloading body_pose_model.pth:  80%|████████  | 168M/209M [00:03<00:00, 61.7MB/s]Downloading body_pose_model.pth:  85%|████████▌ | 178M/209M [00:03<00:00, 61.6MB/s]Downloading body_pose_model.pth:  90%|█████████ | 189M/209M [00:03<00:00, 61.5MB/s]Downloading body_pose_model.pth:  95%|█████████▌| 199M/209M [00:03<00:00, 61.7MB/s]Downloading body_pose_model.pth: 100%|██████████| 209M/209M [00:03<00:00, 61.5MB/s]Downloading body_pose_model.pth: 100%|██████████| 209M/209M [00:03<00:00, 56.1MB/s]
Downloading hand_pose_model.pth:   0%|          | 0.00/147M [00:00<?, ?B/s]Downloading hand_pose_model.pth:   7%|▋         | 10.5M/147M [00:00<00:02, 60.1MB/s]Downloading hand_pose_model.pth:  14%|█▍        | 21.0M/147M [00:00<00:02, 61.4MB/s]Downloading hand_pose_model.pth:  21%|██▏       | 31.5M/147M [00:00<00:01, 59.6MB/s]Downloading hand_pose_model.pth:  28%|██▊       | 41.9M/147M [00:00<00:01, 59.4MB/s]Downloading hand_pose_model.pth:  36%|███▌      | 52.4M/147M [00:00<00:01, 60.3MB/s]Downloading hand_pose_model.pth:  43%|████▎     | 62.9M/147M [00:01<00:01, 60.8MB/s]Downloading hand_pose_model.pth:  50%|████▉     | 73.4M/147M [00:01<00:01, 61.3MB/s]Downloading hand_pose_model.pth:  57%|█████▋    | 83.9M/147M [00:01<00:01, 61.6MB/s]Downloading hand_pose_model.pth:  64%|██████▍   | 94.4M/147M [00:01<00:00, 60.4MB/s]Downloading hand_pose_model.pth:  71%|███████   | 105M/147M [00:01<00:00, 55.0MB/s] Downloading hand_pose_model.pth:  78%|███████▊  | 115M/147M [00:01<00:00, 56.8MB/s]Downloading hand_pose_model.pth:  85%|████████▌ | 126M/147M [00:02<00:00, 58.2MB/s]Downloading hand_pose_model.pth:  93%|█████████▎| 136M/147M [00:02<00:00, 59.3MB/s]Downloading hand_pose_model.pth: 100%|█████████▉| 147M/147M [00:02<00:00, 60.0MB/s]Downloading hand_pose_model.pth: 100%|██████████| 147M/147M [00:02<00:00, 59.4MB/s]
Downloading facenet.pth:   0%|          | 0.00/154M [00:00<?, ?B/s]Downloading facenet.pth:   7%|▋         | 10.5M/154M [00:00<00:02, 58.3MB/s]Downloading facenet.pth:  14%|█▎        | 21.0M/154M [00:00<00:02, 58.1MB/s]Downloading facenet.pth:  20%|██        | 31.5M/154M [00:00<00:02, 59.3MB/s]Downloading facenet.pth:  27%|██▋       | 41.9M/154M [00:00<00:01, 60.1MB/s]Downloading facenet.pth:  34%|███▍      | 52.4M/154M [00:00<00:01, 59.9MB/s]Downloading facenet.pth:  41%|████      | 62.9M/154M [00:01<00:01, 60.4MB/s]Downloading facenet.pth:  48%|████▊     | 73.4M/154M [00:01<00:01, 60.8MB/s]Downloading facenet.pth:  55%|█████▍    | 83.9M/154M [00:01<00:01, 61.1MB/s]Downloading facenet.pth:  61%|██████▏   | 94.4M/154M [00:01<00:00, 61.5MB/s]Downloading facenet.pth:  68%|██████▊   | 105M/154M [00:01<00:00, 61.6MB/s] Downloading facenet.pth:  75%|███████▌  | 115M/154M [00:01<00:00, 61.2MB/s]Downloading facenet.pth:  82%|████████▏ | 126M/154M [00:02<00:00, 60.7MB/s]Downloading facenet.pth:  89%|████████▊ | 136M/154M [00:02<00:00, 61.0MB/s]Downloading facenet.pth:  95%|█████████▌| 147M/154M [00:02<00:00, 61.2MB/s]Downloading facenet.pth: 100%|██████████| 154M/154M [00:02<00:00, 61.0MB/s]Downloading facenet.pth: 100%|██████████| 154M/154M [00:02<00:00, 60.5MB/s]
Downloading (…)lve/main/config.json:   0%|          | 0.00/920 [00:00<?, ?B/s]Downloading (…)lve/main/config.json: 100%|██████████| 920/920 [00:00<00:00, 4.69MB/s]
Downloading (…)on_pytorch_model.bin:   0%|          | 0.00/1.45G [00:00<?, ?B/s]Downloading (…)on_pytorch_model.bin:   1%|          | 10.5M/1.45G [00:00<00:28, 51.0MB/s]Downloading (…)on_pytorch_model.bin:   1%|▏         | 21.0M/1.45G [00:00<00:25, 56.8MB/s]Downloading (…)on_pytorch_model.bin:   2%|▏         | 31.5M/1.45G [00:00<00:23, 59.3MB/s]Downloading (…)on_pytorch_model.bin:   3%|▎         | 41.9M/1.45G [00:01<00:38, 36.3MB/s]Downloading (…)on_pytorch_model.bin:   4%|▎         | 52.4M/1.45G [00:01<00:32, 42.2MB/s]Downloading (…)on_pytorch_model.bin:   4%|▍         | 62.9M/1.45G [00:01<00:29, 47.4MB/s]Downloading (…)on_pytorch_model.bin:   5%|▌         | 73.4M/1.45G [00:01<00:26, 51.0MB/s]Downloading (…)on_pytorch_model.bin:   6%|▌         | 83.9M/1.45G [00:01<00:25, 54.0MB/s]Downloading (…)on_pytorch_model.bin:   7%|▋         | 94.4M/1.45G [00:01<00:24, 55.9MB/s]Downloading (…)on_pytorch_model.bin:   7%|▋         | 105M/1.45G [00:02<00:23, 57.6MB/s] Downloading (…)on_pytorch_model.bin:   8%|▊         | 115M/1.45G [00:02<00:22, 58.9MB/s]Downloading (…)on_pytorch_model.bin:   9%|▊         | 126M/1.45G [00:02<00:22, 59.9MB/s]Downloading (…)on_pytorch_model.bin:   9%|▉         | 136M/1.45G [00:02<00:21, 60.6MB/s]Downloading (…)on_pytorch_model.bin:  10%|█         | 147M/1.45G [00:02<00:21, 60.9MB/s]Downloading (…)on_pytorch_model.bin:  11%|█         | 157M/1.45G [00:02<00:21, 61.2MB/s]Downloading (…)on_pytorch_model.bin:  12%|█▏        | 168M/1.45G [00:03<00:20, 61.3MB/s]Downloading (…)on_pytorch_model.bin:  12%|█▏        | 178M/1.45G [00:03<00:20, 61.4MB/s]Downloading (…)on_pytorch_model.bin:  13%|█▎        | 189M/1.45G [00:03<00:20, 61.7MB/s]Downloading (…)on_pytorch_model.bin:  14%|█▍        | 199M/1.45G [00:03<00:20, 62.0MB/s]Downloading (…)on_pytorch_model.bin:  15%|█▍        | 210M/1.45G [00:03<00:19, 61.9MB/s]Downloading (…)on_pytorch_model.bin:  15%|█▌        | 220M/1.45G [00:03<00:19, 61.8MB/s]Downloading (…)on_pytorch_model.bin:  16%|█▌        | 231M/1.45G [00:04<00:19, 61.9MB/s]Downloading (…)on_pytorch_model.bin:  17%|█▋        | 241M/1.45G [00:04<00:19, 61.8MB/s]Downloading (…)on_pytorch_model.bin:  17%|█▋        | 252M/1.45G [00:04<00:19, 61.8MB/s]Downloading (…)on_pytorch_model.bin:  18%|█▊        | 262M/1.45G [00:04<00:19, 62.0MB/s]Downloading (…)on_pytorch_model.bin:  19%|█▉        | 273M/1.45G [00:04<00:18, 62.0MB/s]Downloading (…)on_pytorch_model.bin:  20%|█▉        | 283M/1.45G [00:04<00:18, 61.8MB/s]Downloading (…)on_pytorch_model.bin:  20%|██        | 294M/1.45G [00:05<00:18, 61.8MB/s]Downloading (…)on_pytorch_model.bin:  21%|██        | 304M/1.45G [00:05<00:18, 61.8MB/s]Downloading (…)on_pytorch_model.bin:  22%|██▏       | 315M/1.45G [00:05<00:18, 61.9MB/s]Downloading (…)on_pytorch_model.bin:  22%|██▏       | 325M/1.45G [00:05<00:18, 61.8MB/s]Downloading (…)on_pytorch_model.bin:  23%|██▎       | 336M/1.45G [00:05<00:17, 61.8MB/s]Downloading (…)on_pytorch_model.bin:  24%|██▍       | 346M/1.45G [00:05<00:17, 61.8MB/s]Downloading (…)on_pytorch_model.bin:  25%|██▍       | 357M/1.45G [00:06<00:17, 61.8MB/s]Downloading (…)on_pytorch_model.bin:  25%|██▌       | 367M/1.45G [00:06<00:18, 59.7MB/s]Downloading (…)on_pytorch_model.bin:  26%|██▌       | 377M/1.45G [00:06<00:17, 60.2MB/s]Downloading (…)on_pytorch_model.bin:  27%|██▋       | 388M/1.45G [00:06<00:17, 60.7MB/s]Downloading (…)on_pytorch_model.bin:  28%|██▊       | 398M/1.45G [00:06<00:17, 61.0MB/s]Downloading (…)on_pytorch_model.bin:  28%|██▊       | 409M/1.45G [00:06<00:17, 60.7MB/s]Downloading (…)on_pytorch_model.bin:  29%|██▉       | 419M/1.45G [00:07<00:16, 61.0MB/s]Downloading (…)on_pytorch_model.bin:  30%|██▉       | 430M/1.45G [00:07<00:16, 61.4MB/s]Downloading (…)on_pytorch_model.bin:  30%|███       | 440M/1.45G [00:07<00:16, 61.5MB/s]Downloading (…)on_pytorch_model.bin:  31%|███       | 451M/1.45G [00:07<00:16, 61.7MB/s]Downloading (…)on_pytorch_model.bin:  32%|███▏      | 461M/1.45G [00:07<00:15, 61.9MB/s]Downloading (…)on_pytorch_model.bin:  33%|███▎      | 472M/1.45G [00:07<00:15, 62.0MB/s]Downloading (…)on_pytorch_model.bin:  33%|███▎      | 482M/1.45G [00:08<00:15, 62.0MB/s]Downloading (…)on_pytorch_model.bin:  34%|███▍      | 493M/1.45G [00:08<00:15, 61.7MB/s]Downloading (…)on_pytorch_model.bin:  35%|███▍      | 503M/1.45G [00:08<00:15, 61.8MB/s]Downloading (…)on_pytorch_model.bin:  36%|███▌      | 514M/1.45G [00:08<00:15, 62.0MB/s]Downloading (…)on_pytorch_model.bin:  36%|███▋      | 524M/1.45G [00:08<00:14, 62.0MB/s]Downloading (…)on_pytorch_model.bin:  37%|███▋      | 535M/1.45G [00:09<00:14, 62.2MB/s]Downloading (…)on_pytorch_model.bin:  38%|███▊      | 545M/1.45G [00:09<00:14, 62.2MB/s]Downloading (…)on_pytorch_model.bin:  38%|███▊      | 556M/1.45G [00:09<00:14, 62.2MB/s]Downloading (…)on_pytorch_model.bin:  39%|███▉      | 566M/1.45G [00:09<00:14, 62.0MB/s]Downloading (…)on_pytorch_model.bin:  40%|███▉      | 577M/1.45G [00:09<00:14, 61.9MB/s]Downloading (…)on_pytorch_model.bin:  41%|████      | 587M/1.45G [00:09<00:13, 61.8MB/s]Downloading (…)on_pytorch_model.bin:  41%|████▏     | 598M/1.45G [00:10<00:13, 61.5MB/s]Downloading (…)on_pytorch_model.bin:  42%|████▏     | 608M/1.45G [00:10<00:13, 61.6MB/s]Downloading (…)on_pytorch_model.bin:  43%|████▎     | 619M/1.45G [00:10<00:13, 61.6MB/s]Downloading (…)on_pytorch_model.bin:  44%|████▎     | 629M/1.45G [00:10<00:13, 61.8MB/s]Downloading (…)on_pytorch_model.bin:  44%|████▍     | 640M/1.45G [00:10<00:13, 61.7MB/s]Downloading (…)on_pytorch_model.bin:  45%|████▍     | 650M/1.45G [00:10<00:12, 61.7MB/s]Downloading (…)on_pytorch_model.bin:  46%|████▌     | 661M/1.45G [00:11<00:12, 61.5MB/s]Downloading (…)on_pytorch_model.bin:  46%|████▋     | 671M/1.45G [00:11<00:12, 61.3MB/s]Downloading (…)on_pytorch_model.bin:  47%|████▋     | 682M/1.45G [00:11<00:12, 61.4MB/s]Downloading (…)on_pytorch_model.bin:  48%|████▊     | 692M/1.45G [00:11<00:12, 61.5MB/s]Downloading (…)on_pytorch_model.bin:  49%|████▊     | 703M/1.45G [00:11<00:12, 61.4MB/s]Downloading (…)on_pytorch_model.bin:  49%|████▉     | 713M/1.45G [00:11<00:11, 61.4MB/s]Downloading (…)on_pytorch_model.bin:  50%|█████     | 724M/1.45G [00:12<00:17, 41.2MB/s]Downloading (…)on_pytorch_model.bin:  51%|█████     | 734M/1.45G [00:12<00:15, 45.8MB/s]Downloading (…)on_pytorch_model.bin:  52%|█████▏    | 744M/1.45G [00:12<00:14, 49.7MB/s]Downloading (…)on_pytorch_model.bin:  52%|█████▏    | 755M/1.45G [00:12<00:13, 52.7MB/s]Downloading (…)on_pytorch_model.bin:  53%|█████▎    | 765M/1.45G [00:13<00:12, 55.2MB/s]Downloading (…)on_pytorch_model.bin:  54%|█████▎    | 776M/1.45G [00:13<00:11, 57.0MB/s]Downloading (…)on_pytorch_model.bin:  54%|█████▍    | 786M/1.45G [00:13<00:11, 58.3MB/s]Downloading (…)on_pytorch_model.bin:  55%|█████▌    | 797M/1.45G [00:13<00:10, 59.2MB/s]Downloading (…)on_pytorch_model.bin:  56%|█████▌    | 807M/1.45G [00:13<00:10, 60.0MB/s]Downloading (…)on_pytorch_model.bin:  57%|█████▋    | 818M/1.45G [00:13<00:10, 60.4MB/s]Downloading (…)on_pytorch_model.bin:  57%|█████▋    | 828M/1.45G [00:14<00:10, 61.0MB/s]Downloading (…)on_pytorch_model.bin:  58%|█████▊    | 839M/1.45G [00:14<00:09, 61.2MB/s]Downloading (…)on_pytorch_model.bin:  59%|█████▉    | 849M/1.45G [00:14<00:09, 61.4MB/s]Downloading (…)on_pytorch_model.bin:  59%|█████▉    | 860M/1.45G [00:14<00:09, 61.6MB/s]Downloading (…)on_pytorch_model.bin:  60%|██████    | 870M/1.45G [00:14<00:09, 61.7MB/s]Downloading (…)on_pytorch_model.bin:  61%|██████    | 881M/1.45G [00:14<00:09, 61.5MB/s]Downloading (…)on_pytorch_model.bin:  62%|██████▏   | 891M/1.45G [00:15<00:08, 61.7MB/s]Downloading (…)on_pytorch_model.bin:  62%|██████▏   | 902M/1.45G [00:15<00:08, 61.6MB/s]Downloading (…)on_pytorch_model.bin:  63%|██████▎   | 912M/1.45G [00:15<00:08, 61.8MB/s]Downloading (…)on_pytorch_model.bin:  64%|██████▍   | 923M/1.45G [00:15<00:08, 61.7MB/s]Downloading (…)on_pytorch_model.bin:  65%|██████▍   | 933M/1.45G [00:15<00:08, 61.9MB/s]Downloading (…)on_pytorch_model.bin:  65%|██████▌   | 944M/1.45G [00:15<00:08, 62.0MB/s]Downloading (…)on_pytorch_model.bin:  66%|██████▌   | 954M/1.45G [00:16<00:07, 61.8MB/s]Downloading (…)on_pytorch_model.bin:  67%|██████▋   | 965M/1.45G [00:16<00:07, 62.0MB/s]Downloading (…)on_pytorch_model.bin:  67%|██████▋   | 975M/1.45G [00:16<00:07, 62.0MB/s]Downloading (…)on_pytorch_model.bin:  68%|██████▊   | 986M/1.45G [00:16<00:07, 62.0MB/s]Downloading (…)on_pytorch_model.bin:  69%|██████▉   | 996M/1.45G [00:16<00:07, 61.9MB/s]Downloading (…)on_pytorch_model.bin:  70%|██████▉   | 1.01G/1.45G [00:16<00:07, 61.8MB/s]Downloading (…)on_pytorch_model.bin:  70%|███████   | 1.02G/1.45G [00:17<00:06, 61.9MB/s]Downloading (…)on_pytorch_model.bin:  71%|███████   | 1.03G/1.45G [00:17<00:06, 62.1MB/s]Downloading (…)on_pytorch_model.bin:  72%|███████▏  | 1.04G/1.45G [00:17<00:06, 62.1MB/s]Downloading (…)on_pytorch_model.bin:  73%|███████▎  | 1.05G/1.45G [00:17<00:06, 62.0MB/s]Downloading (…)on_pytorch_model.bin:  73%|███████▎  | 1.06G/1.45G [00:17<00:06, 61.9MB/s]Downloading (…)on_pytorch_model.bin:  74%|███████▍  | 1.07G/1.45G [00:17<00:06, 62.0MB/s]Downloading (…)on_pytorch_model.bin:  75%|███████▍  | 1.08G/1.45G [00:18<00:05, 61.8MB/s]Downloading (…)on_pytorch_model.bin:  75%|███████▌  | 1.09G/1.45G [00:18<00:05, 61.7MB/s]Downloading (…)on_pytorch_model.bin:  76%|███████▌  | 1.10G/1.45G [00:18<00:05, 61.6MB/s]Downloading (…)on_pytorch_model.bin:  77%|███████▋  | 1.11G/1.45G [00:18<00:05, 61.7MB/s]Downloading (…)on_pytorch_model.bin:  78%|███████▊  | 1.12G/1.45G [00:18<00:05, 61.7MB/s]Downloading (…)on_pytorch_model.bin:  78%|███████▊  | 1.13G/1.45G [00:18<00:05, 61.7MB/s]Downloading (…)on_pytorch_model.bin:  79%|███████▉  | 1.14G/1.45G [00:19<00:04, 61.5MB/s]Downloading (…)on_pytorch_model.bin:  80%|███████▉  | 1.15G/1.45G [00:19<00:04, 61.6MB/s]Downloading (…)on_pytorch_model.bin:  81%|████████  | 1.16G/1.45G [00:19<00:04, 61.8MB/s]Downloading (…)on_pytorch_model.bin:  81%|████████▏ | 1.17G/1.45G [00:19<00:04, 61.9MB/s]Downloading (…)on_pytorch_model.bin:  82%|████████▏ | 1.18G/1.45G [00:19<00:04, 61.8MB/s]Downloading (…)on_pytorch_model.bin:  83%|████████▎ | 1.20G/1.45G [00:19<00:04, 61.8MB/s]Downloading (…)on_pytorch_model.bin:  83%|████████▎ | 1.21G/1.45G [00:20<00:03, 61.6MB/s]Downloading (…)on_pytorch_model.bin:  84%|████████▍ | 1.22G/1.45G [00:20<00:03, 61.2MB/s]Downloading (…)on_pytorch_model.bin:  85%|████████▍ | 1.23G/1.45G [00:20<00:03, 61.0MB/s]Downloading (…)on_pytorch_model.bin:  86%|████████▌ | 1.24G/1.45G [00:20<00:03, 61.3MB/s]Downloading (…)on_pytorch_model.bin:  86%|████████▋ | 1.25G/1.45G [00:20<00:03, 61.4MB/s]Downloading (…)on_pytorch_model.bin:  87%|████████▋ | 1.26G/1.45G [00:21<00:03, 61.5MB/s]Downloading (…)on_pytorch_model.bin:  88%|████████▊ | 1.27G/1.45G [00:21<00:02, 61.6MB/s]Downloading (…)on_pytorch_model.bin:  89%|████████▊ | 1.28G/1.45G [00:21<00:02, 61.5MB/s]Downloading (…)on_pytorch_model.bin:  89%|████████▉ | 1.29G/1.45G [00:21<00:02, 61.6MB/s]Downloading (…)on_pytorch_model.bin:  90%|████████▉ | 1.30G/1.45G [00:21<00:02, 61.7MB/s]Downloading (…)on_pytorch_model.bin:  91%|█████████ | 1.31G/1.45G [00:21<00:02, 61.8MB/s]Downloading (…)on_pytorch_model.bin:  91%|█████████▏| 1.32G/1.45G [00:22<00:02, 61.6MB/s]Downloading (…)on_pytorch_model.bin:  92%|█████████▏| 1.33G/1.45G [00:22<00:01, 61.8MB/s]Downloading (…)on_pytorch_model.bin:  93%|█████████▎| 1.34G/1.45G [00:22<00:01, 61.9MB/s]Downloading (…)on_pytorch_model.bin:  94%|█████████▎| 1.35G/1.45G [00:22<00:01, 61.8MB/s]Downloading (…)on_pytorch_model.bin:  94%|█████████▍| 1.36G/1.45G [00:22<00:01, 61.7MB/s]Downloading (…)on_pytorch_model.bin:  95%|█████████▌| 1.37G/1.45G [00:22<00:01, 61.6MB/s]Downloading (…)on_pytorch_model.bin:  96%|█████████▌| 1.38G/1.45G [00:23<00:00, 61.7MB/s]Downloading (…)on_pytorch_model.bin:  96%|█████████▋| 1.39G/1.45G [00:23<00:00, 61.6MB/s]Downloading (…)on_pytorch_model.bin:  97%|█████████▋| 1.41G/1.45G [00:23<00:00, 61.4MB/s]Downloading (…)on_pytorch_model.bin:  98%|█████████▊| 1.42G/1.45G [00:23<00:00, 61.4MB/s]Downloading (…)on_pytorch_model.bin:  99%|█████████▊| 1.43G/1.45G [00:23<00:00, 61.3MB/s]Downloading (…)on_pytorch_model.bin:  99%|█████████▉| 1.44G/1.45G [00:23<00:00, 61.0MB/s]Downloading (…)on_pytorch_model.bin: 100%|██████████| 1.45G/1.45G [00:24<00:00, 61.3MB/s]Downloading (…)on_pytorch_model.bin: 100%|██████████| 1.45G/1.45G [00:24<00:00, 60.1MB/s]
You have disabled the safety checker for <class 'diffusers.pipelines.stable_diffusion.pipeline_stable_diffusion_controlnet.StableDiffusionControlNetPipeline'> by passing `safety_checker=None`. Ensure that you abide to the conditions of the Stable Diffusion license and do not expose unfiltered results in services or applications open to the public. Both the diffusers team and Hugging Face strongly recommend to keep the safety filter enabled in all public facing circumstances, disabling it only for use-cases that involve analyzing network behavior or auditing its results. For more information, please have a look at https://github.com/huggingface/diffusers/pull/254 .
  0%|          | 0/50 [00:00<?, ?it/s]  2%|▏         | 1/50 [00:00<00:05,  8.46it/s]  4%|▍         | 2/50 [00:00<00:05,  8.73it/s]  6%|▌         | 3/50 [00:00<00:05,  8.84it/s]  8%|▊         | 4/50 [00:00<00:05,  8.91it/s] 10%|█         | 5/50 [00:00<00:05,  8.94it/s] 12%|█▏        | 6/50 [00:00<00:04,  8.95it/s] 14%|█▍        | 7/50 [00:00<00:04,  8.96it/s] 16%|█▌        | 8/50 [00:00<00:04,  8.96it/s] 18%|█▊        | 9/50 [00:01<00:04,  8.98it/s] 20%|██        | 10/50 [00:01<00:04,  8.94it/s] 22%|██▏       | 11/50 [00:01<00:04,  8.94it/s] 24%|██▍       | 12/50 [00:01<00:04,  8.95it/s] 26%|██▌       | 13/50 [00:01<00:04,  8.94it/s] 28%|██▊       | 14/50 [00:01<00:04,  8.94it/s] 30%|███       | 15/50 [00:01<00:03,  8.94it/s] 32%|███▏      | 16/50 [00:01<00:03,  8.94it/s] 34%|███▍      | 17/50 [00:01<00:03,  8.94it/s] 36%|███▌      | 18/50 [00:02<00:03,  8.94it/s] 38%|███▊      | 19/50 [00:02<00:03,  8.94it/s] 40%|████      | 20/50 [00:02<00:03,  8.94it/s] 42%|████▏     | 21/50 [00:02<00:03,  8.93it/s] 44%|████▍     | 22/50 [00:02<00:03,  8.94it/s] 46%|████▌     | 23/50 [00:02<00:03,  8.93it/s] 48%|████▊     | 24/50 [00:02<00:02,  8.94it/s] 50%|█████     | 25/50 [00:02<00:02,  8.94it/s] 52%|█████▏    | 26/50 [00:02<00:02,  8.95it/s] 54%|█████▍    | 27/50 [00:03<00:02,  8.95it/s] 56%|█████▌    | 28/50 [00:03<00:02,  8.94it/s] 58%|█████▊    | 29/50 [00:03<00:02,  8.93it/s] 60%|██████    | 30/50 [00:03<00:02,  8.94it/s] 62%|██████▏   | 31/50 [00:03<00:02,  8.93it/s] 64%|██████▍   | 32/50 [00:03<00:02,  8.93it/s] 66%|██████▌   | 33/50 [00:03<00:01,  8.93it/s] 68%|██████▊   | 34/50 [00:03<00:01,  8.93it/s] 70%|███████   | 35/50 [00:03<00:01,  8.93it/s] 72%|███████▏  | 36/50 [00:04<00:01,  8.93it/s] 74%|███████▍  | 37/50 [00:04<00:01,  8.93it/s] 76%|███████▌  | 38/50 [00:04<00:01,  8.91it/s] 78%|███████▊  | 39/50 [00:04<00:01,  8.91it/s] 80%|████████  | 40/50 [00:04<00:01,  8.90it/s] 82%|████████▏ | 41/50 [00:04<00:01,  8.89it/s] 84%|████████▍ | 42/50 [00:04<00:00,  8.89it/s] 86%|████████▌ | 43/50 [00:04<00:00,  8.89it/s] 88%|████████▊ | 44/50 [00:04<00:00,  8.90it/s] 90%|█████████ | 45/50 [00:05<00:00,  8.91it/s] 92%|█████████▏| 46/50 [00:05<00:00,  8.90it/s] 94%|█████████▍| 47/50 [00:05<00:00,  8.90it/s] 96%|█████████▌| 48/50 [00:05<00:00,  8.90it/s] 98%|█████████▊| 49/50 [00:05<00:00,  8.89it/s]100%|██████████| 50/50 [00:05<00:00,  8.89it/s]100%|██████████| 50/50 [00:05<00:00,  8.92it/s]
  0%|          | 0/50 [00:00<?, ?it/s]  2%|▏         | 1/50 [00:00<00:05,  9.04it/s]  4%|▍         | 2/50 [00:00<00:05,  8.98it/s]  6%|▌         | 3/50 [00:00<00:05,  8.95it/s]  8%|▊         | 4/50 [00:00<00:05,  8.95it/s] 10%|█         | 5/50 [00:00<00:05,  8.96it/s] 12%|█▏        | 6/50 [00:00<00:04,  8.94it/s] 14%|█▍        | 7/50 [00:00<00:04,  8.93it/s] 16%|█▌        | 8/50 [00:00<00:04,  8.91it/s] 18%|█▊        | 9/50 [00:01<00:04,  8.89it/s] 20%|██        | 10/50 [00:01<00:04,  8.89it/s] 22%|██▏       | 11/50 [00:01<00:04,  8.89it/s] 24%|██▍       | 12/50 [00:01<00:04,  8.90it/s] 26%|██▌       | 13/50 [00:01<00:04,  8.89it/s] 28%|██▊       | 14/50 [00:01<00:04,  8.90it/s] 30%|███       | 15/50 [00:01<00:03,  8.90it/s] 32%|███▏      | 16/50 [00:01<00:03,  8.89it/s] 34%|███▍      | 17/50 [00:01<00:03,  8.89it/s] 36%|███▌      | 18/50 [00:02<00:03,  8.88it/s] 38%|███▊      | 19/50 [00:02<00:03,  8.88it/s] 40%|████      | 20/50 [00:02<00:03,  8.89it/s] 42%|████▏     | 21/50 [00:02<00:03,  8.88it/s] 44%|████▍     | 22/50 [00:02<00:03,  8.89it/s] 46%|████▌     | 23/50 [00:02<00:03,  8.88it/s] 48%|████▊     | 24/50 [00:02<00:02,  8.88it/s] 50%|█████     | 25/50 [00:02<00:02,  8.88it/s] 52%|█████▏    | 26/50 [00:02<00:02,  8.88it/s] 54%|█████▍    | 27/50 [00:03<00:02,  8.87it/s] 56%|█████▌    | 28/50 [00:03<00:02,  8.87it/s] 58%|█████▊    | 29/50 [00:03<00:02,  8.88it/s] 60%|██████    | 30/50 [00:03<00:02,  8.88it/s] 62%|██████▏   | 31/50 [00:03<00:02,  8.88it/s] 64%|██████▍   | 32/50 [00:03<00:02,  8.87it/s] 66%|██████▌   | 33/50 [00:03<00:01,  8.87it/s] 68%|██████▊   | 34/50 [00:03<00:01,  8.87it/s] 70%|███████   | 35/50 [00:03<00:01,  8.86it/s] 72%|███████▏  | 36/50 [00:04<00:01,  8.86it/s] 74%|███████▍  | 37/50 [00:04<00:01,  8.87it/s] 76%|███████▌  | 38/50 [00:04<00:01,  8.86it/s] 78%|███████▊  | 39/50 [00:04<00:01,  8.87it/s] 80%|████████  | 40/50 [00:04<00:01,  8.87it/s] 82%|████████▏ | 41/50 [00:04<00:01,  8.88it/s] 84%|████████▍ | 42/50 [00:04<00:00,  8.89it/s] 86%|████████▌ | 43/50 [00:04<00:00,  8.87it/s] 88%|████████▊ | 44/50 [00:04<00:00,  8.88it/s] 90%|█████████ | 45/50 [00:05<00:00,  8.88it/s] 92%|█████████▏| 46/50 [00:05<00:00,  8.85it/s] 94%|█████████▍| 47/50 [00:05<00:00,  8.86it/s] 96%|█████████▌| 48/50 [00:05<00:00,  8.87it/s] 98%|█████████▊| 49/50 [00:05<00:00,  8.87it/s]100%|██████████| 50/50 [00:05<00:00,  8.87it/s]100%|██████████| 50/50 [00:05<00:00,  8.89it/s]
Downloading (…)lve/main/config.json:   0%|          | 0.00/920 [00:00<?, ?B/s]Downloading (…)lve/main/config.json: 100%|██████████| 920/920 [00:00<00:00, 4.61MB/s]
Downloading (…)on_pytorch_model.bin:   0%|          | 0.00/1.45G [00:00<?, ?B/s]Downloading (…)on_pytorch_model.bin:   1%|          | 10.5M/1.45G [00:01<03:52, 6.16MB/s]Downloading (…)on_pytorch_model.bin:   1%|▏         | 21.0M/1.45G [00:02<02:09, 11.0MB/s]Downloading (…)on_pytorch_model.bin:   2%|▏         | 31.5M/1.45G [00:02<01:42, 13.8MB/s]Downloading (…)on_pytorch_model.bin:   3%|▎         | 41.9M/1.45G [00:03<01:31, 15.4MB/s]Downloading (…)on_pytorch_model.bin:   4%|▎         | 52.4M/1.45G [00:03<01:17, 18.1MB/s]Downloading (…)on_pytorch_model.bin:   4%|▍         | 62.9M/1.45G [00:04<01:15, 18.3MB/s]Downloading (…)on_pytorch_model.bin:   5%|▌         | 73.4M/1.45G [00:04<01:08, 20.0MB/s]Downloading (…)on_pytorch_model.bin:   6%|▌         | 83.9M/1.45G [00:05<01:08, 19.8MB/s]Downloading (…)on_pytorch_model.bin:   7%|▋         | 94.4M/1.45G [00:05<01:09, 19.5MB/s]Downloading (…)on_pytorch_model.bin:   7%|▋         | 105M/1.45G [00:06<01:03, 21.1MB/s] Downloading (…)on_pytorch_model.bin:   8%|▊         | 115M/1.45G [00:06<01:05, 20.3MB/s]Downloading (…)on_pytorch_model.bin:   9%|▊         | 126M/1.45G [00:07<01:06, 19.8MB/s]Downloading (…)on_pytorch_model.bin:   9%|▉         | 136M/1.45G [00:07<01:02, 21.1MB/s]Downloading (…)on_pytorch_model.bin:  10%|█         | 147M/1.45G [00:08<01:03, 20.5MB/s]Downloading (…)on_pytorch_model.bin:  11%|█         | 157M/1.45G [00:08<00:59, 21.6MB/s]Downloading (…)on_pytorch_model.bin:  12%|█▏        | 168M/1.45G [00:09<01:01, 20.8MB/s]Downloading (…)on_pytorch_model.bin:  12%|█▏        | 178M/1.45G [00:09<01:02, 20.3MB/s]Downloading (…)on_pytorch_model.bin:  13%|█▎        | 189M/1.45G [00:10<00:58, 21.4MB/s]Downloading (…)on_pytorch_model.bin:  14%|█▍        | 199M/1.45G [00:10<01:00, 20.6MB/s]Downloading (…)on_pytorch_model.bin:  15%|█▍        | 210M/1.45G [00:11<01:01, 20.1MB/s]Downloading (…)on_pytorch_model.bin:  15%|█▌        | 220M/1.45G [00:11<00:57, 21.3MB/s]Downloading (…)on_pytorch_model.bin:  16%|█▌        | 231M/1.45G [00:12<00:58, 20.7MB/s]Downloading (…)on_pytorch_model.bin:  17%|█▋        | 241M/1.45G [00:12<00:55, 21.8MB/s]Downloading (…)on_pytorch_model.bin:  17%|█▋        | 252M/1.45G [00:13<00:57, 20.9MB/s]Downloading (…)on_pytorch_model.bin:  18%|█▊        | 262M/1.45G [00:13<00:58, 20.3MB/s]Downloading (…)on_pytorch_model.bin:  19%|█▉        | 273M/1.45G [00:14<00:54, 21.5MB/s]Downloading (…)on_pytorch_model.bin:  20%|█▉        | 283M/1.45G [00:14<00:56, 20.7MB/s]Downloading (…)on_pytorch_model.bin:  20%|██        | 294M/1.45G [00:15<00:57, 20.2MB/s]Downloading (…)on_pytorch_model.bin:  21%|██        | 304M/1.45G [00:15<00:53, 21.4MB/s]Downloading (…)on_pytorch_model.bin:  22%|██▏       | 315M/1.45G [00:16<00:54, 20.7MB/s]Downloading (…)on_pytorch_model.bin:  22%|██▏       | 325M/1.45G [00:16<00:51, 21.7MB/s]Downloading (…)on_pytorch_model.bin:  23%|██▎       | 336M/1.45G [00:17<00:53, 20.9MB/s]Downloading (…)on_pytorch_model.bin:  24%|██▍       | 346M/1.45G [00:17<00:53, 20.4MB/s]Downloading (…)on_pytorch_model.bin:  25%|██▍       | 357M/1.45G [00:18<00:50, 21.5MB/s]Downloading (…)on_pytorch_model.bin:  25%|██▌       | 367M/1.45G [00:18<00:51, 20.8MB/s]Downloading (…)on_pytorch_model.bin:  26%|██▌       | 377M/1.45G [00:19<00:48, 21.9MB/s]Downloading (…)on_pytorch_model.bin:  27%|██▋       | 388M/1.45G [00:19<00:50, 21.0MB/s]Downloading (…)on_pytorch_model.bin:  28%|██▊       | 398M/1.45G [00:20<00:51, 20.4MB/s]Downloading (…)on_pytorch_model.bin:  28%|██▊       | 409M/1.45G [00:20<00:47, 21.6MB/s]Downloading (…)on_pytorch_model.bin:  29%|██▉       | 419M/1.45G [00:21<00:49, 20.8MB/s]Downloading (…)on_pytorch_model.bin:  30%|██▉       | 430M/1.45G [00:21<00:49, 20.3MB/s]Downloading (…)on_pytorch_model.bin:  30%|███       | 440M/1.45G [00:22<00:46, 21.5MB/s]Downloading (…)on_pytorch_model.bin:  31%|███       | 451M/1.45G [00:22<00:47, 20.7MB/s]Downloading (…)on_pytorch_model.bin:  32%|███▏      | 461M/1.45G [00:23<00:45, 21.8MB/s]Downloading (…)on_pytorch_model.bin:  33%|███▎      | 472M/1.45G [00:23<00:46, 21.0MB/s]Downloading (…)on_pytorch_model.bin:  33%|███▎      | 482M/1.45G [00:24<00:47, 20.4MB/s]Downloading (…)on_pytorch_model.bin:  34%|███▍      | 493M/1.45G [00:24<00:44, 21.5MB/s]Downloading (…)on_pytorch_model.bin:  35%|███▍      | 503M/1.45G [00:25<00:45, 20.8MB/s]Downloading (…)on_pytorch_model.bin:  36%|███▌      | 514M/1.45G [00:25<00:46, 20.2MB/s]Downloading (…)on_pytorch_model.bin:  36%|███▋      | 524M/1.45G [00:26<00:43, 21.4MB/s]Downloading (…)on_pytorch_model.bin:  37%|███▋      | 535M/1.45G [00:26<00:44, 20.6MB/s]Downloading (…)on_pytorch_model.bin:  38%|███▊      | 545M/1.45G [00:27<00:44, 20.1MB/s]Downloading (…)on_pytorch_model.bin:  38%|███▊      | 556M/1.45G [00:27<00:41, 21.3MB/s]Downloading (…)on_pytorch_model.bin:  39%|███▉      | 566M/1.45G [00:28<00:42, 20.7MB/s]Downloading (…)on_pytorch_model.bin:  40%|███▉      | 577M/1.45G [00:28<00:39, 21.7MB/s]Downloading (…)on_pytorch_model.bin:  41%|████      | 587M/1.45G [00:29<00:41, 20.9MB/s]Downloading (…)on_pytorch_model.bin:  41%|████▏     | 598M/1.45G [00:29<00:41, 20.4MB/s]Downloading (…)on_pytorch_model.bin:  42%|████▏     | 608M/1.45G [00:30<00:38, 21.6MB/s]Downloading (…)on_pytorch_model.bin:  43%|████▎     | 619M/1.45G [00:30<00:39, 20.8MB/s]Downloading (…)on_pytorch_model.bin:  44%|████▎     | 629M/1.45G [00:31<00:37, 21.8MB/s]Downloading (…)on_pytorch_model.bin:  44%|████▍     | 640M/1.45G [00:31<00:38, 20.7MB/s]Downloading (…)on_pytorch_model.bin:  45%|████▍     | 650M/1.45G [00:32<00:39, 20.2MB/s]Downloading (…)on_pytorch_model.bin:  46%|████▌     | 661M/1.45G [00:32<00:39, 19.9MB/s]Downloading (…)on_pytorch_model.bin:  46%|████▋     | 671M/1.45G [00:33<00:36, 21.1MB/s]Downloading (…)on_pytorch_model.bin:  47%|████▋     | 682M/1.45G [00:33<00:37, 20.5MB/s]Downloading (…)on_pytorch_model.bin:  48%|████▊     | 692M/1.45G [00:34<00:37, 20.1MB/s]Downloading (…)on_pytorch_model.bin:  49%|████▊     | 703M/1.45G [00:34<00:34, 21.3MB/s]Downloading (…)on_pytorch_model.bin:  49%|████▉     | 713M/1.45G [00:35<00:35, 20.6MB/s]Downloading (…)on_pytorch_model.bin:  50%|█████     | 724M/1.45G [00:35<00:35, 20.1MB/s]Downloading (…)on_pytorch_model.bin:  51%|█████     | 734M/1.45G [00:36<00:33, 21.3MB/s]Downloading (…)on_pytorch_model.bin:  52%|█████▏    | 744M/1.45G [00:36<00:33, 20.7MB/s]Downloading (…)on_pytorch_model.bin:  52%|█████▏    | 755M/1.45G [00:37<00:31, 21.8MB/s]Downloading (…)on_pytorch_model.bin:  53%|█████▎    | 765M/1.45G [00:37<00:32, 20.9MB/s]Downloading (…)on_pytorch_model.bin:  54%|█████▎    | 776M/1.45G [00:38<00:32, 20.3MB/s]Downloading (…)on_pytorch_model.bin:  54%|█████▍    | 786M/1.45G [00:38<00:30, 21.5MB/s]Downloading (…)on_pytorch_model.bin:  55%|█████▌    | 797M/1.45G [00:39<00:31, 20.8MB/s]Downloading (…)on_pytorch_model.bin:  56%|█████▌    | 807M/1.45G [00:39<00:31, 20.1MB/s]Downloading (…)on_pytorch_model.bin:  57%|█████▋    | 818M/1.45G [00:40<00:29, 21.3MB/s]Downloading (…)on_pytorch_model.bin:  57%|█████▋    | 828M/1.45G [00:40<00:29, 20.6MB/s]Downloading (…)on_pytorch_model.bin:  58%|█████▊    | 839M/1.45G [00:41<00:30, 20.0MB/s]Downloading (…)on_pytorch_model.bin:  59%|█████▉    | 849M/1.45G [00:41<00:28, 21.3MB/s]Downloading (…)on_pytorch_model.bin:  59%|█████▉    | 860M/1.45G [00:42<00:28, 20.6MB/s]Downloading (…)on_pytorch_model.bin:  60%|██████    | 870M/1.45G [00:42<00:28, 20.2MB/s]Downloading (…)on_pytorch_model.bin:  61%|██████    | 881M/1.45G [00:43<00:26, 21.4MB/s]Downloading (…)on_pytorch_model.bin:  62%|██████▏   | 891M/1.45G [00:43<00:26, 20.7MB/s]Downloading (…)on_pytorch_model.bin:  62%|██████▏   | 902M/1.45G [00:44<00:24, 21.8MB/s]Downloading (…)on_pytorch_model.bin:  63%|██████▎   | 912M/1.45G [00:44<00:25, 20.9MB/s]Downloading (…)on_pytorch_model.bin:  64%|██████▍   | 923M/1.45G [00:45<00:25, 20.3MB/s]Downloading (…)on_pytorch_model.bin:  65%|██████▍   | 933M/1.45G [00:45<00:23, 21.5MB/s]Downloading (…)on_pytorch_model.bin:  65%|██████▌   | 944M/1.45G [00:46<00:24, 20.8MB/s]Downloading (…)on_pytorch_model.bin:  66%|██████▌   | 954M/1.45G [00:46<00:24, 20.3MB/s]Downloading (…)on_pytorch_model.bin:  67%|██████▋   | 965M/1.45G [00:47<00:22, 21.4MB/s]Downloading (…)on_pytorch_model.bin:  67%|██████▋   | 975M/1.45G [00:47<00:22, 20.7MB/s]Downloading (…)on_pytorch_model.bin:  68%|██████▊   | 986M/1.45G [00:48<00:22, 20.1MB/s]Downloading (…)on_pytorch_model.bin:  69%|██████▉   | 996M/1.45G [00:48<00:21, 21.1MB/s]Downloading (…)on_pytorch_model.bin:  70%|██████▉   | 1.01G/1.45G [00:49<00:21, 20.5MB/s]Downloading (…)on_pytorch_model.bin:  70%|███████   | 1.02G/1.45G [00:49<00:21, 20.1MB/s]Downloading (…)on_pytorch_model.bin:  71%|███████   | 1.03G/1.45G [00:50<00:19, 21.3MB/s]Downloading (…)on_pytorch_model.bin:  72%|███████▏  | 1.04G/1.45G [00:50<00:19, 20.6MB/s]Downloading (…)on_pytorch_model.bin:  73%|███████▎  | 1.05G/1.45G [00:51<00:19, 20.2MB/s]Downloading (…)on_pytorch_model.bin:  73%|███████▎  | 1.06G/1.45G [00:51<00:18, 21.4MB/s]Downloading (…)on_pytorch_model.bin:  74%|███████▍  | 1.07G/1.45G [00:52<00:18, 20.7MB/s]Downloading (…)on_pytorch_model.bin:  75%|███████▍  | 1.08G/1.45G [00:52<00:16, 21.9MB/s]Downloading (…)on_pytorch_model.bin:  75%|███████▌  | 1.09G/1.45G [00:53<00:16, 21.0MB/s]Downloading (…)on_pytorch_model.bin:  76%|███████▌  | 1.10G/1.45G [00:53<00:16, 20.4MB/s]Downloading (…)on_pytorch_model.bin:  77%|███████▋  | 1.11G/1.45G [00:54<00:15, 21.6MB/s]Downloading (…)on_pytorch_model.bin:  78%|███████▊  | 1.12G/1.45G [00:54<00:15, 20.8MB/s]Downloading (…)on_pytorch_model.bin:  78%|███████▊  | 1.13G/1.45G [00:55<00:14, 21.9MB/s]Downloading (…)on_pytorch_model.bin:  79%|███████▉  | 1.14G/1.45G [00:55<00:14, 21.0MB/s]Downloading (…)on_pytorch_model.bin:  80%|███████▉  | 1.15G/1.45G [00:56<00:14, 20.5MB/s]Downloading (…)on_pytorch_model.bin:  81%|████████  | 1.16G/1.45G [00:56<00:12, 21.6MB/s]Downloading (…)on_pytorch_model.bin:  81%|████████▏ | 1.17G/1.45G [00:57<00:12, 20.8MB/s]Downloading (…)on_pytorch_model.bin:  82%|████████▏ | 1.18G/1.45G [00:57<00:11, 21.9MB/s]Downloading (…)on_pytorch_model.bin:  83%|████████▎ | 1.20G/1.45G [00:58<00:11, 20.9MB/s]Downloading (…)on_pytorch_model.bin:  83%|████████▎ | 1.21G/1.45G [00:58<00:11, 20.4MB/s]Downloading (…)on_pytorch_model.bin:  84%|████████▍ | 1.22G/1.45G [00:59<00:10, 21.5MB/s]Downloading (…)on_pytorch_model.bin:  85%|████████▍ | 1.23G/1.45G [00:59<00:10, 20.4MB/s]Downloading (…)on_pytorch_model.bin:  86%|████████▌ | 1.24G/1.45G [01:00<00:10, 20.4MB/s]Downloading (…)on_pytorch_model.bin:  86%|████████▋ | 1.25G/1.45G [01:00<00:09, 21.6MB/s]Downloading (…)on_pytorch_model.bin:  87%|████████▋ | 1.26G/1.45G [01:01<00:08, 20.8MB/s]Downloading (…)on_pytorch_model.bin:  88%|████████▊ | 1.27G/1.45G [01:01<00:08, 21.8MB/s]Downloading (…)on_pytorch_model.bin:  89%|████████▊ | 1.28G/1.45G [01:02<00:07, 21.0MB/s]Downloading (…)on_pytorch_model.bin:  89%|████████▉ | 1.29G/1.45G [01:02<00:07, 20.4MB/s]Downloading (…)on_pytorch_model.bin:  90%|████████▉ | 1.30G/1.45G [01:03<00:06, 21.6MB/s]Downloading (…)on_pytorch_model.bin:  91%|█████████ | 1.31G/1.45G [01:03<00:06, 20.8MB/s]Downloading (…)on_pytorch_model.bin:  91%|█████████▏| 1.32G/1.45G [01:04<00:05, 21.9MB/s]Downloading (…)on_pytorch_model.bin:  92%|█████████▏| 1.33G/1.45G [01:04<00:05, 21.0MB/s]Downloading (…)on_pytorch_model.bin:  93%|█████████▎| 1.34G/1.45G [01:05<00:05, 20.4MB/s]Downloading (…)on_pytorch_model.bin:  94%|█████████▎| 1.35G/1.45G [01:05<00:04, 20.0MB/s]Downloading (…)on_pytorch_model.bin:  94%|█████████▍| 1.36G/1.45G [01:06<00:03, 21.2MB/s]Downloading (…)on_pytorch_model.bin:  95%|█████████▌| 1.37G/1.45G [01:06<00:03, 20.5MB/s]Downloading (…)on_pytorch_model.bin:  96%|█████████▌| 1.38G/1.45G [01:07<00:02, 21.7MB/s]Downloading (…)on_pytorch_model.bin:  96%|█████████▋| 1.39G/1.45G [01:07<00:02, 20.8MB/s]Downloading (…)on_pytorch_model.bin:  97%|█████████▋| 1.41G/1.45G [01:08<00:01, 20.3MB/s]Downloading (…)on_pytorch_model.bin:  98%|█████████▊| 1.42G/1.45G [01:08<00:01, 21.5MB/s]Downloading (…)on_pytorch_model.bin:  99%|█████████▊| 1.43G/1.45G [01:09<00:00, 20.8MB/s]Downloading (…)on_pytorch_model.bin:  99%|█████████▉| 1.44G/1.45G [01:09<00:00, 20.3MB/s]Downloading (…)on_pytorch_model.bin: 100%|██████████| 1.45G/1.45G [01:10<00:00, 20.7MB/s]Downloading (…)on_pytorch_model.bin: 100%|██████████| 1.45G/1.45G [01:10<00:00, 20.5MB/s]
You have disabled the safety checker for <class 'diffusers.pipelines.stable_diffusion.pipeline_stable_diffusion_controlnet.StableDiffusionControlNetPipeline'> by passing `safety_checker=None`. Ensure that you abide to the conditions of the Stable Diffusion license and do not expose unfiltered results in services or applications open to the public. Both the diffusers team and Hugging Face strongly recommend to keep the safety filter enabled in all public facing circumstances, disabling it only for use-cases that involve analyzing network behavior or auditing its results. For more information, please have a look at https://github.com/huggingface/diffusers/pull/254 .
  0%|          | 0/50 [00:00<?, ?it/s]  2%|▏         | 1/50 [00:00<00:05,  8.95it/s]  4%|▍         | 2/50 [00:00<00:05,  8.96it/s]  6%|▌         | 3/50 [00:00<00:05,  8.98it/s]  8%|▊         | 4/50 [00:00<00:05,  9.00it/s] 10%|█         | 5/50 [00:00<00:05,  9.00it/s] 12%|█▏        | 6/50 [00:00<00:04,  9.01it/s] 14%|█▍        | 7/50 [00:00<00:04,  9.01it/s] 16%|█▌        | 8/50 [00:00<00:04,  9.01it/s] 18%|█▊        | 9/50 [00:01<00:04,  9.01it/s] 20%|██        | 10/50 [00:01<00:04,  9.00it/s] 22%|██▏       | 11/50 [00:01<00:04,  9.00it/s] 24%|██▍       | 12/50 [00:01<00:04,  8.98it/s] 26%|██▌       | 13/50 [00:01<00:04,  8.97it/s] 28%|██▊       | 14/50 [00:01<00:04,  8.97it/s] 30%|███       | 15/50 [00:01<00:03,  8.98it/s] 32%|███▏      | 16/50 [00:01<00:03,  8.98it/s] 34%|███▍      | 17/50 [00:01<00:03,  8.99it/s] 36%|███▌      | 18/50 [00:02<00:03,  9.00it/s] 38%|███▊      | 19/50 [00:02<00:03,  8.99it/s] 40%|████      | 20/50 [00:02<00:03,  8.99it/s] 42%|████▏     | 21/50 [00:02<00:03,  8.98it/s] 44%|████▍     | 22/50 [00:02<00:03,  8.98it/s] 46%|████▌     | 23/50 [00:02<00:03,  8.97it/s] 48%|████▊     | 24/50 [00:02<00:02,  8.97it/s] 50%|█████     | 25/50 [00:02<00:02,  8.98it/s] 52%|█████▏    | 26/50 [00:02<00:02,  8.98it/s] 54%|█████▍    | 27/50 [00:03<00:02,  8.97it/s] 56%|█████▌    | 28/50 [00:03<00:02,  8.98it/s] 58%|█████▊    | 29/50 [00:03<00:02,  8.98it/s] 60%|██████    | 30/50 [00:03<00:02,  8.98it/s] 62%|██████▏   | 31/50 [00:03<00:02,  8.97it/s] 64%|██████▍   | 32/50 [00:03<00:02,  8.98it/s] 66%|██████▌   | 33/50 [00:03<00:01,  8.97it/s] 68%|██████▊   | 34/50 [00:03<00:01,  8.96it/s] 70%|███████   | 35/50 [00:03<00:01,  8.96it/s] 72%|███████▏  | 36/50 [00:04<00:01,  8.97it/s] 74%|███████▍  | 37/50 [00:04<00:01,  8.97it/s] 76%|███████▌  | 38/50 [00:04<00:01,  8.98it/s] 78%|███████▊  | 39/50 [00:04<00:01,  8.98it/s] 80%|████████  | 40/50 [00:04<00:01,  8.97it/s] 82%|████████▏ | 41/50 [00:04<00:01,  8.96it/s] 84%|████████▍ | 42/50 [00:04<00:00,  8.96it/s] 86%|████████▌ | 43/50 [00:04<00:00,  8.95it/s] 88%|████████▊ | 44/50 [00:04<00:00,  8.96it/s] 90%|█████████ | 45/50 [00:05<00:00,  8.95it/s] 92%|█████████▏| 46/50 [00:05<00:00,  8.95it/s] 94%|█████████▍| 47/50 [00:05<00:00,  8.96it/s] 96%|█████████▌| 48/50 [00:05<00:00,  8.97it/s] 98%|█████████▊| 49/50 [00:05<00:00,  8.97it/s]100%|██████████| 50/50 [00:05<00:00,  8.97it/s]100%|██████████| 50/50 [00:05<00:00,  8.98it/s]
